2025-12-24T18:00:39.907-0800 door_id=D30-CONF-B floor=30 room="Conference Room B" state=closed method=auto
2025-12-24T18:01:29.468-0800 door_id=DB1-VAULT-01 floor=B1 room="Vault Anteroom" state=open method=auto
2025-12-24T18:03:13.683-0800 door_id=D15-TRADE-01 floor=15 room="Trading Floor" state=open method=auto
2025-12-24T18:03:33.301-0800 door_id=D1-PARK-01 floor=1 room="Parking Garage Entry" state=open method=badge
2025-12-24T18:08:28.184-0800 door_id=D20-FIN-01 floor=20 room="Finance Suite" state=locked method=auto
2025-12-24T18:09:02.019-0800 door_id=D1-MAIN-01 floor=1 room="Main Entrance" state=closed method=badge
2025-12-24T18:10:06.057-0800 door_id=DROOF-MECH-01 floor=roof room="Mechanical Room" state=closed method=auto
2025-12-24T18:11:22.676-0800 door_id=D1-MAIN-01 floor=1 room="Main Entrance" state=closed method=badge
2025-12-24T18:12:27.436-0800 door_id=D1-MAIN-01 floor=1 room="Main Entrance" state=open method=badge
2025-12-24T18:13:15.406-0800 door_id=D1-MAIN-01 floor=1 room="Main Entrance" state=locked method=manual
2025-12-24T18:15:20.007-0800 door_id=DB1-VAULT-01 floor=B1 room="Vault Anteroom" state=open method=badge
2025-12-24T18:24:10.245-0800 door_id=D25-LAB-01 floor=25 room="R&D Lab" state=open method=auto
2025-12-24T18:24:50.945-0800 door_id=D35-CEO-01 floor=35 room="CEO Office" state=closed method=badge
2025-12-24T18:26:01.573-0800 door_id=DROOF-MECH-01 floor=roof room="Mechanical Room" state=open method=auto
2025-12-24T18:28:21.064-0800 door_id=D30-CONF-A floor=30 room="Conference Room A" state=open method=badge
2025-12-24T18:31:04.078-0800 door_id=D15-TRADE-01 floor=15 room="Trading Floor" state=unlocked method=badge
2025-12-24T18:38:25.899-0800 door_id=D1-MAIN-01 floor=1 room="Main Entrance" state=open method=auto
2025-12-24T18:39:34.763-0800 door_id=DB1-VAULT-01 floor=B1 room="Vault Anteroom" state=open method=remote
2025-12-24T18:40:37.580-0800 door_id=DROOF-MECH-01 floor=roof room="Mechanical Room" state=open method=manual
2025-12-24T18:41:06.767-0800 door_id=D1-PARK-01 floor=1 room="Parking Garage Entry" state=locked method=badge
2025-12-24T18:42:18.948-0800 door_id=D30-HALL-01 floor=30 room="Main Hall" state=unlocked method=badge
2025-12-24T18:42:34.705-0800 door_id=D35-CEO-01 floor=35 room="CEO Office" state=locked method=badge
2025-12-24T18:43:22.642-0800 door_id=D30-CONF-A floor=30 room="Conference Room A" state=open method=badge
2025-12-24T18:43:38.595-0800 door_id=D1-SEC-01 floor=1 room="Security Office" state=closed method=badge
2025-12-24T18:44:37.245-0800 door_id=D25-LAB-01 floor=25 room="R&D Lab" state=unlocked method=badge
2025-12-24T18:44:48.299-0800 door_id=D1-SEC-01 floor=1 room="Security Office" state=open method=badge
2025-12-24T18:46:27.359-0800 door_id=D35-CEO-01 floor=35 room="CEO Office" state=closed method=badge
2025-12-24T18:46:48.150-0800 door_id=DB1-VAULT-01 floor=B1 room="Vault Anteroom" state=closed method=remote
2025-12-24T18:51:11.493-0800 door_id=D15-TRADE-01 floor=15 room="Trading Floor" state=open method=badge
2025-12-24T18:53:28.940-0800 door_id=D30-CONF-B floor=30 room="Conference Room B" state=open method=badge
2025-12-24T18:53:47.321-0800 door_id=D35-CEO-01 floor=35 room="CEO Office" state=closed method=remote
2025-12-24T18:56:26.700-0800 door_id=D20-FIN-01 floor=20 room="Finance Suite" state=unlocked method=badge
2025-12-24T18:57:54.210-0800 door_id=D25-LAB-01 floor=25 room="R&D Lab" state=open method=badge
2025-12-24T18:58:10.559-0800 door_id=D1-PARK-01 floor=1 room="Parking Garage Entry" state=closed method=badge
2025-12-24T18:58:12.771-0800 door_id=DB1-VAULT-01 floor=B1 room="Vault Anteroom" state=closed method=manual
2025-12-24T18:59:27.910-0800 door_id=D1-SEC-01 floor=1 room="Security Office" state=unlocked method=badge
2025-12-24T18:59:34.332-0800 door_id=D25-LAB-01 floor=25 room="R&D Lab" state=closed method=badge
2025-12-24T19:03:16.848-0800 door_id=D1-PARK-01 floor=1 room="Parking Garage Entry" state=closed method=remote
2025-12-24T19:03:21.281-0800 door_id=D30-CONF-B floor=30 room="Conference Room B" state=locked method=badge
2025-12-24T19:03:57.407-0800 door_id=DB1-VAULT-01 floor=B1 room="Vault Anteroom" state=open method=badge
2025-12-24T19:04:32.276-0800 door_id=D1-SEC-01 floor=1 room="Security Office" state=locked method=remote
2025-12-24T19:08:35.327-0800 door_id=D25-LAB-01 floor=25 room="R&D Lab" state=unlocked method=badge
2025-12-24T19:08:46.017-0800 door_id=D35-CEO-01 floor=35 room="CEO Office" state=closed method=badge
2025-12-24T19:10:20.062-0800 door_id=D1-SEC-01 floor=1 room="Security Office" state=open method=remote
2025-12-24T19:16:57.628-0800 door_id=D1-MAIN-01 floor=1 room="Main Entrance" state=closed method=badge
2025-12-24T19:21:58.488-0800 door_id=D1-PARK-01 floor=1 room="Parking Garage Entry" state=open method=remote
2025-12-24T19:24:37.491-0800 door_id=D20-FIN-01 floor=20 room="Finance Suite" state=open method=badge
2025-12-24T19:29:41.900-0800 door_id=D1-PARK-01 floor=1 room="Parking Garage Entry" state=closed method=remote
2025-12-24T19:31:41.847-0800 door_id=D25-LAB-01 floor=25 room="R&D Lab" state=open method=manual
2025-12-24T19:31:50.585-0800 door_id=D30-HALL-01 floor=30 room="Main Hall" state=locked method=remote
2025-12-24T19:38:35.158-0800 door_id=D30-CONF-A floor=30 room="Conference Room A" state=closed method=remote
2025-12-24T19:42:22.989-0800 door_id=DROOF-MECH-01 floor=roof room="Mechanical Room" state=open method=badge
2025-12-24T19:44:10.675-0800 door_id=DROOF-MECH-01 floor=roof room="Mechanical Room" state=unlocked method=badge
2025-12-24T19:44:16.657-0800 door_id=D35-CEO-01 floor=35 room="CEO Office" state=locked method=badge
2025-12-24T19:47:46.508-0800 door_id=D1-MAIN-01 floor=1 room="Main Entrance" state=closed method=badge
2025-12-24T19:48:28.909-0800 door_id=D35-CEO-01 floor=35 room="CEO Office" state=open method=badge
2025-12-24T19:49:15.127-0800 door_id=D1-SEC-01 floor=1 room="Security Office" state=open method=manual
2025-12-24T19:49:18.974-0800 door_id=D25-LAB-01 floor=25 room="R&D Lab" state=unlocked method=remote
2025-12-24T19:55:38.057-0800 door_id=D20-FIN-01 floor=20 room="Finance Suite" state=closed method=auto
2025-12-24T19:57:33.340-0800 door_id=D20-FIN-01 floor=20 room="Finance Suite" state=closed method=auto
2025-12-24T19:58:33.058-0800 door_id=D35-CEO-01 floor=35 room="CEO Office" state=open method=badge
2025-12-24T19:59:51.995-0800 door_id=DROOF-MECH-01 floor=roof room="Mechanical Room" state=closed method=manual
2025-12-24T20:01:04.606-0800 door_id=D25-LAB-01 floor=25 room="R&D Lab" state=open method=badge
2025-12-24T20:01:42.772-0800 door_id=D30-CONF-B floor=30 room="Conference Room B" state=unlocked method=badge
2025-12-24T20:03:36.513-0800 door_id=D30-HALL-01 floor=30 room="Main Hall" state=closed method=auto
2025-12-24T20:06:38.176-0800 door_id=D30-CONF-A floor=30 room="Conference Room A" state=open method=badge
2025-12-24T20:08:13.211-0800 door_id=D30-CONF-B floor=30 room="Conference Room B" state=open method=badge
2025-12-24T20:08:53.772-0800 door_id=D30-CONF-B floor=30 room="Conference Room B" state=locked method=manual
2025-12-24T20:09:01.002-0800 door_id=D20-FIN-01 floor=20 room="Finance Suite" state=locked method=badge
2025-12-24T20:11:46.205-0800 door_id=D30-HALL-01 floor=30 room="Main Hall" state=locked method=manual
2025-12-24T20:16:06.931-0800 door_id=D30-CONF-A floor=30 room="Conference Room A" state=locked method=auto
2025-12-24T20:17:21.665-0800 door_id=D30-CONF-A floor=30 room="Conference Room A" state=locked method=badge
2025-12-24T20:19:10.369-0800 door_id=D30-HALL-01 floor=30 room="Main Hall" state=closed method=auto
2025-12-24T20:19:47.453-0800 door_id=D1-MAIN-01 floor=1 room="Main Entrance" state=open method=badge
2025-12-24T20:27:22.918-0800 door_id=D30-CONF-A floor=30 room="Conference Room A" state=locked method=manual
2025-12-24T20:28:37.414-0800 door_id=D30-HALL-01 floor=30 room="Main Hall" state=open method=auto
2025-12-24T20:30:06.604-0800 door_id=D20-FIN-01 floor=20 room="Finance Suite" state=closed method=auto
2025-12-24T20:30:59.775-0800 door_id=D30-HALL-01 floor=30 room="Main Hall" state=open method=badge
2025-12-24T20:32:14.096-0800 door_id=D30-CONF-A floor=30 room="Conference Room A" state=open method=auto
2025-12-24T20:33:49.702-0800 door_id=D30-HALL-01 floor=30 room="Main Hall" state=closed method=badge
2025-12-24T20:37:58.955-0800 door_id=D20-FIN-01 floor=20 room="Finance Suite" state=closed method=badge
2025-12-24T20:38:34.825-0800 door_id=D30-CONF-B floor=30 room="Conference Room B" state=open method=auto
2025-12-24T20:38:57.743-0800 door_id=D25-LAB-01 floor=25 room="R&D Lab" state=closed method=auto
2025-12-24T20:39:11.998-0800 door_id=D25-LAB-01 floor=25 room="R&D Lab" state=open method=badge
2025-12-24T20:40:27.138-0800 door_id=D30-HALL-01 floor=30 room="Main Hall" state=unlocked method=badge
2025-12-24T20:42:33.624-0800 door_id=D30-HALL-01 floor=30 room="Main Hall" state=closed method=manual
2025-12-24T20:46:51.547-0800 door_id=D25-LAB-01 floor=25 room="R&D Lab" state=locked method=auto
2025-12-24T20:47:38.460-0800 door_id=D1-PARK-01 floor=1 room="Parking Garage Entry" state=locked method=auto
2025-12-24T20:48:43.656-0800 door_id=D15-TRADE-01 floor=15 room="Trading Floor" state=open method=manual
2025-12-24T20:54:06.021-0800 door_id=D30-CONF-B floor=30 room="Conference Room B" state=unlocked method=badge
2025-12-24T20:54:07.084-0800 door_id=D1-MAIN-01 floor=1 room="Main Entrance" state=open method=auto
2025-12-24T20:56:27.697-0800 door_id=DROOF-MECH-01 floor=roof room="Mechanical Room" state=open method=manual
2025-12-24T21:00:23.498-0800 door_id=D30-HALL-01 floor=30 room="Main Hall" state=unlocked method=remote
2025-12-24T21:00:42.817-0800 door_id=D30-CONF-A floor=30 room="Conference Room A" state=open method=auto
2025-12-24T21:03:08.307-0800 door_id=D30-HALL-01 floor=30 room="Main Hall" state=closed method=remote
2025-12-24T21:03:35.699-0800 door_id=D1-PARK-01 floor=1 room="Parking Garage Entry" state=closed method=auto
2025-12-24T21:05:49.543-0800 door_id=DROOF-MECH-01 floor=roof room="Mechanical Room" state=open method=manual
2025-12-24T21:09:44.123-0800 door_id=D25-LAB-01 floor=25 room="R&D Lab" state=closed method=auto
2025-12-24T21:11:56.418-0800 door_id=D20-FIN-01 floor=20 room="Finance Suite" state=locked method=manual
2025-12-24T21:15:55.539-0800 door_id=D30-CONF-B floor=30 room="Conference Room B" state=closed method=badge
2025-12-24T21:18:11.007-0800 door_id=DB1-VAULT-01 floor=B1 room="Vault Anteroom" state=closed method=badge
2025-12-24T21:19:03.841-0800 door_id=D30-HALL-01 floor=30 room="Main Hall" state=closed method=badge
2025-12-24T21:20:35.636-0800 door_id=D15-TRADE-01 floor=15 room="Trading Floor" state=open method=remote
2025-12-24T21:21:45.852-0800 door_id=DB1-VAULT-01 floor=B1 room="Vault Anteroom" state=open method=badge
2025-12-24T21:21:46.960-0800 door_id=D30-CONF-B floor=30 room="Conference Room B" state=closed method=badge
2025-12-24T21:24:21.454-0800 door_id=D25-LAB-01 floor=25 room="R&D Lab" state=closed method=badge
2025-12-24T21:25:11.293-0800 door_id=D1-MAIN-01 floor=1 room="Main Entrance" state=open method=remote
2025-12-24T21:26:03.062-0800 door_id=D15-TRADE-01 floor=15 room="Trading Floor" state=unlocked method=badge
2025-12-24T21:26:07.486-0800 door_id=D1-MAIN-01 floor=1 room="Main Entrance" state=unlocked method=badge
2025-12-24T21:27:22.660-0800 door_id=D15-TRADE-01 floor=15 room="Trading Floor" state=open method=auto
2025-12-24T21:28:22.509-0800 door_id=DB1-VAULT-01 floor=B1 room="Vault Anteroom" state=locked method=badge
2025-12-24T21:28:58.704-0800 door_id=D30-HALL-01 floor=30 room="Main Hall" state=locked method=badge
2025-12-24T21:31:01.909-0800 door_id=D30-HALL-01 floor=30 room="Main Hall" state=closed method=badge
2025-12-24T21:35:47.992-0800 door_id=D1-MAIN-01 floor=1 room="Main Entrance" state=unlocked method=badge
2025-12-24T21:37:10.804-0800 door_id=DROOF-MECH-01 floor=roof room="Mechanical Room" state=closed method=auto
2025-12-24T21:39:18.921-0800 door_id=D1-MAIN-01 floor=1 room="Main Entrance" state=closed method=manual
2025-12-24T21:39:46.441-0800 door_id=D1-PARK-01 floor=1 room="Parking Garage Entry" state=unlocked method=badge
2025-12-24T21:40:04.655-0800 door_id=DB1-VAULT-01 floor=B1 room="Vault Anteroom" state=closed method=badge
2025-12-24T21:41:20.144-0800 door_id=D1-PARK-01 floor=1 room="Parking Garage Entry" state=closed method=badge
2025-12-24T21:41:39.684-0800 door_id=D30-CONF-B floor=30 room="Conference Room B" state=locked method=manual
2025-12-24T21:43:03.083-0800 door_id=D20-FIN-01 floor=20 room="Finance Suite" state=unlocked method=auto
2025-12-24T21:46:27.458-0800 door_id=D30-HALL-01 floor=30 room="Main Hall" state=open method=badge
2025-12-24T21:48:23.674-0800 door_id=DB1-VAULT-01 floor=B1 room="Vault Anteroom" state=closed method=badge
2025-12-24T21:49:42.775-0800 door_id=D1-MAIN-01 floor=1 room="Main Entrance" state=locked method=manual
2025-12-24T21:52:50.671-0800 door_id=D1-MAIN-01 floor=1 room="Main Entrance" state=unlocked method=auto
2025-12-24T21:54:44.538-0800 door_id=D20-FIN-01 floor=20 room="Finance Suite" state=locked method=manual
2025-12-24T21:57:23.058-0800 door_id=D20-FIN-01 floor=20 room="Finance Suite" state=unlocked method=auto
2025-12-24T21:58:22.986-0800 door_id=D1-MAIN-01 floor=1 room="Main Entrance" state=closed method=auto
2025-12-24T22:03:14.109-0800 door_id=D15-TRADE-01 floor=15 room="Trading Floor" state=closed method=badge
2025-12-24T22:03:23.919-0800 door_id=D1-SEC-01 floor=1 room="Security Office" state=closed method=badge
2025-12-24T22:04:18.958-0800 door_id=D30-CONF-B floor=30 room="Conference Room B" state=unlocked method=badge
2025-12-24T22:06:08.092-0800 door_id=D1-PARK-01 floor=1 room="Parking Garage Entry" state=unlocked method=badge
2025-12-24T22:07:30.282-0800 door_id=D30-CONF-A floor=30 room="Conference Room A" state=locked method=manual
2025-12-24T22:13:24.799-0800 door_id=D1-MAIN-01 floor=1 room="Main Entrance" state=open method=badge
2025-12-24T22:16:19.873-0800 door_id=D30-CONF-B floor=30 room="Conference Room B" state=locked method=badge
2025-12-24T22:18:26.889-0800 door_id=D1-PARK-01 floor=1 room="Parking Garage Entry" state=locked method=badge
2025-12-24T22:18:54.968-0800 door_id=D1-MAIN-01 floor=1 room="Main Entrance" state=unlocked method=manual
2025-12-24T22:18:56.049-0800 door_id=D20-FIN-01 floor=20 room="Finance Suite" state=closed method=badge
2025-12-24T22:21:21.215-0800 door_id=D1-PARK-01 floor=1 room="Parking Garage Entry" state=unlocked method=badge
2025-12-24T22:21:54.072-0800 door_id=D30-CONF-B floor=30 room="Conference Room B" state=closed method=remote
2025-12-24T22:23:56.196-0800 door_id=DB1-VAULT-01 floor=B1 room="Vault Anteroom" state=closed method=badge
2025-12-24T22:23:57.504-0800 door_id=DB1-VAULT-01 floor=B1 room="Vault Anteroom" state=open method=remote
2025-12-24T22:24:43.016-0800 door_id=D30-CONF-B floor=30 room="Conference Room B" state=open method=manual
2025-12-24T22:28:46.285-0800 door_id=D15-TRADE-01 floor=15 room="Trading Floor" state=locked method=remote
2025-12-24T22:31:28.731-0800 door_id=D1-MAIN-01 floor=1 room="Main Entrance" state=open method=remote
2025-12-24T22:33:07.974-0800 door_id=DROOF-MECH-01 floor=roof room="Mechanical Room" state=open method=forced
2025-12-24T22:34:02.530-0800 door_id=D15-TRADE-01 floor=15 room="Trading Floor" state=locked method=manual
2025-12-24T22:34:24.582-0800 door_id=D30-CONF-A floor=30 room="Conference Room A" state=closed method=badge
2025-12-24T22:34:51.784-0800 door_id=D30-CONF-B floor=30 room="Conference Room B" state=open method=auto
2025-12-24T22:35:20.137-0800 door_id=D15-TRADE-01 floor=15 room="Trading Floor" state=open method=forced
2025-12-24T22:36:41.546-0800 door_id=D30-CONF-B floor=30 room="Conference Room B" state=closed method=badge
2025-12-24T22:37:40.270-0800 door_id=DB1-VAULT-01 floor=B1 room="Vault Anteroom" state=open method=remote
2025-12-24T22:39:47.765-0800 door_id=D30-CONF-A floor=30 room="Conference Room A" state=locked method=badge
2025-12-24T22:43:54.813-0800 door_id=D15-TRADE-01 floor=15 room="Trading Floor" state=locked method=badge
2025-12-24T22:44:02.113-0800 door_id=D15-TRADE-01 floor=15 room="Trading Floor" state=open method=forced
2025-12-24T22:45:42.550-0800 door_id=D1-PARK-01 floor=1 room="Parking Garage Entry" state=open method=auto
2025-12-24T22:46:46.149-0800 door_id=D25-LAB-01 floor=25 room="R&D Lab" state=unlocked method=remote
2025-12-24T22:47:52.702-0800 door_id=D30-CONF-B floor=30 room="Conference Room B" state=closed method=badge
2025-12-24T22:49:02.152-0800 door_id=DB1-VAULT-01 floor=B1 room="Vault Anteroom" state=open method=auto
2025-12-24T22:52:27.766-0800 door_id=D1-SEC-01 floor=1 room="Security Office" state=unlocked method=badge
2025-12-24T22:54:01.128-0800 door_id=D30-HALL-01 floor=30 room="Main Hall" state=unlocked method=badge
2025-12-24T22:55:56.595-0800 door_id=DB1-VAULT-01 floor=B1 room="Vault Anteroom" state=closed method=manual
2025-12-24T22:56:35.235-0800 door_id=D1-MAIN-01 floor=1 room="Main Entrance" state=open method=forced
2025-12-24T22:59:37.679-0800 door_id=D25-LAB-01 floor=25 room="R&D Lab" state=closed method=badge
2025-12-24T23:01:38.044-0800 door_id=D30-CONF-A floor=30 room="Conference Room A" state=unlocked method=badge
2025-12-24T23:02:48.343-0800 door_id=D35-CEO-01 floor=35 room="CEO Office" state=open method=forced
2025-12-24T23:03:16.409-0800 door_id=D35-CEO-01 floor=35 room="CEO Office" state=closed method=badge
2025-12-24T23:04:58.712-0800 door_id=D30-HALL-01 floor=30 room="Main Hall" state=open method=remote
2025-12-24T23:05:09.559-0800 door_id=DROOF-MECH-01 floor=roof room="Mechanical Room" state=open method=auto
2025-12-24T23:06:12.534-0800 door_id=D25-LAB-01 floor=25 room="R&D Lab" state=open method=forced
2025-12-24T23:06:50.259-0800 door_id=D30-CONF-B floor=30 room="Conference Room B" state=open method=manual
2025-12-24T23:11:59.420-0800 door_id=D30-HALL-01 floor=30 room="Main Hall" state=closed method=auto
2025-12-24T23:14:43.193-0800 door_id=D35-CEO-01 floor=35 room="CEO Office" state=locked method=remote
2025-12-24T23:15:35.811-0800 door_id=D35-CEO-01 floor=35 room="CEO Office" state=open method=remote
2025-12-24T23:19:37.712-0800 door_id=D35-CEO-01 floor=35 room="CEO Office" state=unlocked method=auto
2025-12-24T23:22:37.980-0800 door_id=D30-CONF-A floor=30 room="Conference Room A" state=unlocked method=badge
2025-12-24T23:25:39.475-0800 door_id=D20-FIN-01 floor=20 room="Finance Suite" state=open method=badge
2025-12-24T23:27:55.589-0800 door_id=D30-HALL-01 floor=30 room="Main Hall" state=open method=badge
2025-12-24T23:28:11.049-0800 door_id=D1-PARK-01 floor=1 room="Parking Garage Entry" state=open method=badge
2025-12-24T23:30:47.237-0800 door_id=D30-CONF-B floor=30 room="Conference Room B" state=open method=badge
2025-12-24T23:31:25.924-0800 door_id=D1-SEC-01 floor=1 room="Security Office" state=open method=manual
2025-12-24T23:31:31.560-0800 door_id=D20-FIN-01 floor=20 room="Finance Suite" state=unlocked method=auto
2025-12-24T23:33:13.765-0800 door_id=D30-CONF-A floor=30 room="Conference Room A" state=closed method=auto
2025-12-24T23:33:29.774-0800 door_id=DROOF-MECH-01 floor=roof room="Mechanical Room" state=locked method=auto
2025-12-24T23:34:10.561-0800 door_id=D1-PARK-01 floor=1 room="Parking Garage Entry" state=open method=forced
2025-12-24T23:35:05.300-0800 door_id=D20-FIN-01 floor=20 room="Finance Suite" state=closed method=auto
2025-12-24T23:36:15.229-0800 door_id=D25-LAB-01 floor=25 room="R&D Lab" state=open method=auto
2025-12-24T23:36:51.983-0800 door_id=D1-SEC-01 floor=1 room="Security Office" state=unlocked method=auto
2025-12-24T23:37:16.370-0800 door_id=D25-LAB-01 floor=25 room="R&D Lab" state=unlocked method=badge
2025-12-24T23:38:00.860-0800 door_id=D30-CONF-B floor=30 room="Conference Room B" state=open method=forced
2025-12-24T23:39:11.690-0800 door_id=D25-LAB-01 floor=25 room="R&D Lab" state=unlocked method=badge
2025-12-24T23:42:24.222-0800 door_id=D25-LAB-01 floor=25 room="R&D Lab" state=closed method=badge
2025-12-24T23:42:43.176-0800 door_id=D30-CONF-B floor=30 room="Conference Room B" state=open method=forced
2025-12-24T23:43:26.321-0800 door_id=D1-PARK-01 floor=1 room="Parking Garage Entry" state=locked method=badge
2025-12-24T23:51:17.355-0800 door_id=DROOF-MECH-01 floor=roof room="Mechanical Room" state=closed method=remote
2025-12-24T23:53:23.737-0800 door_id=D30-HALL-01 floor=30 room="Main Hall" state=open method=manual
2025-12-24T23:55:19.182-0800 door_id=D30-HALL-01 floor=30 room="Main Hall" state=open method=forced
2025-12-24T23:55:21.879-0800 door_id=D30-CONF-A floor=30 room="Conference Room A" state=open method=forced
2025-12-24T23:57:16.506-0800 door_id=D1-MAIN-01 floor=1 room="Main Entrance" state=unlocked method=badge
2025-12-24T23:58:28.594-0800 door_id=D1-MAIN-01 floor=1 room="Main Entrance" state=closed method=badge
