2025-12-24T14:30:00.000-0800 system=vault_protocol event=documentation action=system_note message="VAULT PROTOCOL 7: Secondary release — electromagnetic failsafe. Final lock disengages on power loss. Not accessible via terminal. See facilities manual ref VP-7."
2025-12-24T18:05:11.865-0800 system=vault_power event=status action=heartbeat message="Power supply stable"
2025-12-24T18:09:19.889-0800 system=vault_power event=status action=heartbeat message="Temperature within parameters"
2025-12-24T18:17:47.599-0800 system=vault_env event=status action=heartbeat message="Humidity check passed"
2025-12-24T18:41:40.149-0800 system=vault_monitor event=status action=heartbeat message="All systems nominal"
2025-12-24T18:49:34.439-0800 system=vault_env event=status action=heartbeat message="Power supply stable"
2025-12-24T19:11:10.180-0800 system=vault_env event=status action=heartbeat message="Door sensor check: sealed"
2025-12-24T19:32:19.374-0800 system=vault_monitor event=status action=heartbeat message="All systems nominal"
2025-12-24T20:05:01.631-0800 system=vault_power event=status action=heartbeat message="Door sensor check: sealed"
2025-12-24T20:24:52.133-0800 system=vault_monitor event=status action=heartbeat message="Humidity check passed"
2025-12-24T20:28:04.542-0800 system=vault_monitor event=status action=heartbeat message="Door sensor check: sealed"
2025-12-24T20:40:00.419-0800 system=vault_power event=status action=heartbeat message="Vibration sensor: no anomaly"
2025-12-24T20:46:44.469-0800 system=vault_power event=status action=heartbeat message="Humidity check passed"
2025-12-24T21:48:07.792-0800 system=vault_power event=status action=heartbeat message="All systems nominal"
2025-12-24T21:59:43.861-0800 system=vault_env event=status action=heartbeat message="Door sensor check: sealed"
2025-12-24T22:00:14.414-0800 system=vault_monitor event=status action=heartbeat message="Vibration sensor: no anomaly"
2025-12-24T22:02:10.724-0800 system=vault_env event=status action=heartbeat message="Humidity check passed"
2025-12-24T22:05:54.459-0800 system=vault_power event=status action=heartbeat message="Vibration sensor: no anomaly"
2025-12-24T22:30:00.860-0800 system=vault_env event=status action=heartbeat message="Vibration sensor: no anomaly"
2025-12-24T22:39:47.972-0800 system=vault_power event=status action=heartbeat message="Door sensor check: sealed"
2025-12-24T22:42:37.970-0800 system=vault_power event=status action=heartbeat message="Power supply stable"
2025-12-24T22:50:54.978-0800 system=vault_power event=status action=heartbeat message="Temperature within parameters"
2025-12-24T23:10:57.998-0800 system=vault_monitor event=status action=heartbeat message="Vibration sensor: no anomaly"
2025-12-24T23:15:00.000-0800 system=detonator_inventory event=inventory_check action=audit message="Detonator inventory — original=12 current=9 missing=3. Discrepancy detected. Last access: floor 25 ventilation shaft."
2025-12-24T23:18:06.046-0800 system=vault_power event=status action=heartbeat message="Power supply stable"
2025-12-24T23:20:39.789-0800 system=vault_monitor event=status action=heartbeat message="Vibration sensor: no anomaly"
2025-12-24T23:58:42.228-0800 system=vault_env event=status action=heartbeat message="Temperature within parameters"
