2025-12-24T18:00:01.000-0800 floor=28 circuit_id=CKT-28-MAIN load_kw=41.7 status=active breaker_state=closed
2025-12-24T18:10:06.000-0800 floor=35 circuit_id=CKT-35-MAIN load_kw=35.7 status=active breaker_state=closed
2025-12-24T18:20:22.000-0800 floor=1 circuit_id=CKT-1-MAIN load_kw=41.8 status=active breaker_state=closed
2025-12-24T18:30:03.000-0800 floor=3 circuit_id=CKT-3-MAIN load_kw=39.8 status=active breaker_state=closed
2025-12-24T18:40:20.000-0800 floor=2 circuit_id=CKT-2-MAIN load_kw=38.5 status=active breaker_state=closed
2025-12-24T18:50:00.000-0800 floor=25 circuit_id=CKT-25-MAIN load_kw=44.3 status=active breaker_state=closed
2025-12-24T19:00:27.000-0800 floor=1 circuit_id=CKT-1-MAIN load_kw=53.4 status=active breaker_state=closed
2025-12-24T19:10:12.000-0800 floor=2 circuit_id=CKT-2-MAIN load_kw=33.7 status=active breaker_state=closed
2025-12-24T19:20:07.000-0800 floor=10 circuit_id=CKT-10-MAIN load_kw=41.5 status=active breaker_state=closed
2025-12-24T19:30:22.000-0800 floor=3 circuit_id=CKT-3-MAIN load_kw=58.2 status=active breaker_state=closed
2025-12-24T19:40:03.000-0800 floor=20 circuit_id=CKT-20-MAIN load_kw=56.0 status=active breaker_state=closed
2025-12-24T19:50:06.000-0800 floor=1 circuit_id=CKT-1-MAIN load_kw=30.5 status=active breaker_state=closed
2025-12-24T20:00:29.000-0800 floor=35 circuit_id=CKT-35-MAIN load_kw=55.0 status=active breaker_state=closed
2025-12-24T20:10:03.000-0800 floor=1 circuit_id=CKT-1-MAIN load_kw=42.5 status=active breaker_state=closed
2025-12-24T20:20:28.000-0800 floor=10 circuit_id=CKT-10-MAIN load_kw=40.7 status=active breaker_state=closed
2025-12-24T20:30:09.000-0800 floor=28 circuit_id=CKT-28-MAIN load_kw=48.8 status=active breaker_state=closed
2025-12-24T20:40:17.000-0800 floor=5 circuit_id=CKT-5-MAIN load_kw=42.8 status=active breaker_state=closed
2025-12-24T20:50:20.000-0800 floor=35 circuit_id=CKT-35-MAIN load_kw=46.3 status=active breaker_state=closed
2025-12-24T21:00:22.000-0800 floor=roof circuit_id=CKT-roof-MAIN load_kw=46.0 status=active breaker_state=closed
2025-12-24T21:10:09.000-0800 floor=2 circuit_id=CKT-2-MAIN load_kw=44.7 status=active breaker_state=closed
2025-12-24T21:20:06.000-0800 floor=1 circuit_id=CKT-1-MAIN load_kw=41.5 status=active breaker_state=closed
2025-12-24T21:30:10.000-0800 floor=5 circuit_id=CKT-5-MAIN load_kw=38.8 status=active breaker_state=closed
2025-12-24T21:40:15.000-0800 floor=20 circuit_id=CKT-20-MAIN load_kw=60.1 status=active breaker_state=closed
2025-12-24T21:50:24.000-0800 floor=roof circuit_id=CKT-roof-MAIN load_kw=29.3 status=active breaker_state=closed
2025-12-24T22:00:28.000-0800 floor=35 circuit_id=CKT-35-MAIN load_kw=35.0 status=active breaker_state=closed
2025-12-24T22:10:28.000-0800 floor=10 circuit_id=CKT-10-MAIN load_kw=37.0 status=active breaker_state=closed
2025-12-24T22:20:28.000-0800 floor=3 circuit_id=CKT-3-MAIN load_kw=47.5 status=active breaker_state=closed
2025-12-24T22:30:14.000-0800 floor=1 circuit_id=CKT-1-MAIN load_kw=47.9 status=active breaker_state=closed
2025-12-24T22:40:08.000-0800 floor=5 circuit_id=CKT-5-MAIN load_kw=50.9 status=active breaker_state=closed
2025-12-24T22:50:29.000-0800 floor=2 circuit_id=CKT-2-MAIN load_kw=35.3 status=active breaker_state=closed
2025-12-24T23:00:18.000-0800 floor=5 circuit_id=CKT-5-MAIN load_kw=44.7 status=active breaker_state=closed
2025-12-24T23:10:11.000-0800 floor=roof circuit_id=CKT-roof-MAIN load_kw=50.8 status=active breaker_state=closed
2025-12-24T23:20:00.000-0800 floor=1 circuit_id=CKT-1-MAIN load_kw=0.0 status=offline breaker_state=open
2025-12-24T23:20:00.000-0800 floor=2 circuit_id=CKT-2-MAIN load_kw=25.3 status=active breaker_state=closed
2025-12-24T23:20:00.000-0800 floor=3 circuit_id=CKT-3-MAIN load_kw=0.0 status=offline breaker_state=open
2025-12-24T23:20:00.000-0800 floor=5 circuit_id=CKT-5-MAIN load_kw=0.0 status=offline breaker_state=open
2025-12-24T23:20:00.000-0800 floor=10 circuit_id=CKT-10-MAIN load_kw=0.0 status=offline breaker_state=open
2025-12-24T23:20:00.000-0800 floor=15 circuit_id=CKT-15-MAIN load_kw=0.0 status=offline breaker_state=open
2025-12-24T23:20:00.000-0800 floor=20 circuit_id=CKT-20-MAIN load_kw=0.0 status=offline breaker_state=open
2025-12-24T23:20:00.000-0800 floor=25 circuit_id=CKT-25-MAIN load_kw=0.0 status=offline breaker_state=open
2025-12-24T23:20:00.000-0800 floor=28 circuit_id=CKT-28-MAIN load_kw=0.0 status=offline breaker_state=open
2025-12-24T23:20:00.000-0800 floor=30 circuit_id=CKT-30-MAIN load_kw=0.0 status=offline breaker_state=open
2025-12-24T23:20:00.000-0800 floor=35 circuit_id=CKT-35-MAIN load_kw=0.0 status=offline breaker_state=open
2025-12-24T23:20:00.000-0800 floor=roof circuit_id=CKT-roof-MAIN load_kw=0.0 status=offline breaker_state=open
2025-12-24T23:20:21.000-0800 floor=28 circuit_id=CKT-28-MAIN load_kw=43.7 status=standby breaker_state=open
2025-12-24T23:30:25.000-0800 floor=30 circuit_id=CKT-30-MAIN load_kw=51.0 status=standby breaker_state=open
2025-12-24T23:40:05.000-0800 floor=10 circuit_id=CKT-10-MAIN load_kw=41.5 status=standby breaker_state=open
2025-12-24T23:50:26.000-0800 floor=1 circuit_id=CKT-1-MAIN load_kw=37.5 status=active breaker_state=closed
