2025-12-24T18:00:06.056-0800 camera_id=CAM-B1-01 floor=B1 zone=vault event_type=area_clear subject=unknown confidence=68
2025-12-24T18:02:04.306-0800 camera_id=CAM-30-02 floor=30 zone=event event_type=recording subject=unknown confidence=99
2025-12-24T18:02:22.891-0800 camera_id=CAM-20-01 floor=20 zone=office event_type=area_clear subject=none confidence=95
2025-12-24T18:03:07.667-0800 camera_id=CAM-B2-01 floor=B2 zone=parking event_type=area_clear subject=group confidence=60
2025-12-24T18:06:17.838-0800 camera_id=CAM-15-01 floor=15 zone=office event_type=area_clear subject=employee confidence=80
2025-12-24T18:07:05.912-0800 camera_id=CAM-B2-01 floor=B2 zone=parking event_type=recording subject=group confidence=61
2025-12-24T18:08:08.295-0800 camera_id=CAM-15-01 floor=15 zone=office event_type=recording subject=employee confidence=74
2025-12-24T18:14:07.174-0800 camera_id=CAM-15-01 floor=15 zone=office event_type=motion_detected subject=none confidence=88
2025-12-24T18:14:11.157-0800 camera_id=CAM-28-01 floor=28 zone=office event_type=recording subject=employee confidence=74
2025-12-24T18:15:29.282-0800 camera_id=CAM-10-01 floor=10 zone=office event_type=recording subject=none confidence=87
2025-12-24T18:16:05.721-0800 camera_id=CAM-10-01 floor=10 zone=office event_type=recording subject=none confidence=77
2025-12-24T18:17:01.942-0800 camera_id=CAM-30-02 floor=30 zone=event event_type=motion_detected subject=unknown confidence=69
2025-12-24T18:18:01.488-0800 camera_id=CAM-10-01 floor=10 zone=office event_type=recording subject=group confidence=92
2025-12-24T18:22:48.455-0800 camera_id=CAM-01-02 floor=1 zone=lobby event_type=area_clear subject=employee confidence=66
2025-12-24T18:23:08.280-0800 camera_id=CAM-30-02 floor=30 zone=event event_type=area_clear subject=employee confidence=97
2025-12-24T18:23:54.950-0800 camera_id=CAM-02-01 floor=2 zone=loading event_type=motion_detected subject=unknown confidence=97
2025-12-24T18:24:40.613-0800 camera_id=CAM-B1-01 floor=B1 zone=vault event_type=motion_detected subject=unknown confidence=79
2025-12-24T18:25:35.102-0800 camera_id=CAM-30-01 floor=30 zone=event event_type=recording subject=none confidence=85
2025-12-24T18:25:51.507-0800 camera_id=CAM-02-01 floor=2 zone=loading event_type=area_clear subject=none confidence=88
2025-12-24T18:27:28.538-0800 camera_id=CAM-15-01 floor=15 zone=office event_type=area_clear subject=employee confidence=78
2025-12-24T18:30:12.987-0800 camera_id=CAM-RF-01 floor=roof zone=mechanical event_type=area_clear subject=employee confidence=68
2025-12-24T18:31:37.692-0800 camera_id=CAM-01-01 floor=1 zone=lobby event_type=area_clear subject=group confidence=99
2025-12-24T18:33:01.640-0800 camera_id=CAM-10-01 floor=10 zone=office event_type=area_clear subject=unknown confidence=65
2025-12-24T18:33:59.523-0800 camera_id=CAM-20-01 floor=20 zone=office event_type=motion_detected subject=none confidence=94
2025-12-24T18:36:25.925-0800 camera_id=CAM-35-01 floor=35 zone=executive event_type=area_clear subject=none confidence=80
2025-12-24T18:40:41.072-0800 camera_id=CAM-25-01 floor=25 zone=lab event_type=area_clear subject=none confidence=75
2025-12-24T18:40:42.467-0800 camera_id=CAM-30-01 floor=30 zone=event event_type=recording subject=unknown confidence=99
2025-12-24T18:40:59.555-0800 camera_id=CAM-05-01 floor=5 zone=office event_type=area_clear subject=none confidence=97
2025-12-24T18:41:29.440-0800 camera_id=CAM-35-01 floor=35 zone=executive event_type=recording subject=unknown confidence=73
2025-12-24T18:43:15.585-0800 camera_id=CAM-01-02 floor=1 zone=lobby event_type=recording subject=employee confidence=83
2025-12-24T18:43:23.970-0800 camera_id=CAM-35-01 floor=35 zone=executive event_type=motion_detected subject=employee confidence=85
2025-12-24T18:44:58.956-0800 camera_id=CAM-RF-01 floor=roof zone=mechanical event_type=area_clear subject=employee confidence=71
2025-12-24T18:46:08.155-0800 camera_id=CAM-28-01 floor=28 zone=office event_type=recording subject=employee confidence=82
2025-12-24T18:47:11.664-0800 camera_id=CAM-30-02 floor=30 zone=event event_type=recording subject=group confidence=70
2025-12-24T18:47:58.402-0800 camera_id=CAM-B1-01 floor=B1 zone=vault event_type=motion_detected subject=unknown confidence=73
2025-12-24T18:48:19.236-0800 camera_id=CAM-15-01 floor=15 zone=office event_type=recording subject=employee confidence=80
2025-12-24T18:48:56.938-0800 camera_id=CAM-30-02 floor=30 zone=event event_type=area_clear subject=unknown confidence=82
2025-12-24T18:50:15.531-0800 camera_id=CAM-05-01 floor=5 zone=office event_type=area_clear subject=unknown confidence=91
2025-12-24T18:51:54.253-0800 camera_id=CAM-15-01 floor=15 zone=office event_type=recording subject=unknown confidence=94
2025-12-24T18:51:56.310-0800 camera_id=CAM-05-01 floor=5 zone=office event_type=area_clear subject=employee confidence=75
2025-12-24T18:51:57.965-0800 camera_id=CAM-B2-01 floor=B2 zone=parking event_type=recording subject=employee confidence=74
2025-12-24T18:57:10.599-0800 camera_id=CAM-05-01 floor=5 zone=office event_type=recording subject=unknown confidence=75
2025-12-24T18:57:46.955-0800 camera_id=CAM-01-01 floor=1 zone=lobby event_type=recording subject=employee confidence=65
2025-12-24T18:58:15.119-0800 camera_id=CAM-20-01 floor=20 zone=office event_type=recording subject=none confidence=96
2025-12-24T18:58:17.365-0800 camera_id=CAM-01-02 floor=1 zone=lobby event_type=area_clear subject=none confidence=83
2025-12-24T18:58:32.967-0800 camera_id=CAM-20-01 floor=20 zone=office event_type=motion_detected subject=unknown confidence=75
2025-12-24T19:00:41.744-0800 camera_id=CAM-B2-01 floor=B2 zone=parking event_type=motion_detected subject=none confidence=91
2025-12-24T19:01:11.433-0800 camera_id=CAM-35-01 floor=35 zone=executive event_type=area_clear subject=group confidence=90
2025-12-24T19:01:23.067-0800 camera_id=CAM-01-02 floor=1 zone=lobby event_type=recording subject=group confidence=66
2025-12-24T19:01:32.311-0800 camera_id=CAM-02-01 floor=2 zone=loading event_type=recording subject=unknown confidence=99
2025-12-24T19:02:40.106-0800 camera_id=CAM-01-02 floor=1 zone=lobby event_type=recording subject=none confidence=98
2025-12-24T19:02:53.613-0800 camera_id=CAM-30-02 floor=30 zone=event event_type=recording subject=group confidence=70
2025-12-24T19:02:57.763-0800 camera_id=CAM-30-02 floor=30 zone=event event_type=area_clear subject=group confidence=82
2025-12-24T19:03:56.830-0800 camera_id=CAM-30-01 floor=30 zone=event event_type=recording subject=group confidence=82
2025-12-24T19:05:03.018-0800 camera_id=CAM-20-01 floor=20 zone=office event_type=recording subject=unknown confidence=91
2025-12-24T19:06:11.255-0800 camera_id=CAM-15-01 floor=15 zone=office event_type=motion_detected subject=unknown confidence=95
2025-12-24T19:06:14.614-0800 camera_id=CAM-10-01 floor=10 zone=office event_type=motion_detected subject=employee confidence=75
2025-12-24T19:06:40.631-0800 camera_id=CAM-B2-01 floor=B2 zone=parking event_type=motion_detected subject=unknown confidence=94
2025-12-24T19:07:52.802-0800 camera_id=CAM-35-01 floor=35 zone=executive event_type=motion_detected subject=none confidence=73
2025-12-24T19:07:54.158-0800 camera_id=CAM-B2-01 floor=B2 zone=parking event_type=recording subject=unknown confidence=81
2025-12-24T19:09:07.961-0800 camera_id=CAM-25-01 floor=25 zone=lab event_type=recording subject=unknown confidence=74
2025-12-24T19:10:20.810-0800 camera_id=CAM-05-01 floor=5 zone=office event_type=motion_detected subject=employee confidence=64
2025-12-24T19:11:06.047-0800 camera_id=CAM-20-01 floor=20 zone=office event_type=motion_detected subject=unknown confidence=62
2025-12-24T19:11:07.485-0800 camera_id=CAM-15-01 floor=15 zone=office event_type=motion_detected subject=unknown confidence=84
2025-12-24T19:12:12.089-0800 camera_id=CAM-01-01 floor=1 zone=lobby event_type=recording subject=unknown confidence=96
2025-12-24T19:14:06.230-0800 camera_id=CAM-35-01 floor=35 zone=executive event_type=area_clear subject=group confidence=97
2025-12-24T19:14:53.880-0800 camera_id=CAM-30-01 floor=30 zone=event event_type=area_clear subject=none confidence=96
2025-12-24T19:15:33.185-0800 camera_id=CAM-01-01 floor=1 zone=lobby event_type=area_clear subject=unknown confidence=90
2025-12-24T19:18:39.023-0800 camera_id=CAM-30-01 floor=30 zone=event event_type=motion_detected subject=group confidence=84
2025-12-24T19:19:36.153-0800 camera_id=CAM-02-01 floor=2 zone=loading event_type=recording subject=employee confidence=84
2025-12-24T19:20:28.354-0800 camera_id=CAM-01-02 floor=1 zone=lobby event_type=motion_detected subject=group confidence=97
2025-12-24T19:20:32.045-0800 camera_id=CAM-01-01 floor=1 zone=lobby event_type=area_clear subject=employee confidence=73
2025-12-24T19:20:34.274-0800 camera_id=CAM-01-01 floor=1 zone=lobby event_type=recording subject=group confidence=63
2025-12-24T19:21:17.459-0800 camera_id=CAM-02-01 floor=2 zone=loading event_type=recording subject=employee confidence=68
2025-12-24T19:21:46.217-0800 camera_id=CAM-25-01 floor=25 zone=lab event_type=motion_detected subject=employee confidence=94
2025-12-24T19:22:15.194-0800 camera_id=CAM-28-01 floor=28 zone=office event_type=motion_detected subject=none confidence=67
2025-12-24T19:22:16.688-0800 camera_id=CAM-20-01 floor=20 zone=office event_type=motion_detected subject=employee confidence=95
2025-12-24T19:24:33.872-0800 camera_id=CAM-30-02 floor=30 zone=event event_type=recording subject=unknown confidence=69
2025-12-24T19:25:29.591-0800 camera_id=CAM-02-01 floor=2 zone=loading event_type=motion_detected subject=none confidence=74
2025-12-24T19:27:44.018-0800 camera_id=CAM-02-01 floor=2 zone=loading event_type=recording subject=none confidence=98
2025-12-24T19:28:26.588-0800 camera_id=CAM-20-01 floor=20 zone=office event_type=motion_detected subject=unknown confidence=60
2025-12-24T19:31:38.685-0800 camera_id=CAM-30-02 floor=30 zone=event event_type=area_clear subject=unknown confidence=60
2025-12-24T19:33:42.104-0800 camera_id=CAM-25-01 floor=25 zone=lab event_type=area_clear subject=group confidence=69
2025-12-24T19:34:01.850-0800 camera_id=CAM-25-01 floor=25 zone=lab event_type=motion_detected subject=none confidence=72
2025-12-24T19:34:36.118-0800 camera_id=CAM-28-01 floor=28 zone=office event_type=area_clear subject=group confidence=95
2025-12-24T19:36:01.584-0800 camera_id=CAM-30-01 floor=30 zone=event event_type=motion_detected subject=unknown confidence=65
2025-12-24T19:36:17.944-0800 camera_id=CAM-02-01 floor=2 zone=loading event_type=motion_detected subject=group confidence=89
2025-12-24T19:38:58.840-0800 camera_id=CAM-25-01 floor=25 zone=lab event_type=recording subject=none confidence=75
2025-12-24T19:39:18.562-0800 camera_id=CAM-RF-01 floor=roof zone=mechanical event_type=motion_detected subject=group confidence=96
2025-12-24T19:40:15.383-0800 camera_id=CAM-25-01 floor=25 zone=lab event_type=area_clear subject=unknown confidence=94
2025-12-24T19:42:01.382-0800 camera_id=CAM-01-02 floor=1 zone=lobby event_type=area_clear subject=employee confidence=75
2025-12-24T19:43:14.772-0800 camera_id=CAM-10-01 floor=10 zone=office event_type=recording subject=employee confidence=80
2025-12-24T19:45:08.988-0800 camera_id=CAM-20-01 floor=20 zone=office event_type=area_clear subject=group confidence=60
2025-12-24T19:48:05.410-0800 camera_id=CAM-05-01 floor=5 zone=office event_type=area_clear subject=employee confidence=68
2025-12-24T19:48:45.306-0800 camera_id=CAM-15-01 floor=15 zone=office event_type=area_clear subject=employee confidence=78
2025-12-24T19:48:50.895-0800 camera_id=CAM-05-01 floor=5 zone=office event_type=motion_detected subject=group confidence=72
2025-12-24T19:51:55.103-0800 camera_id=CAM-05-01 floor=5 zone=office event_type=motion_detected subject=employee confidence=80
2025-12-24T19:57:17.761-0800 camera_id=CAM-15-01 floor=15 zone=office event_type=motion_detected subject=none confidence=64
2025-12-24T19:57:24.508-0800 camera_id=CAM-B1-01 floor=B1 zone=vault event_type=motion_detected subject=none confidence=76
2025-12-24T19:57:36.715-0800 camera_id=CAM-15-01 floor=15 zone=office event_type=area_clear subject=group confidence=73
2025-12-24T19:57:40.720-0800 camera_id=CAM-20-01 floor=20 zone=office event_type=recording subject=none confidence=93
2025-12-24T19:58:38.961-0800 camera_id=CAM-30-02 floor=30 zone=event event_type=recording subject=group confidence=70
2025-12-24T19:59:15.780-0800 camera_id=CAM-01-01 floor=1 zone=lobby event_type=motion_detected subject=group confidence=65
2025-12-24T20:00:00.000-0800 camera_id=CAM-30-01 floor=30 zone=event event_type=guard_patrol subject=security_guard confidence=95
2025-12-24T20:00:17.502-0800 camera_id=CAM-02-01 floor=2 zone=loading event_type=motion_detected subject=group confidence=67
2025-12-24T20:00:34.962-0800 camera_id=CAM-01-02 floor=1 zone=lobby event_type=area_clear subject=group confidence=64
2025-12-24T20:05:48.889-0800 camera_id=CAM-30-02 floor=30 zone=event event_type=area_clear subject=unknown confidence=72
2025-12-24T20:06:49.065-0800 camera_id=CAM-B2-01 floor=B2 zone=parking event_type=area_clear subject=employee confidence=96
2025-12-24T20:08:00.000-0800 camera_id=CAM-30-01 floor=30 zone=event event_type=guard_patrol subject=security_guard confidence=95
2025-12-24T20:09:41.947-0800 camera_id=CAM-RF-01 floor=roof zone=mechanical event_type=area_clear subject=employee confidence=79
2025-12-24T20:10:19.616-0800 camera_id=CAM-B2-01 floor=B2 zone=parking event_type=area_clear subject=unknown confidence=70
2025-12-24T20:11:00.612-0800 camera_id=CAM-02-01 floor=2 zone=loading event_type=motion_detected subject=employee confidence=66
2025-12-24T20:11:36.020-0800 camera_id=CAM-B1-01 floor=B1 zone=vault event_type=recording subject=unknown confidence=62
2025-12-24T20:12:06.876-0800 camera_id=CAM-30-02 floor=30 zone=event event_type=motion_detected subject=none confidence=66
2025-12-24T20:14:15.454-0800 camera_id=CAM-B2-01 floor=B2 zone=parking event_type=recording subject=employee confidence=68
2025-12-24T20:15:17.551-0800 camera_id=CAM-01-01 floor=1 zone=lobby event_type=motion_detected subject=none confidence=84
2025-12-24T20:16:00.000-0800 camera_id=CAM-30-01 floor=30 zone=event event_type=guard_patrol subject=security_guard confidence=95
2025-12-24T20:16:23.671-0800 camera_id=CAM-B1-01 floor=B1 zone=vault event_type=area_clear subject=none confidence=88
2025-12-24T20:17:02.826-0800 camera_id=CAM-B2-01 floor=B2 zone=parking event_type=area_clear subject=unknown confidence=83
2025-12-24T20:17:41.399-0800 camera_id=CAM-20-01 floor=20 zone=office event_type=area_clear subject=none confidence=92
2025-12-24T20:18:36.606-0800 camera_id=CAM-10-01 floor=10 zone=office event_type=motion_detected subject=group confidence=94
2025-12-24T20:19:53.953-0800 camera_id=CAM-28-01 floor=28 zone=office event_type=area_clear subject=employee confidence=73
2025-12-24T20:21:08.414-0800 camera_id=CAM-20-01 floor=20 zone=office event_type=motion_detected subject=none confidence=91
2025-12-24T20:21:40.609-0800 camera_id=CAM-30-01 floor=30 zone=event event_type=recording subject=group confidence=83
2025-12-24T20:21:45.538-0800 camera_id=CAM-10-01 floor=10 zone=office event_type=area_clear subject=unknown confidence=98
2025-12-24T20:24:00.000-0800 camera_id=CAM-30-01 floor=30 zone=event event_type=guard_patrol subject=security_guard confidence=95
2025-12-24T20:24:49.873-0800 camera_id=CAM-30-01 floor=30 zone=event event_type=recording subject=group confidence=60
2025-12-24T20:25:48.530-0800 camera_id=CAM-05-01 floor=5 zone=office event_type=motion_detected subject=employee confidence=99
2025-12-24T20:26:35.225-0800 camera_id=CAM-28-01 floor=28 zone=office event_type=motion_detected subject=none confidence=61
2025-12-24T20:29:59.581-0800 camera_id=CAM-35-01 floor=35 zone=executive event_type=recording subject=none confidence=92
2025-12-24T20:30:48.769-0800 camera_id=CAM-28-01 floor=28 zone=office event_type=area_clear subject=employee confidence=94
2025-12-24T20:31:29.512-0800 camera_id=CAM-B1-01 floor=B1 zone=vault event_type=area_clear subject=employee confidence=71
2025-12-24T20:31:33.486-0800 camera_id=CAM-10-01 floor=10 zone=office event_type=motion_detected subject=unknown confidence=60
2025-12-24T20:32:00.000-0800 camera_id=CAM-30-01 floor=30 zone=event event_type=guard_patrol subject=security_guard confidence=95
2025-12-24T20:32:44.448-0800 camera_id=CAM-25-01 floor=25 zone=lab event_type=area_clear subject=group confidence=81
2025-12-24T20:33:22.952-0800 camera_id=CAM-B1-01 floor=B1 zone=vault event_type=recording subject=employee confidence=72
2025-12-24T20:34:20.877-0800 camera_id=CAM-01-02 floor=1 zone=lobby event_type=area_clear subject=group confidence=78
2025-12-24T20:34:47.922-0800 camera_id=CAM-25-01 floor=25 zone=lab event_type=recording subject=group confidence=73
2025-12-24T20:34:54.247-0800 camera_id=CAM-05-01 floor=5 zone=office event_type=area_clear subject=employee confidence=63
2025-12-24T20:35:22.173-0800 camera_id=CAM-05-01 floor=5 zone=office event_type=area_clear subject=none confidence=90
2025-12-24T20:36:22.759-0800 camera_id=CAM-B1-01 floor=B1 zone=vault event_type=motion_detected subject=group confidence=67
2025-12-24T20:37:20.265-0800 camera_id=CAM-15-01 floor=15 zone=office event_type=recording subject=group confidence=84
2025-12-24T20:38:15.375-0800 camera_id=CAM-B1-01 floor=B1 zone=vault event_type=motion_detected subject=group confidence=86
2025-12-24T20:38:27.088-0800 camera_id=CAM-B1-01 floor=B1 zone=vault event_type=area_clear subject=unknown confidence=70
2025-12-24T20:39:38.410-0800 camera_id=CAM-02-01 floor=2 zone=loading event_type=area_clear subject=group confidence=85
2025-12-24T20:40:00.000-0800 camera_id=CAM-30-01 floor=30 zone=event event_type=guard_patrol subject=security_guard confidence=95
2025-12-24T20:40:45.895-0800 camera_id=CAM-15-01 floor=15 zone=office event_type=area_clear subject=group confidence=74
2025-12-24T20:41:44.350-0800 camera_id=CAM-05-01 floor=5 zone=office event_type=motion_detected subject=unknown confidence=87
2025-12-24T20:42:06.044-0800 camera_id=CAM-B2-01 floor=B2 zone=parking event_type=area_clear subject=unknown confidence=69
2025-12-24T20:45:20.495-0800 camera_id=CAM-01-01 floor=1 zone=lobby event_type=motion_detected subject=unknown confidence=84
2025-12-24T20:45:26.163-0800 camera_id=CAM-20-01 floor=20 zone=office event_type=recording subject=none confidence=74
2025-12-24T20:45:36.101-0800 camera_id=CAM-01-01 floor=1 zone=lobby event_type=motion_detected subject=none confidence=66
2025-12-24T20:47:11.570-0800 camera_id=CAM-25-01 floor=25 zone=lab event_type=motion_detected subject=none confidence=80
2025-12-24T20:48:00.000-0800 camera_id=CAM-30-01 floor=30 zone=event event_type=guard_patrol subject=security_guard confidence=95
2025-12-24T20:48:28.389-0800 camera_id=CAM-RF-01 floor=roof zone=mechanical event_type=motion_detected subject=none confidence=86
2025-12-24T20:48:36.692-0800 camera_id=CAM-25-01 floor=25 zone=lab event_type=motion_detected subject=group confidence=87
2025-12-24T20:49:39.821-0800 camera_id=CAM-28-01 floor=28 zone=office event_type=recording subject=employee confidence=65
2025-12-24T20:49:42.381-0800 camera_id=CAM-B2-01 floor=B2 zone=parking event_type=recording subject=group confidence=63
2025-12-24T20:53:45.168-0800 camera_id=CAM-RF-01 floor=roof zone=mechanical event_type=motion_detected subject=unknown confidence=89
2025-12-24T20:53:55.547-0800 camera_id=CAM-30-01 floor=30 zone=event event_type=motion_detected subject=employee confidence=61
2025-12-24T20:53:55.732-0800 camera_id=CAM-B2-01 floor=B2 zone=parking event_type=recording subject=unknown confidence=85
2025-12-24T20:54:12.346-0800 camera_id=CAM-B2-01 floor=B2 zone=parking event_type=motion_detected subject=employee confidence=63
2025-12-24T20:56:00.000-0800 camera_id=CAM-30-01 floor=30 zone=event event_type=guard_patrol subject=security_guard confidence=95
2025-12-24T20:57:07.683-0800 camera_id=CAM-35-01 floor=35 zone=executive event_type=area_clear subject=group confidence=79
2025-12-24T20:57:34.309-0800 camera_id=CAM-20-01 floor=20 zone=office event_type=motion_detected subject=none confidence=76
2025-12-24T20:58:02.149-0800 camera_id=CAM-20-01 floor=20 zone=office event_type=recording subject=unknown confidence=85
2025-12-24T20:59:53.447-0800 camera_id=CAM-15-01 floor=15 zone=office event_type=motion_detected subject=unknown confidence=64
2025-12-24T21:00:37.474-0800 camera_id=CAM-05-01 floor=5 zone=office event_type=recording subject=employee confidence=68
2025-12-24T21:01:20.838-0800 camera_id=CAM-01-01 floor=1 zone=lobby event_type=area_clear subject=employee confidence=77
2025-12-24T21:01:49.257-0800 camera_id=CAM-15-01 floor=15 zone=office event_type=area_clear subject=unknown confidence=97
2025-12-24T21:02:25.374-0800 camera_id=CAM-B2-01 floor=B2 zone=parking event_type=recording subject=unknown confidence=87
2025-12-24T21:03:46.833-0800 camera_id=CAM-35-01 floor=35 zone=executive event_type=recording subject=none confidence=85
2025-12-24T21:04:00.000-0800 camera_id=CAM-30-01 floor=30 zone=event event_type=guard_patrol subject=security_guard confidence=95
2025-12-24T21:08:05.176-0800 camera_id=CAM-B1-01 floor=B1 zone=vault event_type=recording subject=none confidence=80
2025-12-24T21:08:46.541-0800 camera_id=CAM-20-01 floor=20 zone=office event_type=area_clear subject=employee confidence=77
2025-12-24T21:09:37.724-0800 camera_id=CAM-30-01 floor=30 zone=event event_type=motion_detected subject=unknown confidence=89
2025-12-24T21:11:44.515-0800 camera_id=CAM-30-01 floor=30 zone=event event_type=motion_detected subject=employee confidence=90
2025-12-24T21:11:48.588-0800 camera_id=CAM-05-01 floor=5 zone=office event_type=motion_detected subject=unknown confidence=71
2025-12-24T21:12:23.049-0800 camera_id=CAM-01-01 floor=1 zone=lobby event_type=motion_detected subject=none confidence=98
2025-12-24T21:12:53.911-0800 camera_id=CAM-02-01 floor=2 zone=loading event_type=area_clear subject=group confidence=72
2025-12-24T21:14:27.299-0800 camera_id=CAM-30-02 floor=30 zone=event event_type=area_clear subject=unknown confidence=98
2025-12-24T21:16:00.000-0800 camera_id=CAM-30-01 floor=30 zone=event event_type=guard_patrol subject=security_guard confidence=95
2025-12-24T21:16:04.571-0800 camera_id=CAM-10-01 floor=10 zone=office event_type=area_clear subject=group confidence=74
2025-12-24T21:17:34.014-0800 camera_id=CAM-25-01 floor=25 zone=lab event_type=area_clear subject=employee confidence=86
2025-12-24T21:17:40.883-0800 camera_id=CAM-B1-01 floor=B1 zone=vault event_type=area_clear subject=group confidence=77
2025-12-24T21:17:48.534-0800 camera_id=CAM-05-01 floor=5 zone=office event_type=motion_detected subject=unknown confidence=85
2025-12-24T21:19:00.037-0800 camera_id=CAM-28-01 floor=28 zone=office event_type=area_clear subject=employee confidence=91
2025-12-24T21:19:07.965-0800 camera_id=CAM-01-01 floor=1 zone=lobby event_type=recording subject=unknown confidence=80
2025-12-24T21:19:10.787-0800 camera_id=CAM-28-01 floor=28 zone=office event_type=area_clear subject=none confidence=73
2025-12-24T21:19:35.735-0800 camera_id=CAM-B1-01 floor=B1 zone=vault event_type=recording subject=unknown confidence=63
2025-12-24T21:19:55.334-0800 camera_id=CAM-25-01 floor=25 zone=lab event_type=motion_detected subject=group confidence=69
2025-12-24T21:20:59.362-0800 camera_id=CAM-30-02 floor=30 zone=event event_type=recording subject=none confidence=75
2025-12-24T21:22:21.919-0800 camera_id=CAM-15-01 floor=15 zone=office event_type=motion_detected subject=unknown confidence=91
2025-12-24T21:23:19.272-0800 camera_id=CAM-02-01 floor=2 zone=loading event_type=area_clear subject=group confidence=76
2025-12-24T21:24:00.000-0800 camera_id=CAM-30-01 floor=30 zone=event event_type=guard_patrol subject=security_guard confidence=95
2025-12-24T21:24:48.815-0800 camera_id=CAM-02-01 floor=2 zone=loading event_type=motion_detected subject=group confidence=88
2025-12-24T21:28:31.974-0800 camera_id=CAM-01-01 floor=1 zone=lobby event_type=recording subject=group confidence=96
2025-12-24T21:28:48.787-0800 camera_id=CAM-01-01 floor=1 zone=lobby event_type=motion_detected subject=group confidence=71
2025-12-24T21:31:38.684-0800 camera_id=CAM-25-01 floor=25 zone=lab event_type=area_clear subject=unknown confidence=61
2025-12-24T21:31:51.197-0800 camera_id=CAM-05-01 floor=5 zone=office event_type=motion_detected subject=group confidence=75
2025-12-24T21:31:55.933-0800 camera_id=CAM-30-01 floor=30 zone=event event_type=motion_detected subject=group confidence=88
2025-12-24T21:32:00.000-0800 camera_id=CAM-30-01 floor=30 zone=event event_type=guard_patrol subject=security_guard confidence=95
2025-12-24T21:33:37.195-0800 camera_id=CAM-B1-01 floor=B1 zone=vault event_type=motion_detected subject=none confidence=87
2025-12-24T21:33:48.606-0800 camera_id=CAM-B2-01 floor=B2 zone=parking event_type=motion_detected subject=none confidence=83
2025-12-24T21:36:30.597-0800 camera_id=CAM-10-01 floor=10 zone=office event_type=area_clear subject=group confidence=89
2025-12-24T21:36:44.669-0800 camera_id=CAM-30-02 floor=30 zone=event event_type=recording subject=unknown confidence=90
2025-12-24T21:37:28.085-0800 camera_id=CAM-01-01 floor=1 zone=lobby event_type=recording subject=unknown confidence=85
2025-12-24T21:37:29.880-0800 camera_id=CAM-28-01 floor=28 zone=office event_type=area_clear subject=none confidence=66
2025-12-24T21:37:44.686-0800 camera_id=CAM-10-01 floor=10 zone=office event_type=recording subject=unknown confidence=62
2025-12-24T21:39:26.550-0800 camera_id=CAM-25-01 floor=25 zone=lab event_type=recording subject=none confidence=94
2025-12-24T21:40:00.000-0800 camera_id=CAM-30-01 floor=30 zone=event event_type=guard_patrol subject=security_guard confidence=95
2025-12-24T21:40:28.033-0800 camera_id=CAM-01-02 floor=1 zone=lobby event_type=recording subject=employee confidence=61
2025-12-24T21:41:04.114-0800 camera_id=CAM-B2-01 floor=B2 zone=parking event_type=motion_detected subject=none confidence=94
2025-12-24T21:41:44.238-0800 camera_id=CAM-RF-01 floor=roof zone=mechanical event_type=area_clear subject=group confidence=84
2025-12-24T21:41:49.612-0800 camera_id=CAM-30-01 floor=30 zone=event event_type=recording subject=group confidence=96
2025-12-24T21:43:34.618-0800 camera_id=CAM-B1-01 floor=B1 zone=vault event_type=area_clear subject=group confidence=77
2025-12-24T21:45:16.528-0800 camera_id=CAM-20-01 floor=20 zone=office event_type=motion_detected subject=none confidence=90
2025-12-24T21:45:24.293-0800 camera_id=CAM-B2-01 floor=B2 zone=parking event_type=area_clear subject=unknown confidence=62
2025-12-24T21:47:17.097-0800 camera_id=CAM-35-01 floor=35 zone=executive event_type=recording subject=employee confidence=64
2025-12-24T21:48:00.000-0800 camera_id=CAM-30-01 floor=30 zone=event event_type=guard_patrol subject=security_guard confidence=95
2025-12-24T21:48:46.131-0800 camera_id=CAM-30-01 floor=30 zone=event event_type=motion_detected subject=employee confidence=70
2025-12-24T21:48:48.044-0800 camera_id=CAM-RF-01 floor=roof zone=mechanical event_type=recording subject=employee confidence=91
2025-12-24T21:51:18.358-0800 camera_id=CAM-01-02 floor=1 zone=lobby event_type=recording subject=unknown confidence=97
2025-12-24T21:54:02.745-0800 camera_id=CAM-20-01 floor=20 zone=office event_type=area_clear subject=employee confidence=70
2025-12-24T21:54:36.249-0800 camera_id=CAM-B1-01 floor=B1 zone=vault event_type=area_clear subject=group confidence=94
2025-12-24T21:55:03.510-0800 camera_id=CAM-B2-01 floor=B2 zone=parking event_type=area_clear subject=none confidence=82
2025-12-24T21:55:49.129-0800 camera_id=CAM-B2-01 floor=B2 zone=parking event_type=recording subject=group confidence=95
2025-12-24T21:56:00.000-0800 camera_id=CAM-30-01 floor=30 zone=event event_type=guard_patrol subject=security_guard confidence=95
2025-12-24T21:57:18.553-0800 camera_id=CAM-25-01 floor=25 zone=lab event_type=recording subject=group confidence=62
2025-12-24T21:57:31.896-0800 camera_id=CAM-01-02 floor=1 zone=lobby event_type=motion_detected subject=employee confidence=75
2025-12-24T21:57:49.608-0800 camera_id=CAM-RF-01 floor=roof zone=mechanical event_type=area_clear subject=employee confidence=82
2025-12-24T21:57:51.472-0800 camera_id=CAM-01-01 floor=1 zone=lobby event_type=recording subject=group confidence=61
2025-12-24T21:59:56.266-0800 camera_id=CAM-05-01 floor=5 zone=office event_type=motion_detected subject=none confidence=75
2025-12-24T22:00:17.006-0800 camera_id=CAM-15-01 floor=15 zone=office event_type=area_clear subject=group confidence=80
2025-12-24T22:00:31.847-0800 camera_id=CAM-05-01 floor=5 zone=office event_type=recording subject=employee confidence=71
2025-12-24T22:03:30.639-0800 camera_id=CAM-RF-01 floor=roof zone=mechanical event_type=area_clear subject=none confidence=97
2025-12-24T22:05:00.000-0800 camera_id=CAM-RF-01 floor=roof zone=mechanical event_type=tamper_detected subject=unknown confidence=0
2025-12-24T22:05:17.614-0800 camera_id=CAM-01-01 floor=1 zone=lobby event_type=recording subject=group confidence=90
2025-12-24T22:06:12.546-0800 camera_id=CAM-B2-01 floor=B2 zone=parking event_type=motion_detected subject=group confidence=82
2025-12-24T22:06:14.633-0800 camera_id=CAM-02-01 floor=2 zone=loading event_type=area_clear subject=unknown confidence=81
2025-12-24T22:08:00.000-0800 camera_id=CAM-35-01 floor=35 zone=executive event_type=tamper_detected subject=unknown confidence=0
2025-12-24T22:08:06.695-0800 camera_id=CAM-15-01 floor=15 zone=office event_type=area_clear subject=unknown confidence=87
2025-12-24T22:08:27.257-0800 camera_id=CAM-28-01 floor=28 zone=office event_type=motion_detected subject=group confidence=94
2025-12-24T22:08:39.865-0800 camera_id=CAM-28-01 floor=28 zone=office event_type=recording subject=group confidence=79
2025-12-24T22:10:00.000-0800 camera_id=CAM-25-01 floor=25 zone=lab event_type=tamper_detected subject=unknown confidence=0
2025-12-24T22:10:00.000-0800 camera_id=CAM-28-01 floor=28 zone=office event_type=tamper_detected subject=unknown confidence=0
2025-12-24T22:10:00.000-0800 camera_id=CAM-30-01 floor=30 zone=event event_type=tamper_detected subject=unknown confidence=0
2025-12-24T22:10:03.089-0800 camera_id=CAM-35-01 floor=35 zone=executive event_type=recording subject=unknown confidence=84
2025-12-24T22:10:10.835-0800 camera_id=CAM-05-01 floor=5 zone=office event_type=motion_detected subject=none confidence=88
2025-12-24T22:10:27.710-0800 camera_id=CAM-35-01 floor=35 zone=executive event_type=area_clear subject=unknown confidence=67
2025-12-24T22:11:11.622-0800 camera_id=CAM-15-01 floor=15 zone=office event_type=recording subject=group confidence=94
2025-12-24T22:12:00.000-0800 camera_id=CAM-30-02 floor=30 zone=event event_type=tamper_detected subject=unknown confidence=0
2025-12-24T22:12:15.951-0800 camera_id=CAM-RF-01 floor=roof zone=mechanical event_type=area_clear subject=employee confidence=71
2025-12-24T22:14:28.226-0800 camera_id=CAM-10-01 floor=10 zone=office event_type=recording subject=employee confidence=69
2025-12-24T22:14:32.611-0800 camera_id=CAM-B1-01 floor=B1 zone=vault event_type=motion_detected subject=employee confidence=83
2025-12-24T22:14:56.296-0800 camera_id=CAM-B2-01 floor=B2 zone=parking event_type=recording subject=none confidence=68
2025-12-24T22:15:11.100-0800 camera_id=CAM-10-01 floor=10 zone=office event_type=area_clear subject=group confidence=98
2025-12-24T22:17:33.469-0800 camera_id=CAM-28-01 floor=28 zone=office event_type=recording subject=group confidence=96
2025-12-24T22:17:47.375-0800 camera_id=CAM-01-01 floor=1 zone=lobby event_type=motion_detected subject=unknown confidence=98
2025-12-24T22:17:55.830-0800 camera_id=CAM-35-01 floor=35 zone=executive event_type=motion_detected subject=none confidence=83
2025-12-24T22:18:00.000-0800 camera_id=CAM-25-01 floor=25 zone=lab event_type=offline subject=none confidence=0
2025-12-24T22:18:00.000-0800 camera_id=CAM-30-01 floor=30 zone=event event_type=offline subject=none confidence=0
2025-12-24T22:19:00.000-0800 camera_id=CAM-RF-01 floor=roof zone=mechanical event_type=offline subject=none confidence=0
2025-12-24T22:19:35.865-0800 camera_id=CAM-B1-01 floor=B1 zone=vault event_type=motion_detected subject=group confidence=98
2025-12-24T22:19:39.014-0800 camera_id=CAM-15-01 floor=15 zone=office event_type=motion_detected subject=employee confidence=80
2025-12-24T22:20:00.000-0800 camera_id=CAM-28-01 floor=28 zone=office event_type=offline subject=none confidence=0
2025-12-24T22:20:00.000-0800 camera_id=CAM-30-02 floor=30 zone=event event_type=offline subject=none confidence=0
2025-12-24T22:20:00.000-0800 camera_id=CAM-35-01 floor=35 zone=executive event_type=offline subject=none confidence=0
2025-12-24T22:23:55.255-0800 camera_id=CAM-05-01 floor=5 zone=office event_type=motion_detected subject=group confidence=68
2025-12-24T22:28:20.678-0800 camera_id=CAM-25-01 floor=25 zone=lab event_type=motion_detected subject=group confidence=64
2025-12-24T22:28:33.686-0800 camera_id=CAM-28-01 floor=28 zone=office event_type=recording subject=employee confidence=68
2025-12-24T22:30:27.473-0800 camera_id=CAM-B2-01 floor=B2 zone=parking event_type=area_clear subject=group confidence=81
2025-12-24T22:30:58.522-0800 camera_id=CAM-01-02 floor=1 zone=lobby event_type=recording subject=group confidence=75
2025-12-24T22:31:59.452-0800 camera_id=CAM-20-01 floor=20 zone=office event_type=motion_detected subject=unknown confidence=70
2025-12-24T22:32:53.305-0800 camera_id=CAM-30-01 floor=30 zone=event event_type=area_clear subject=employee confidence=61
2025-12-24T22:33:17.493-0800 camera_id=CAM-05-01 floor=5 zone=office event_type=recording subject=employee confidence=75
2025-12-24T22:34:38.401-0800 camera_id=CAM-30-01 floor=30 zone=event event_type=motion_detected subject=none confidence=66
2025-12-24T22:35:36.209-0800 camera_id=CAM-10-01 floor=10 zone=office event_type=area_clear subject=unknown confidence=63
2025-12-24T22:35:53.668-0800 camera_id=CAM-30-02 floor=30 zone=event event_type=motion_detected subject=group confidence=79
2025-12-24T22:36:28.105-0800 camera_id=CAM-01-02 floor=1 zone=lobby event_type=motion_detected subject=unknown confidence=92
2025-12-24T22:36:34.891-0800 camera_id=CAM-05-01 floor=5 zone=office event_type=recording subject=employee confidence=71
2025-12-24T22:36:49.577-0800 camera_id=CAM-25-01 floor=25 zone=lab event_type=motion_detected subject=employee confidence=61
2025-12-24T22:37:23.812-0800 camera_id=CAM-30-02 floor=30 zone=event event_type=motion_detected subject=none confidence=65
2025-12-24T22:39:59.155-0800 camera_id=CAM-B1-01 floor=B1 zone=vault event_type=motion_detected subject=employee confidence=68
2025-12-24T22:40:00.732-0800 camera_id=CAM-30-01 floor=30 zone=event event_type=motion_detected subject=unknown confidence=77
2025-12-24T22:40:20.551-0800 camera_id=CAM-02-01 floor=2 zone=loading event_type=recording subject=group confidence=84
2025-12-24T22:41:26.308-0800 camera_id=CAM-10-01 floor=10 zone=office event_type=motion_detected subject=group confidence=95
2025-12-24T22:43:33.578-0800 camera_id=CAM-02-01 floor=2 zone=loading event_type=motion_detected subject=group confidence=91
2025-12-24T22:45:19.341-0800 camera_id=CAM-05-01 floor=5 zone=office event_type=area_clear subject=employee confidence=69
2025-12-24T22:45:21.134-0800 camera_id=CAM-30-01 floor=30 zone=event event_type=motion_detected subject=employee confidence=65
2025-12-24T22:45:48.763-0800 camera_id=CAM-30-02 floor=30 zone=event event_type=recording subject=group confidence=67
2025-12-24T22:46:45.065-0800 camera_id=CAM-02-01 floor=2 zone=loading event_type=area_clear subject=group confidence=81
2025-12-24T22:48:54.185-0800 camera_id=CAM-28-01 floor=28 zone=office event_type=area_clear subject=group confidence=79
2025-12-24T22:49:07.461-0800 camera_id=CAM-35-01 floor=35 zone=executive event_type=area_clear subject=none confidence=82
2025-12-24T22:49:10.235-0800 camera_id=CAM-15-01 floor=15 zone=office event_type=area_clear subject=employee confidence=72
2025-12-24T22:50:35.306-0800 camera_id=CAM-30-01 floor=30 zone=event event_type=recording subject=group confidence=76
2025-12-24T22:53:17.554-0800 camera_id=CAM-05-01 floor=5 zone=office event_type=recording subject=unknown confidence=79
2025-12-24T22:53:26.782-0800 camera_id=CAM-RF-01 floor=roof zone=mechanical event_type=area_clear subject=group confidence=85
2025-12-24T22:53:40.266-0800 camera_id=CAM-25-01 floor=25 zone=lab event_type=recording subject=employee confidence=78
2025-12-24T22:54:45.160-0800 camera_id=CAM-30-01 floor=30 zone=event event_type=motion_detected subject=employee confidence=84
2025-12-24T22:55:00.677-0800 camera_id=CAM-30-02 floor=30 zone=event event_type=recording subject=unknown confidence=61
2025-12-24T22:55:05.698-0800 camera_id=CAM-B1-01 floor=B1 zone=vault event_type=area_clear subject=employee confidence=67
2025-12-24T22:57:09.618-0800 camera_id=CAM-B1-01 floor=B1 zone=vault event_type=area_clear subject=none confidence=77
2025-12-24T22:57:18.724-0800 camera_id=CAM-05-01 floor=5 zone=office event_type=motion_detected subject=none confidence=72
2025-12-24T22:58:31.896-0800 camera_id=CAM-01-02 floor=1 zone=lobby event_type=motion_detected subject=group confidence=63
2025-12-24T22:59:21.462-0800 camera_id=CAM-10-01 floor=10 zone=office event_type=recording subject=none confidence=90
2025-12-24T22:59:51.866-0800 camera_id=CAM-35-01 floor=35 zone=executive event_type=motion_detected subject=none confidence=96
2025-12-24T23:00:11.760-0800 camera_id=CAM-01-02 floor=1 zone=lobby event_type=swat_position subject=SWAT confidence=99
2025-12-24T23:00:23.856-0800 camera_id=CAM-01-02 floor=1 zone=lobby event_type=swat_position subject=SWAT confidence=99
2025-12-24T23:00:55.950-0800 camera_id=CAM-01-02 floor=1 zone=lobby event_type=swat_position subject=SWAT confidence=99
2025-12-24T23:01:37.631-0800 camera_id=CAM-RF-01 floor=roof zone=mechanical event_type=swat_position subject=SWAT confidence=99
2025-12-24T23:02:10.746-0800 camera_id=CAM-20-01 floor=20 zone=office event_type=recording subject=employee confidence=75
2025-12-24T23:02:15.170-0800 camera_id=CAM-01-02 floor=1 zone=lobby event_type=motion_detected subject=group confidence=64
2025-12-24T23:02:29.200-0800 camera_id=CAM-15-01 floor=15 zone=office event_type=recording subject=employee confidence=63
2025-12-24T23:03:15.854-0800 camera_id=CAM-05-01 floor=5 zone=office event_type=recording subject=group confidence=78
2025-12-24T23:03:23.251-0800 camera_id=CAM-B2-01 floor=B2 zone=parking event_type=recording subject=unknown confidence=60
2025-12-24T23:04:38.712-0800 camera_id=CAM-01-02 floor=1 zone=lobby event_type=swat_position subject=SWAT confidence=99
2025-12-24T23:04:46.421-0800 camera_id=CAM-01-02 floor=1 zone=lobby event_type=swat_position subject=SWAT confidence=99
2025-12-24T23:05:06.920-0800 camera_id=CAM-25-01 floor=25 zone=lab event_type=area_clear subject=unknown confidence=74
2025-12-24T23:06:37.862-0800 camera_id=CAM-B1-01 floor=B1 zone=vault event_type=recording subject=none confidence=90
2025-12-24T23:07:20.073-0800 camera_id=CAM-01-02 floor=1 zone=lobby event_type=swat_position subject=SWAT confidence=99
2025-12-24T23:07:34.301-0800 camera_id=CAM-30-02 floor=30 zone=event event_type=recording subject=group confidence=89
2025-12-24T23:08:42.271-0800 camera_id=CAM-01-02 floor=1 zone=lobby event_type=swat_position subject=SWAT confidence=99
2025-12-24T23:10:09.955-0800 camera_id=CAM-RF-01 floor=roof zone=mechanical event_type=area_clear subject=none confidence=88
2025-12-24T23:12:08.412-0800 camera_id=CAM-01-01 floor=1 zone=lobby event_type=swat_position subject=SWAT confidence=99
2025-12-24T23:14:11.156-0800 camera_id=CAM-01-01 floor=1 zone=lobby event_type=swat_position subject=SWAT confidence=99
2025-12-24T23:14:22.048-0800 camera_id=CAM-RF-01 floor=roof zone=mechanical event_type=swat_position subject=SWAT confidence=99
2025-12-24T23:15:13.672-0800 camera_id=CAM-25-01 floor=25 zone=lab event_type=motion_detected subject=group confidence=98
2025-12-24T23:15:17.605-0800 camera_id=CAM-05-01 floor=5 zone=office event_type=area_clear subject=employee confidence=62
2025-12-24T23:15:27.348-0800 camera_id=CAM-10-01 floor=10 zone=office event_type=recording subject=group confidence=72
2025-12-24T23:15:36.207-0800 camera_id=CAM-01-01 floor=1 zone=lobby event_type=area_clear subject=unknown confidence=82
2025-12-24T23:15:55.931-0800 camera_id=CAM-01-02 floor=1 zone=lobby event_type=swat_position subject=SWAT confidence=99
2025-12-24T23:16:10.816-0800 camera_id=CAM-01-02 floor=1 zone=lobby event_type=area_clear subject=employee confidence=83
2025-12-24T23:16:23.539-0800 camera_id=CAM-RF-01 floor=roof zone=mechanical event_type=area_clear subject=none confidence=70
2025-12-24T23:17:00.176-0800 camera_id=CAM-15-01 floor=15 zone=office event_type=area_clear subject=employee confidence=64
2025-12-24T23:17:38.075-0800 camera_id=CAM-20-01 floor=20 zone=office event_type=motion_detected subject=group confidence=64
2025-12-24T23:17:40.837-0800 camera_id=CAM-15-01 floor=15 zone=office event_type=motion_detected subject=employee confidence=96
2025-12-24T23:17:51.603-0800 camera_id=CAM-RF-01 floor=roof zone=mechanical event_type=recording subject=none confidence=81
2025-12-24T23:18:28.910-0800 camera_id=CAM-01-02 floor=1 zone=lobby event_type=motion_detected subject=group confidence=62
2025-12-24T23:19:23.926-0800 camera_id=CAM-10-01 floor=10 zone=office event_type=recording subject=none confidence=65
2025-12-24T23:19:54.635-0800 camera_id=CAM-RF-01 floor=roof zone=mechanical event_type=motion_detected subject=unknown confidence=72
2025-12-24T23:20:24.721-0800 camera_id=CAM-01-01 floor=1 zone=lobby event_type=motion_detected subject=employee confidence=61
2025-12-24T23:21:11.503-0800 camera_id=CAM-01-01 floor=1 zone=lobby event_type=swat_position subject=SWAT confidence=99
2025-12-24T23:21:33.931-0800 camera_id=CAM-20-01 floor=20 zone=office event_type=motion_detected subject=group confidence=60
2025-12-24T23:22:25.425-0800 camera_id=CAM-01-02 floor=1 zone=lobby event_type=swat_position subject=SWAT confidence=99
2025-12-24T23:22:58.643-0800 camera_id=CAM-01-02 floor=1 zone=lobby event_type=swat_position subject=SWAT confidence=99
2025-12-24T23:23:32.973-0800 camera_id=CAM-01-02 floor=1 zone=lobby event_type=swat_position subject=SWAT confidence=99
2025-12-24T23:23:44.232-0800 camera_id=CAM-15-01 floor=15 zone=office event_type=motion_detected subject=group confidence=83
2025-12-24T23:24:07.422-0800 camera_id=CAM-35-01 floor=35 zone=executive event_type=area_clear subject=none confidence=88
2025-12-24T23:24:08.941-0800 camera_id=CAM-RF-01 floor=roof zone=mechanical event_type=area_clear subject=employee confidence=73
2025-12-24T23:24:36.796-0800 camera_id=CAM-RF-01 floor=roof zone=mechanical event_type=swat_position subject=SWAT confidence=99
2025-12-24T23:26:23.281-0800 camera_id=CAM-01-01 floor=1 zone=lobby event_type=swat_position subject=SWAT confidence=99
2025-12-24T23:26:34.226-0800 camera_id=CAM-30-02 floor=30 zone=event event_type=area_clear subject=employee confidence=88
2025-12-24T23:26:53.643-0800 camera_id=CAM-01-01 floor=1 zone=lobby event_type=recording subject=group confidence=74
2025-12-24T23:27:47.771-0800 camera_id=CAM-01-01 floor=1 zone=lobby event_type=swat_position subject=SWAT confidence=99
2025-12-24T23:28:15.374-0800 camera_id=CAM-30-02 floor=30 zone=event event_type=area_clear subject=unknown confidence=73
2025-12-24T23:28:25.797-0800 camera_id=CAM-B1-01 floor=B1 zone=vault event_type=motion_detected subject=none confidence=69
2025-12-24T23:29:12.220-0800 camera_id=CAM-B2-01 floor=B2 zone=parking event_type=recording subject=employee confidence=67
2025-12-24T23:29:23.797-0800 camera_id=CAM-01-01 floor=1 zone=lobby event_type=swat_position subject=SWAT confidence=99
2025-12-24T23:29:51.235-0800 camera_id=CAM-01-01 floor=1 zone=lobby event_type=swat_position subject=SWAT confidence=99
2025-12-24T23:29:58.727-0800 camera_id=CAM-B1-01 floor=B1 zone=vault event_type=motion_detected subject=group confidence=65
2025-12-24T23:30:07.671-0800 camera_id=CAM-28-01 floor=28 zone=office event_type=motion_detected subject=unknown confidence=93
2025-12-24T23:30:15.819-0800 camera_id=CAM-RF-01 floor=roof zone=mechanical event_type=swat_position subject=SWAT confidence=99
2025-12-24T23:30:55.601-0800 camera_id=CAM-28-01 floor=28 zone=office event_type=area_clear subject=none confidence=90
2025-12-24T23:31:37.092-0800 camera_id=CAM-15-01 floor=15 zone=office event_type=motion_detected subject=group confidence=78
2025-12-24T23:31:38.816-0800 camera_id=CAM-01-02 floor=1 zone=lobby event_type=swat_position subject=SWAT confidence=99
2025-12-24T23:32:02.805-0800 camera_id=CAM-01-01 floor=1 zone=lobby event_type=swat_position subject=SWAT confidence=99
2025-12-24T23:33:05.957-0800 camera_id=CAM-RF-01 floor=roof zone=mechanical event_type=swat_position subject=SWAT confidence=99
2025-12-24T23:33:38.033-0800 camera_id=CAM-RF-01 floor=roof zone=mechanical event_type=swat_position subject=SWAT confidence=99
2025-12-24T23:33:50.298-0800 camera_id=CAM-01-02 floor=1 zone=lobby event_type=swat_position subject=SWAT confidence=99
2025-12-24T23:34:09.436-0800 camera_id=CAM-02-01 floor=2 zone=loading event_type=area_clear subject=group confidence=82
2025-12-24T23:35:37.342-0800 camera_id=CAM-05-01 floor=5 zone=office event_type=motion_detected subject=employee confidence=83
2025-12-24T23:36:19.825-0800 camera_id=CAM-B1-01 floor=B1 zone=vault event_type=motion_detected subject=unknown confidence=92
2025-12-24T23:37:16.542-0800 camera_id=CAM-RF-01 floor=roof zone=mechanical event_type=swat_position subject=SWAT confidence=99
2025-12-24T23:38:07.270-0800 camera_id=CAM-01-02 floor=1 zone=lobby event_type=motion_detected subject=unknown confidence=93
2025-12-24T23:38:29.717-0800 camera_id=CAM-35-01 floor=35 zone=executive event_type=motion_detected subject=employee confidence=88
2025-12-24T23:38:43.204-0800 camera_id=CAM-15-01 floor=15 zone=office event_type=recording subject=unknown confidence=95
2025-12-24T23:39:06.362-0800 camera_id=CAM-B2-01 floor=B2 zone=parking event_type=area_clear subject=group confidence=86
2025-12-24T23:39:39.804-0800 camera_id=CAM-01-02 floor=1 zone=lobby event_type=swat_position subject=SWAT confidence=99
2025-12-24T23:39:40.443-0800 camera_id=CAM-01-01 floor=1 zone=lobby event_type=motion_detected subject=none confidence=96
2025-12-24T23:39:47.889-0800 camera_id=CAM-02-01 floor=2 zone=loading event_type=recording subject=none confidence=99
2025-12-24T23:40:02.221-0800 camera_id=CAM-01-02 floor=1 zone=lobby event_type=recording subject=none confidence=83
2025-12-24T23:40:02.994-0800 camera_id=CAM-01-01 floor=1 zone=lobby event_type=swat_position subject=SWAT confidence=99
2025-12-24T23:40:14.107-0800 camera_id=CAM-35-01 floor=35 zone=executive event_type=area_clear subject=employee confidence=87
2025-12-24T23:40:34.419-0800 camera_id=CAM-RF-01 floor=roof zone=mechanical event_type=area_clear subject=unknown confidence=84
2025-12-24T23:40:37.601-0800 camera_id=CAM-01-01 floor=1 zone=lobby event_type=swat_position subject=SWAT confidence=99
2025-12-24T23:40:55.804-0800 camera_id=CAM-RF-01 floor=roof zone=mechanical event_type=swat_position subject=SWAT confidence=99
2025-12-24T23:40:57.459-0800 camera_id=CAM-20-01 floor=20 zone=office event_type=area_clear subject=unknown confidence=87
2025-12-24T23:41:10.044-0800 camera_id=CAM-01-02 floor=1 zone=lobby event_type=motion_detected subject=none confidence=69
2025-12-24T23:41:25.325-0800 camera_id=CAM-B2-01 floor=B2 zone=parking event_type=motion_detected subject=group confidence=98
2025-12-24T23:42:24.649-0800 camera_id=CAM-10-01 floor=10 zone=office event_type=recording subject=none confidence=87
2025-12-24T23:43:24.605-0800 camera_id=CAM-25-01 floor=25 zone=lab event_type=motion_detected subject=none confidence=92
2025-12-24T23:44:14.141-0800 camera_id=CAM-RF-01 floor=roof zone=mechanical event_type=swat_position subject=SWAT confidence=99
2025-12-24T23:44:25.998-0800 camera_id=CAM-01-01 floor=1 zone=lobby event_type=swat_position subject=SWAT confidence=99
2025-12-24T23:44:26.575-0800 camera_id=CAM-01-01 floor=1 zone=lobby event_type=swat_position subject=SWAT confidence=99
2025-12-24T23:44:43.095-0800 camera_id=CAM-02-01 floor=2 zone=loading event_type=recording subject=employee confidence=76
2025-12-24T23:44:54.493-0800 camera_id=CAM-10-01 floor=10 zone=office event_type=area_clear subject=employee confidence=94
2025-12-24T23:45:00.525-0800 camera_id=CAM-35-01 floor=35 zone=executive event_type=motion_detected subject=group confidence=72
2025-12-24T23:46:26.670-0800 camera_id=CAM-RF-01 floor=roof zone=mechanical event_type=swat_position subject=SWAT confidence=99
2025-12-24T23:46:56.846-0800 camera_id=CAM-RF-01 floor=roof zone=mechanical event_type=swat_position subject=SWAT confidence=99
2025-12-24T23:47:57.465-0800 camera_id=CAM-01-02 floor=1 zone=lobby event_type=area_clear subject=unknown confidence=77
2025-12-24T23:48:19.985-0800 camera_id=CAM-02-01 floor=2 zone=loading event_type=recording subject=group confidence=81
2025-12-24T23:49:05.747-0800 camera_id=CAM-01-02 floor=1 zone=lobby event_type=swat_position subject=SWAT confidence=99
2025-12-24T23:50:07.455-0800 camera_id=CAM-01-01 floor=1 zone=lobby event_type=area_clear subject=none confidence=74
2025-12-24T23:51:05.665-0800 camera_id=CAM-RF-01 floor=roof zone=mechanical event_type=swat_position subject=SWAT confidence=99
2025-12-24T23:51:17.988-0800 camera_id=CAM-01-02 floor=1 zone=lobby event_type=recording subject=none confidence=63
2025-12-24T23:51:36.237-0800 camera_id=CAM-30-02 floor=30 zone=event event_type=motion_detected subject=none confidence=97
2025-12-24T23:54:46.514-0800 camera_id=CAM-10-01 floor=10 zone=office event_type=recording subject=employee confidence=97
2025-12-24T23:55:09.558-0800 camera_id=CAM-30-01 floor=30 zone=event event_type=motion_detected subject=group confidence=76
2025-12-24T23:55:38.487-0800 camera_id=CAM-B2-01 floor=B2 zone=parking event_type=recording subject=none confidence=92
2025-12-24T23:56:04.235-0800 camera_id=CAM-RF-01 floor=roof zone=mechanical event_type=motion_detected subject=unknown confidence=75
2025-12-24T23:56:08.983-0800 camera_id=CAM-30-01 floor=30 zone=event event_type=recording subject=none confidence=71
2025-12-24T23:58:17.454-0800 camera_id=CAM-02-01 floor=2 zone=loading event_type=recording subject=employee confidence=68
2025-12-24T23:58:25.129-0800 camera_id=CAM-RF-01 floor=roof zone=mechanical event_type=swat_position subject=SWAT confidence=99
2025-12-24T23:59:08.293-0800 camera_id=CAM-RF-01 floor=roof zone=mechanical event_type=recording subject=group confidence=72
2025-12-24T23:59:18.872-0800 camera_id=CAM-25-01 floor=25 zone=lab event_type=recording subject=group confidence=82
2025-12-24T23:59:57.985-0800 camera_id=CAM-RF-01 floor=roof zone=mechanical event_type=area_clear subject=unknown confidence=94
