2025-12-24T18:00:19.000-0800 system=hvac event=temp_reading floor=5 zone=mechanical value=71.1 unit=F
2025-12-24T18:00:43.419-0800 system=elevator event=car_call floor=15 zone= value=1 unit=car
2025-12-24T18:01:43.137-0800 system=elevator event=car_call floor=35 zone= value=1 unit=car
2025-12-24T18:02:36.647-0800 system=elevator event=car_call floor=1 zone= value=1 unit=car
2025-12-24T18:05:16.000-0800 system=hvac event=temp_reading floor=15 zone=east_wing value=72.4 unit=F
2025-12-24T18:07:02.826-0800 system=power event=grid_status floor=0 zone=utility value=476.3 unit=kW
2025-12-24T18:10:20.000-0800 system=hvac event=temp_reading floor=35 zone=north_core value=71.7 unit=F
2025-12-24T18:13:02.295-0800 system=elevator event=car_call floor=35 zone= value=3 unit=car
2025-12-24T18:15:02.000-0800 system=hvac event=temp_reading floor=30 zone=east_wing value=70.8 unit=F
2025-12-24T18:15:44.728-0800 system=elevator event=car_call floor=15 zone= value=4 unit=car
2025-12-24T18:20:19.000-0800 system=hvac event=temp_reading floor=35 zone=north_core value=71.8 unit=F
2025-12-24T18:25:20.000-0800 system=hvac event=temp_reading floor=5 zone=north_core value=73.4 unit=F
2025-12-24T18:29:11.658-0800 system=elevator event=car_call floor=1 zone= value=4 unit=car
2025-12-24T18:30:02.013-0800 system=elevator event=car_call floor=15 zone= value=1 unit=car
2025-12-24T18:30:21.602-0800 system=elevator event=car_call floor=35 zone= value=1 unit=car
2025-12-24T18:30:30.000-0800 system=hvac event=temp_reading floor=5 zone=south_core value=69.7 unit=F
2025-12-24T18:35:17.000-0800 system=hvac event=temp_reading floor=5 zone=mechanical value=74.2 unit=F
2025-12-24T18:36:34.546-0800 system=elevator event=car_call floor=10 zone= value=1 unit=car
2025-12-24T18:39:17.544-0800 system=elevator event=car_call floor=10 zone= value=2 unit=car
2025-12-24T18:39:20.046-0800 system=hvac event=temp_reading floor=20 zone=north_core value=74.0 unit=F encoded_message="UHZVQVGL PNYVOENGVBA PBZCYRGR"
2025-12-24T18:40:22.000-0800 system=hvac event=temp_reading floor=20 zone=mechanical value=75.7 unit=F
2025-12-24T18:41:43.323-0800 system=power event=grid_status floor=0 zone=utility value=493.5 unit=kW
2025-12-24T18:42:12.695-0800 system=power event=grid_status floor=0 zone=utility value=479.5 unit=kW
2025-12-24T18:45:19.000-0800 system=hvac event=temp_reading floor=1 zone=west_wing value=73.4 unit=F
2025-12-24T18:46:06.966-0800 system=hvac event=temp_reading floor=15 zone=mechanical value=72.4 unit=F encoded_message="SVYGRE ERCYNPRQ MBAR 4"
2025-12-24T18:46:12.223-0800 system=elevator event=car_call floor=30 zone= value=2 unit=car
2025-12-24T18:47:45.290-0800 system=elevator event=car_call floor=1 zone= value=4 unit=car
2025-12-24T18:48:15.885-0800 system=elevator event=car_call floor=30 zone= value=1 unit=car
2025-12-24T18:50:23.000-0800 system=hvac event=temp_reading floor=30 zone=north_core value=73.0 unit=F
2025-12-24T18:55:03.000-0800 system=hvac event=temp_reading floor=5 zone=lobby value=70.3 unit=F
2025-12-24T18:56:17.974-0800 system=elevator event=car_call floor=1 zone= value=2 unit=car
2025-12-24T18:59:46.883-0800 system=elevator event=car_call floor=35 zone= value=1 unit=car
2025-12-24T19:00:08.000-0800 system=hvac event=temp_reading floor=20 zone=lobby value=70.8 unit=F
2025-12-24T19:05:12.000-0800 system=hvac event=temp_reading floor=35 zone=west_wing value=72.0 unit=F
2025-12-24T19:10:17.000-0800 system=hvac event=temp_reading floor=15 zone=west_wing value=70.9 unit=F
2025-12-24T19:11:59.965-0800 system=elevator event=car_call floor=25 zone= value=2 unit=car
2025-12-24T19:13:10.206-0800 system=elevator event=car_call floor=15 zone= value=4 unit=car
2025-12-24T19:15:12.000-0800 system=hvac event=temp_reading floor=25 zone=lobby value=70.3 unit=F
2025-12-24T19:20:05.000-0800 system=hvac event=temp_reading floor=30 zone=north_core value=71.7 unit=F
2025-12-24T19:25:26.000-0800 system=hvac event=temp_reading floor=25 zone=lobby value=71.7 unit=F
2025-12-24T19:30:01.000-0800 system=hvac event=temp_reading floor=10 zone=north_core value=70.5 unit=F
2025-12-24T19:35:08.000-0800 system=hvac event=temp_reading floor=30 zone=south_core value=72.0 unit=F
2025-12-24T19:36:10.452-0800 system=elevator event=car_call floor=15 zone= value=2 unit=car
2025-12-24T19:37:47.277-0800 system=elevator event=car_call floor=20 zone= value=3 unit=car
2025-12-24T19:40:26.000-0800 system=hvac event=temp_reading floor=35 zone=north_core value=72.0 unit=F
2025-12-24T19:45:24.000-0800 system=hvac event=temp_reading floor=10 zone=east_wing value=72.0 unit=F
2025-12-24T19:46:05.637-0800 system=elevator event=car_call floor=25 zone= value=1 unit=car
2025-12-24T19:47:24.101-0800 system=power event=grid_status floor=0 zone=utility value=489.6 unit=kW
2025-12-24T19:49:40.982-0800 system=elevator event=car_call floor=1 zone= value=3 unit=car
2025-12-24T19:50:01.000-0800 system=hvac event=temp_reading floor=5 zone=east_wing value=69.7 unit=F
2025-12-24T19:50:07.716-0800 system=elevator event=car_call floor=25 zone= value=4 unit=car
2025-12-24T19:50:16.680-0800 system=elevator event=car_call floor=15 zone= value=2 unit=car
2025-12-24T19:52:09.663-0800 system=elevator event=car_call floor=10 zone= value=2 unit=car
2025-12-24T19:53:18.598-0800 system=elevator event=car_call floor=35 zone= value=2 unit=car
2025-12-24T19:55:03.000-0800 system=hvac event=temp_reading floor=28 zone=mechanical value=71.6 unit=F
2025-12-24T19:55:44.279-0800 system=power event=grid_status floor=0 zone=utility value=481.8 unit=kW
2025-12-24T19:58:19.947-0800 system=elevator event=car_call floor=20 zone= value=1 unit=car
2025-12-24T20:00:08.000-0800 system=hvac event=temp_reading floor=15 zone=east_wing value=73.1 unit=F
2025-12-24T20:05:18.000-0800 system=hvac event=temp_reading floor=15 zone=east_wing value=71.6 unit=F
2025-12-24T20:10:11.000-0800 system=hvac event=temp_reading floor=roof zone=south_core value=72.4 unit=F
2025-12-24T20:11:09.114-0800 system=power event=grid_status floor=0 zone=utility value=474.7 unit=kW
2025-12-24T20:15:14.000-0800 system=hvac event=temp_reading floor=35 zone=south_core value=70.7 unit=F
2025-12-24T20:16:01.383-0800 system=elevator event=car_call floor=35 zone= value=1 unit=car
2025-12-24T20:18:18.338-0800 system=elevator event=car_call floor=20 zone= value=2 unit=car
2025-12-24T20:20:10.000-0800 system=hvac event=temp_reading floor=20 zone=lobby value=70.1 unit=F
2025-12-24T20:25:30.000-0800 system=hvac event=temp_reading floor=5 zone=north_core value=73.8 unit=F
2025-12-24T20:25:37.922-0800 system=elevator event=car_call floor=1 zone= value=3 unit=car
2025-12-24T20:29:16.335-0800 system=elevator event=car_call floor=25 zone= value=4 unit=car
2025-12-24T20:29:28.537-0800 system=elevator event=car_call floor=1 zone= value=2 unit=car
2025-12-24T20:30:07.000-0800 system=hvac event=temp_reading floor=25 zone=lobby value=70.7 unit=F
2025-12-24T20:34:00.467-0800 system=elevator event=car_call floor=10 zone= value=3 unit=car
2025-12-24T20:35:24.000-0800 system=hvac event=temp_reading floor=28 zone=lobby value=73.0 unit=F
2025-12-24T20:35:38.822-0800 system=elevator event=car_call floor=1 zone= value=4 unit=car
2025-12-24T20:35:40.625-0800 system=power event=grid_status floor=0 zone=utility value=483.9 unit=kW
2025-12-24T20:36:45.971-0800 system=elevator event=car_call floor=1 zone= value=4 unit=car
2025-12-24T20:39:25.911-0800 system=elevator event=car_call floor=30 zone= value=4 unit=car
2025-12-24T20:40:03.000-0800 system=hvac event=temp_reading floor=1 zone=north_core value=71.9 unit=F
2025-12-24T20:42:20.795-0800 system=elevator event=car_call floor=10 zone= value=4 unit=car
2025-12-24T20:45:17.000-0800 system=hvac event=temp_reading floor=20 zone=north_core value=70.9 unit=F
2025-12-24T20:48:58.689-0800 system=elevator event=car_call floor=10 zone= value=4 unit=car
2025-12-24T20:50:20.000-0800 system=hvac event=temp_reading floor=5 zone=mechanical value=70.8 unit=F
2025-12-24T20:53:08.197-0800 system=elevator event=car_call floor=1 zone= value=2 unit=car
2025-12-24T20:54:18.071-0800 system=elevator event=car_call floor=20 zone= value=1 unit=car
2025-12-24T20:55:07.906-0800 system=elevator event=car_call floor=35 zone= value=4 unit=car
2025-12-24T20:55:26.000-0800 system=hvac event=temp_reading floor=30 zone=west_wing value=72.1 unit=F
2025-12-24T20:57:21.719-0800 system=elevator event=car_call floor=20 zone= value=1 unit=car
2025-12-24T20:59:20.783-0800 system=elevator event=car_call floor=10 zone= value=4 unit=car
2025-12-24T20:59:24.810-0800 system=elevator event=car_call floor=1 zone= value=2 unit=car
2025-12-24T20:59:57.054-0800 system=power event=grid_status floor=0 zone=utility value=475.6 unit=kW
2025-12-24T21:00:12.000-0800 system=hvac event=temp_reading floor=30 zone=east_wing value=70.8 unit=F
2025-12-24T21:00:47.964-0800 system=elevator event=car_call floor=15 zone= value=2 unit=car
2025-12-24T21:03:07.307-0800 system=power event=grid_status floor=0 zone=utility value=477.2 unit=kW
2025-12-24T21:05:01.000-0800 system=hvac event=temp_reading floor=5 zone=mechanical value=77.3 unit=F
2025-12-24T21:07:14.548-0800 system=elevator event=car_call floor=15 zone= value=2 unit=car
2025-12-24T21:07:46.177-0800 system=elevator event=car_call floor=10 zone= value=4 unit=car
2025-12-24T21:08:46.972-0800 system=power event=grid_status floor=0 zone=utility value=486.9 unit=kW
2025-12-24T21:10:05.000-0800 system=hvac event=temp_reading floor=35 zone=north_core value=71.1 unit=F
2025-12-24T21:11:30.322-0800 system=elevator event=car_call floor=30 zone= value=3 unit=car
2025-12-24T21:15:03.000-0800 system=hvac event=temp_reading floor=35 zone=north_core value=74.0 unit=F
2025-12-24T21:18:41.548-0800 system=power event=grid_status floor=0 zone=utility value=487.2 unit=kW
2025-12-24T21:20:14.000-0800 system=hvac event=temp_reading floor=5 zone=north_core value=71.4 unit=F
2025-12-24T21:21:08.082-0800 system=power event=grid_status floor=0 zone=utility value=478.2 unit=kW
2025-12-24T21:23:45.768-0800 system=elevator event=car_call floor=30 zone= value=3 unit=car
2025-12-24T21:23:52.925-0800 system=hvac event=temp_reading floor=10 zone=west_wing value=72.0 unit=F encoded_message="NAAHNY VAFCRPGVBA QHR 2026-01-15"
2025-12-24T21:25:04.000-0800 system=hvac event=temp_reading floor=1 zone=lobby value=73.6 unit=F
2025-12-24T21:25:27.075-0800 system=power event=grid_status floor=0 zone=utility value=483.8 unit=kW
2025-12-24T21:26:10.755-0800 system=power event=grid_status floor=0 zone=utility value=478.8 unit=kW
2025-12-24T21:30:13.000-0800 system=hvac event=temp_reading floor=25 zone=north_core value=69.5 unit=F
2025-12-24T21:33:06.315-0800 system=power event=grid_status floor=0 zone=utility value=474.1 unit=kW
2025-12-24T21:34:57.935-0800 system=power event=grid_status floor=0 zone=utility value=484.0 unit=kW
2025-12-24T21:35:05.000-0800 system=hvac event=temp_reading floor=25 zone=lobby value=73.2 unit=F
2025-12-24T21:39:53.711-0800 system=power event=grid_status floor=0 zone=utility value=477.4 unit=kW
2025-12-24T21:40:03.000-0800 system=hvac event=temp_reading floor=10 zone=west_wing value=70.9 unit=F
2025-12-24T21:45:13.000-0800 system=hvac event=temp_reading floor=25 zone=east_wing value=73.2 unit=F
2025-12-24T21:45:26.514-0800 system=elevator event=car_call floor=10 zone= value=3 unit=car
2025-12-24T21:46:40.968-0800 system=power event=grid_status floor=0 zone=utility value=484.6 unit=kW
2025-12-24T21:50:10.000-0800 system=hvac event=temp_reading floor=25 zone=east_wing value=70.2 unit=F
2025-12-24T21:51:40.317-0800 system=elevator event=car_call floor=30 zone= value=2 unit=car
2025-12-24T21:52:54.182-0800 system=elevator event=car_call floor=1 zone= value=1 unit=car
2025-12-24T21:54:42.297-0800 system=power event=grid_status floor=0 zone=utility value=483.5 unit=kW
2025-12-24T21:55:02.000-0800 system=hvac event=temp_reading floor=28 zone=lobby value=75.9 unit=F
2025-12-24T21:56:14.258-0800 system=power event=grid_status floor=0 zone=utility value=489.9 unit=kW
2025-12-24T21:56:39.483-0800 system=power event=grid_status floor=0 zone=utility value=470.6 unit=kW
2025-12-24T21:58:08.491-0800 system=elevator event=car_call floor=1 zone= value=2 unit=car
2025-12-24T22:00:19.000-0800 system=hvac event=temp_reading floor=roof zone=south_core value=70.4 unit=F
2025-12-24T22:05:16.000-0800 system=hvac event=temp_reading floor=5 zone=west_wing value=73.1 unit=F
2025-12-24T22:07:12.524-0800 system=power event=grid_status floor=0 zone=utility value=485.3 unit=kW
2025-12-24T22:10:01.000-0800 system=hvac event=temp_reading floor=10 zone=mechanical value=73.6 unit=F
2025-12-24T22:12:16.143-0800 system=elevator event=car_call floor=15 zone= value=2 unit=car
2025-12-24T22:15:11.000-0800 system=hvac event=temp_reading floor=roof zone=south_core value=73.8 unit=F
2025-12-24T22:18:48.578-0800 system=elevator event=car_call floor=30 zone= value=1 unit=car
2025-12-24T22:20:03.000-0800 system=hvac event=temp_reading floor=30 zone=east_wing value=68.5 unit=F
2025-12-24T22:20:48.247-0800 system=power event=grid_status floor=0 zone=utility value=477.3 unit=kW
2025-12-24T22:22:38.629-0800 system=elevator event=car_call floor=35 zone= value=2 unit=car
2025-12-24T22:22:57.939-0800 system=elevator event=car_call floor=1 zone= value=4 unit=car
2025-12-24T22:24:40.510-0800 system=elevator event=car_call floor=20 zone= value=1 unit=car
2025-12-24T22:24:57.534-0800 system=elevator event=car_call floor=20 zone= value=2 unit=car
2025-12-24T22:25:26.000-0800 system=hvac event=temp_reading floor=15 zone=mechanical value=73.3 unit=F
2025-12-24T22:26:20.372-0800 system=elevator event=car_call floor=30 zone= value=1 unit=car
2025-12-24T22:27:09.459-0800 system=power event=grid_status floor=0 zone=utility value=489.7 unit=kW
2025-12-24T22:30:22.000-0800 system=hvac event=temp_reading floor=roof zone=east_wing value=68.9 unit=F
2025-12-24T22:34:37.194-0800 system=elevator event=car_call floor=25 zone= value=4 unit=car
2025-12-24T22:35:21.000-0800 system=hvac event=temp_reading floor=30 zone=east_wing value=71.8 unit=F
2025-12-24T22:37:49.405-0800 system=power event=grid_status floor=0 zone=utility value=489.8 unit=kW
2025-12-24T22:39:52.309-0800 system=power event=grid_status floor=0 zone=utility value=472.4 unit=kW
2025-12-24T22:40:07.000-0800 system=hvac event=temp_reading floor=28 zone=west_wing value=72.2 unit=F
2025-12-24T22:40:11.193-0800 system=elevator event=car_call floor=25 zone= value=1 unit=car
2025-12-24T22:40:17.874-0800 system=power event=grid_status floor=0 zone=utility value=475.7 unit=kW
2025-12-24T22:45:22.000-0800 system=hvac event=temp_reading floor=1 zone=mechanical value=72.5 unit=F
2025-12-24T22:48:27.940-0800 system=elevator event=car_call floor=15 zone= value=2 unit=car
2025-12-24T22:48:33.923-0800 system=elevator event=car_call floor=35 zone= value=3 unit=car
2025-12-24T22:48:37.247-0800 system=elevator event=car_call floor=25 zone= value=4 unit=car
2025-12-24T22:50:22.000-0800 system=hvac event=temp_reading floor=28 zone=south_core value=71.2 unit=F
2025-12-24T22:50:41.210-0800 system=elevator event=car_call floor=35 zone= value=2 unit=car
2025-12-24T22:52:38.234-0800 system=elevator event=car_call floor=25 zone= value=3 unit=car
2025-12-24T22:55:01.000-0800 system=hvac event=temp_reading floor=5 zone=mechanical value=69.8 unit=F
2025-12-24T22:56:53.548-0800 system=elevator event=car_call floor=10 zone= value=4 unit=car
2025-12-24T22:57:26.715-0800 system=elevator event=car_call floor=10 zone= value=4 unit=car
2025-12-24T22:57:27.105-0800 system=power event=grid_status floor=0 zone=utility value=480.4 unit=kW
2025-12-24T23:00:05.000-0800 system=hvac event=temp_reading floor=15 zone=north_core value=69.3 unit=F
2025-12-24T23:01:21.184-0800 system=elevator event=car_call floor=25 zone= value=1 unit=car
2025-12-24T23:01:38.249-0800 system=elevator event=car_call floor=10 zone= value=4 unit=car
2025-12-24T23:05:13.017-0800 system=power event=grid_status floor=0 zone=utility value=476.1 unit=kW
2025-12-24T23:05:27.000-0800 system=hvac event=temp_reading floor=30 zone=west_wing value=69.2 unit=F
2025-12-24T23:10:00.000-0800 system=hvac event=temp_reading floor=roof zone=north_section value=96.0 unit=F
2025-12-24T23:10:11.000-0800 system=hvac event=temp_reading floor=35 zone=north_core value=73.7 unit=F
2025-12-24T23:11:05.112-0800 system=elevator event=car_call floor=35 zone= value=3 unit=car
2025-12-24T23:12:00.000-0800 system=hvac event=temp_reading floor=roof zone=mechanical value=73.2 unit=F encoded_message="GURER VF AB CBJRE JVGUBHG PBQR 8086"
2025-12-24T23:13:00.000-0800 system=hvac event=temp_reading floor=roof zone=south_section value=99.2 unit=F
2025-12-24T23:15:15.000-0800 system=hvac event=temp_reading floor=35 zone=north_core value=72.7 unit=F
2025-12-24T23:16:00.000-0800 system=hvac event=temp_reading floor=roof zone=east_section value=97.2 unit=F
2025-12-24T23:19:00.000-0800 system=hvac event=temp_reading floor=roof zone=west_section value=101.0 unit=F
2025-12-24T23:20:25.000-0800 system=hvac event=temp_reading floor=5 zone=east_wing value=71.4 unit=F
2025-12-24T23:25:00.000-0800 system=hvac event=temp_reading floor=roof zone=west_wing value=71.0 unit=F
2025-12-24T23:30:26.000-0800 system=hvac event=temp_reading floor=1 zone=lobby value=69.8 unit=F
2025-12-24T23:31:39.510-0800 system=elevator event=car_call floor=35 zone= value=4 unit=car
2025-12-24T23:33:47.768-0800 system=elevator event=car_call floor=35 zone= value=2 unit=car
2025-12-24T23:35:10.000-0800 system=hvac event=temp_reading floor=35 zone=mechanical value=71.2 unit=F
2025-12-24T23:40:08.000-0800 system=hvac event=temp_reading floor=roof zone=south_core value=72.4 unit=F
2025-12-24T23:40:33.671-0800 system=elevator event=car_call floor=35 zone= value=3 unit=car
2025-12-24T23:44:03.893-0800 system=elevator event=car_call floor=10 zone= value=3 unit=car
2025-12-24T23:45:13.275-0800 system=elevator event=car_call floor=10 zone= value=1 unit=car
2025-12-24T23:45:15.000-0800 system=hvac event=temp_reading floor=10 zone=west_wing value=72.9 unit=F
2025-12-24T23:45:30.115-0800 system=power event=grid_status floor=0 zone=utility value=482.3 unit=kW
2025-12-24T23:49:51.989-0800 system=elevator event=car_call floor=15 zone= value=3 unit=car
2025-12-24T23:50:20.000-0800 system=hvac event=temp_reading floor=35 zone=lobby value=71.2 unit=F
2025-12-24T23:52:11.095-0800 system=elevator event=car_call floor=1 zone= value=2 unit=car
2025-12-24T23:54:58.130-0800 system=elevator event=car_call floor=35 zone= value=3 unit=car
2025-12-24T23:55:22.000-0800 system=hvac event=temp_reading floor=35 zone=lobby value=69.3 unit=F
2025-12-24T23:58:59.005-0800 system=elevator event=car_call floor=20 zone= value=4 unit=car
