2025-12-24T18:03:13.583-0800 session_id=VS-0001 user=system action=system_check detail="automated integrity verification" result=nominal
2025-12-24T18:08:09.523-0800 session_id=VS-0012 user=system action=system_check detail="automated integrity verification" result=nominal
2025-12-24T18:20:39.866-0800 session_id=VS-0008 user=system action=system_check detail="automated integrity verification" result=nominal
2025-12-24T18:30:00.000-0800 session_id=VS-0041 user=hans action=session_begin detail="terminal_auth=badge" result=pending
2025-12-24T18:30:15.000-0800 session_id=VS-0041 user=hans action=code_attempt detail="input=****" result=fail
2025-12-24T18:30:32.000-0800 session_id=VS-0041 user=hans action=session_end detail="session aborted by operator" result=abort
2025-12-24T18:44:04.308-0800 session_id=VS-0023 user=system action=system_check detail="automated integrity verification" result=nominal
2025-12-24T18:45:17.797-0800 session_id=VS-0004 user=system action=system_check detail="automated integrity verification" result=nominal
2025-12-24T18:46:53.828-0800 session_id=VS-0017 user=system action=system_check detail="automated integrity verification" result=nominal
2025-12-24T18:47:59.609-0800 session_id=VS-0013 user=system action=system_check detail="automated integrity verification" result=nominal
2025-12-24T18:55:08.412-0800 session_id=VS-0008 user=system action=system_check detail="automated integrity verification" result=nominal
2025-12-24T19:00:47.320-0800 session_id=VS-0026 user=system action=system_check detail="automated integrity verification" result=nominal
2025-12-24T19:03:11.106-0800 session_id=VS-0028 user=system action=system_check detail="automated integrity verification" result=nominal
2025-12-24T19:07:10.627-0800 session_id=VS-0027 user=system action=system_check detail="automated integrity verification" result=nominal
2025-12-24T19:08:15.098-0800 session_id=VS-0006 user=system action=system_check detail="automated integrity verification" result=nominal
2025-12-24T19:11:33.987-0800 session_id=VS-0005 user=system action=system_check detail="automated integrity verification" result=nominal
2025-12-24T19:20:17.073-0800 session_id=VS-0007 user=system action=system_check detail="automated integrity verification" result=nominal
2025-12-24T19:28:01.885-0800 session_id=VS-0008 user=system action=system_check detail="automated integrity verification" result=nominal
2025-12-24T19:31:28.532-0800 session_id=VS-0002 user=system action=system_check detail="automated integrity verification" result=nominal
2025-12-24T19:38:04.491-0800 session_id=VS-0006 user=system action=system_check detail="automated integrity verification" result=nominal
2025-12-24T19:39:49.800-0800 session_id=VS-0031 user=system action=system_check detail="automated integrity verification" result=nominal
2025-12-24T19:49:00.000-0800 session_id=VS-0038 user=system action=session_begin detail="terminal_auth=automated" result=pending
2025-12-24T19:49:15.000-0800 session_id=VS-0038 user=system action=code_attempt detail="input=0" result=fail
2025-12-24T19:49:27.000-0800 session_id=VS-0038 user=system action=code_attempt detail="input=0" result=fail
2025-12-24T19:49:39.000-0800 session_id=VS-0038 user=system action=code_attempt detail="input=0" result=fail
2025-12-24T19:49:51.000-0800 session_id=VS-0038 user=system action=code_attempt detail="input=0" result=fail
2025-12-24T19:50:08.000-0800 session_id=VS-0038 user=system action=session_end detail="automated maintenance test" result=abort
2025-12-24T20:07:00.000-0800 session_id=VS-0040 user=ellis action=session_begin detail="terminal_auth=badge" result=pending
2025-12-24T20:07:15.000-0800 session_id=VS-0040 user=ellis action=code_attempt detail="input=1" result=fail
2025-12-24T20:07:27.000-0800 session_id=VS-0040 user=ellis action=code_attempt detail="input=2" result=fail
2025-12-24T20:07:39.000-0800 session_id=VS-0040 user=ellis action=code_attempt detail="input=3" result=fail
2025-12-24T20:07:51.000-0800 session_id=VS-0040 user=ellis action=code_attempt detail="input=4" result=fail
2025-12-24T20:08:08.000-0800 session_id=VS-0040 user=ellis action=session_end detail="unauthorized access attempt" result=abort
2025-12-24T20:36:07.254-0800 session_id=VS-0005 user=system action=system_check detail="automated integrity verification" result=nominal
2025-12-24T20:46:11.936-0800 session_id=VS-0006 user=system action=system_check detail="automated integrity verification" result=nominal
2025-12-24T20:56:00.747-0800 session_id=VS-0017 user=system action=system_check detail="automated integrity verification" result=nominal
2025-12-24T21:00:05.058-0800 session_id=VS-0009 user=system action=system_check detail="automated integrity verification" result=nominal
2025-12-24T21:11:01.045-0800 session_id=VS-0002 user=system action=system_check detail="automated integrity verification" result=nominal
2025-12-24T21:31:09.397-0800 session_id=VS-0001 user=system action=system_check detail="automated integrity verification" result=nominal
2025-12-24T21:46:41.103-0800 session_id=VS-0005 user=system action=system_check detail="automated integrity verification" result=nominal
2025-12-24T21:51:18.377-0800 session_id=VS-0036 user=system action=system_check detail="automated integrity verification" result=nominal
2025-12-24T21:56:23.769-0800 session_id=VS-0008 user=system action=system_check detail="automated integrity verification" result=nominal
2025-12-24T22:05:39.497-0800 session_id=VS-0004 user=system action=system_check detail="automated integrity verification" result=nominal
2025-12-24T22:07:04.465-0800 session_id=VS-0024 user=system action=system_check detail="automated integrity verification" result=nominal
2025-12-24T22:20:28.000-0800 session_id=VS-0042 user=takagi action=session_begin detail="terminal_auth=biometric" result=pending
2025-12-24T22:21:15.000-0800 session_id=VS-0042 user=takagi action=code_attempt detail="input=4" result=fail
2025-12-24T22:22:03.000-0800 session_id=VS-0042 user=takagi action=code_attempt detail="input=2" result=fail
2025-12-24T22:22:51.000-0800 session_id=VS-0042 user=takagi action=code_attempt detail="input=9" result=fail
2025-12-24T22:23:39.000-0800 session_id=VS-0042 user=takagi action=code_attempt detail="input=1" result=fail
2025-12-24T22:24:47.000-0800 session_id=VS-0042 user=takagi action=session_end detail=max_attempts_exceeded result=abort
2025-12-24T22:29:28.682-0800 session_id=VS-0022 user=system action=system_check detail="automated integrity verification" result=nominal
2025-12-24T22:33:03.869-0800 session_id=VS-0002 user=system action=system_check detail="automated integrity verification" result=nominal
2025-12-24T22:35:00.781-0800 session_id=VS-0035 user=system action=system_check detail="automated integrity verification" result=nominal
2025-12-24T22:57:38.435-0800 session_id=VS-0012 user=system action=system_check detail="automated integrity verification" result=nominal
2025-12-24T23:00:46.231-0800 session_id=VS-0020 user=system action=system_check detail="automated integrity verification" result=nominal
2025-12-24T23:10:38.839-0800 session_id=VS-0003 user=system action=system_check detail="automated integrity verification" result=nominal
2025-12-24T23:11:39.347-0800 session_id=VS-0022 user=system action=system_check detail="automated integrity verification" result=nominal
2025-12-24T23:27:54.686-0800 session_id=VS-0008 user=system action=system_check detail="automated integrity verification" result=nominal
2025-12-24T23:29:33.213-0800 session_id=VS-0036 user=system action=system_check detail="automated integrity verification" result=nominal
2025-12-24T23:45:30.165-0800 session_id=VS-0008 user=system action=system_check detail="automated integrity verification" result=nominal
2025-12-24T23:57:37.098-0800 session_id=VS-0024 user=system action=system_check detail="automated integrity verification" result=nominal
