2025-12-24T18:14:44.880-0800 channel=freq_10 callsign=BRAVO-OPS sender=OpsCenter priority=routine signal_strength=83 message="Catering confirmed for floor 30"
2025-12-24T18:27:48.391-0800 channel=freq_10 callsign=BRAVO-OPS sender=Control priority=routine signal_strength=95 message="Visitor badge station closed for evening"
2025-12-24T18:29:26.556-0800 channel=freq_10 callsign=BRAVO-OPS sender=OpsCenter priority=routine signal_strength=81 message="Security rotation on schedule"
2025-12-24T18:47:04.470-0800 channel=freq_10 callsign=BRAVO-OPS sender=Control priority=routine signal_strength=93 message="Catering confirmed for floor 30"
2025-12-24T18:48:44.783-0800 channel=freq_10 callsign=BRAVO-OPS sender=OpsCenter priority=routine signal_strength=88 message="Parking level normal occupancy"
2025-12-24T18:51:25.146-0800 channel=freq_10 callsign=BRAVO-OPS sender=OpsCenter priority=routine signal_strength=94 message="Parking level normal occupancy"
2025-12-24T19:07:19.135-0800 channel=freq_10 callsign=BRAVO-OPS sender=Dispatch priority=routine signal_strength=91 message="Catering confirmed for floor 30"
2025-12-24T19:13:15.736-0800 channel=freq_10 callsign=BRAVO-OPS sender=OpsCenter priority=routine signal_strength=97 message="Visitor badge station closed for evening"
2025-12-24T19:21:24.572-0800 channel=freq_10 callsign=BRAVO-OPS sender=Control priority=routine signal_strength=87 message="Visitor badge station closed for evening"
2025-12-24T19:23:51.177-0800 channel=freq_10 callsign=BRAVO-OPS sender=Control priority=routine signal_strength=94 message="Catering confirmed for floor 30"
2025-12-24T19:24:59.164-0800 channel=freq_10 callsign=BRAVO-OPS sender=Dispatch priority=routine signal_strength=99 message="Security rotation on schedule"
2025-12-24T19:27:18.669-0800 channel=freq_10 callsign=BRAVO-OPS sender=OpsCenter priority=routine signal_strength=90 message="Parking level normal occupancy"
2025-12-24T19:39:33.745-0800 channel=freq_10 callsign=BRAVO-OPS sender=Control priority=routine signal_strength=98 message="HVAC readings within parameters"
2025-12-24T20:05:53.891-0800 channel=freq_10 callsign=BRAVO-OPS sender=OpsCenter priority=routine signal_strength=93 message="Visitor badge station closed for evening"
2025-12-24T20:10:46.853-0800 channel=freq_10 callsign=BRAVO-OPS sender=Control priority=routine signal_strength=87 message="Catering confirmed for floor 30"
2025-12-24T20:30:00.000-0800 channel=freq_18 callsign=ALPHA-INT sender=Argyle priority=low signal_strength=72 message="CNEXVAT ONL 1247 YVZB ERNQL NETLYR FGNAQVAT OL"
2025-12-24T20:40:11.256-0800 channel=freq_10 callsign=BRAVO-OPS sender=Control priority=routine signal_strength=85 message="Security rotation on schedule"
2025-12-24T20:40:28.045-0800 channel=freq_10 callsign=BRAVO-OPS sender=Dispatch priority=routine signal_strength=97 message="Building ops check — all systems green"
2025-12-24T20:41:42.000-0800 channel=freq_10 callsign=BRAVO-OPS sender=Dispatch priority=routine signal_strength=80 message="Security rotation on schedule"
2025-12-24T20:43:59.028-0800 channel=freq_10 callsign=BRAVO-OPS sender=OpsCenter priority=routine signal_strength=95 message="HVAC readings within parameters"
2025-12-24T20:44:12.795-0800 channel=freq_10 callsign=BRAVO-OPS sender=Control priority=routine signal_strength=82 message="Catering confirmed for floor 30"
2025-12-24T20:46:28.609-0800 channel=freq_10 callsign=BRAVO-OPS sender=Control priority=routine signal_strength=93 message="Security rotation on schedule"
2025-12-24T20:51:32.679-0800 channel=freq_10 callsign=BRAVO-OPS sender=Control priority=routine signal_strength=82 message="Visitor badge station closed for evening"
2025-12-24T20:56:27.862-0800 channel=freq_10 callsign=BRAVO-OPS sender=Control priority=routine signal_strength=81 message="Visitor badge station closed for evening"
2025-12-24T20:57:17.911-0800 channel=freq_10 callsign=BRAVO-OPS sender=OpsCenter priority=routine signal_strength=99 message="Security rotation on schedule"
2025-12-24T21:03:15.269-0800 channel=freq_10 callsign=BRAVO-OPS sender=Dispatch priority=routine signal_strength=93 message="Parking level normal occupancy"
2025-12-24T21:12:43.075-0800 channel=freq_10 callsign=BRAVO-OPS sender=OpsCenter priority=routine signal_strength=89 message="Parking level normal occupancy"
2025-12-24T21:32:32.457-0800 channel=freq_10 callsign=BRAVO-OPS sender=Control priority=routine signal_strength=97 message="HVAC readings within parameters"
2025-12-24T21:37:28.388-0800 channel=freq_10 callsign=BRAVO-OPS sender=Control priority=routine signal_strength=80 message="Security rotation on schedule"
2025-12-24T21:42:20.977-0800 channel=freq_10 callsign=BRAVO-OPS sender=OpsCenter priority=routine signal_strength=86 message="Building ops check — all systems green"
2025-12-24T21:50:17.640-0800 channel=freq_10 callsign=BRAVO-OPS sender=Control priority=routine signal_strength=92 message="HVAC readings within parameters"
2025-12-24T22:01:00.000-0800 channel=freq_18 callsign=ALPHA-INT sender=Karl priority=high signal_strength=85 message="Floor 25 clear. Moving up."
2025-12-24T22:11:00.000-0800 channel=freq_18 callsign=ALPHA-INT sender=Theo priority=high signal_strength=87 message="Vault terminal access confirmed. Starting sequence."
2025-12-24T22:19:00.000-0800 channel=freq_18 callsign=ALPHA-INT sender=Hans priority=high signal_strength=85 message="Bring Takagi to the 30th floor."
2025-12-24T22:26:00.000-0800 channel=freq_18 callsign=ALPHA-INT sender=Karl priority=high signal_strength=86 message="Hostages secured. No resistance."
2025-12-24T22:31:23.757-0800 channel=freq_12 callsign=SIERRA-TAC sender=SWAT-Lead priority=urgent signal_strength=94 message="Units hold perimeter — no entry authorized"
2025-12-24T22:31:44.420-0800 channel=freq_12 callsign=SIERRA-TAC sender=Unit-12 priority=priority signal_strength=99 message="Units hold perimeter — no entry authorized"
2025-12-24T22:33:00.000-0800 channel=freq_18 callsign=ALPHA-INT sender=Theo priority=high signal_strength=92 message="Phone trunk lines — need the override."
2025-12-24T22:37:32.731-0800 channel=freq_12 callsign=SIERRA-TAC sender=Unit-7 priority=routine signal_strength=76 message="Negotiator on scene — standby"
2025-12-24T22:39:00.000-0800 channel=freq_18 callsign=ALPHA-INT sender=Hans priority=high signal_strength=97 message="Everything according to plan. Stay on schedule."
2025-12-24T22:41:11.060-0800 channel=freq_12 callsign=SIERRA-TAC sender=SWAT-Lead priority=priority signal_strength=78 message="Civilian evacuation complete — 2 block radius"
2025-12-24T22:41:59.019-0800 channel=freq_12 callsign=SIERRA-TAC sender=Unit-7 priority=priority signal_strength=96 message="Units hold perimeter — no entry authorized"
2025-12-24T22:45:06.310-0800 channel=freq_12 callsign=SIERRA-TAC sender=Unit-7 priority=priority signal_strength=87 message="Shots fired report — upper floors — unconfirmed"
2025-12-24T22:45:37.992-0800 channel=freq_12 callsign=SIERRA-TAC sender=Unit-12 priority=urgent signal_strength=81 message="Negotiator on scene — standby"
2025-12-24T22:47:00.000-0800 channel=freq_18 callsign=ALPHA-INT sender=Karl priority=high signal_strength=95 message="Someone tripped a fire alarm on 25. Checking."
2025-12-24T22:51:19.304-0800 channel=freq_16 callsign=DELTA-FIRE sender=Engine-7 priority=routine signal_strength=96 message="Fire alarm — building — likely false positive"
2025-12-24T22:52:20.416-0800 channel=freq_12 callsign=SIERRA-TAC sender=Unit-12 priority=routine signal_strength=73 message="SWAT staging at north entrance"
2025-12-24T22:52:23.986-0800 channel=freq_12 callsign=SIERRA-TAC sender=SWAT-Lead priority=priority signal_strength=99 message="Shots fired report — upper floors — unconfirmed"
2025-12-24T22:52:39.130-0800 channel=freq_12 callsign=SIERRA-TAC sender=Unit-12 priority=priority signal_strength=96 message="Civilian evacuation complete — 2 block radius"
2025-12-24T22:53:00.000-0800 channel=freq_18 callsign=ALPHA-INT sender=Theo priority=high signal_strength=93 message="Ambulance in position. Bay confirmed."
2025-12-24T22:55:32.630-0800 channel=freq_16 callsign=DELTA-FIRE sender=Ladder-22 priority=routine signal_strength=88 message="Hazmat unit on scene — no chemical indicators"
2025-12-24T22:56:18.271-0800 channel=freq_12 callsign=SIERRA-TAC sender=Dispatch priority=priority signal_strength=74 message="SWAT staging at north entrance"
2025-12-24T22:58:13.304-0800 channel=freq_12 callsign=SIERRA-TAC sender=Dispatch priority=priority signal_strength=83 message="Negotiator on scene — standby"
2025-12-24T22:58:58.846-0800 channel=freq_12 callsign=SIERRA-TAC sender=Dispatch priority=priority signal_strength=70 message="SWAT staging at north entrance"
2025-12-24T22:59:53.663-0800 channel=freq_12 callsign=SIERRA-TAC sender=Dispatch priority=priority signal_strength=70 message="Helicopter requested — ETA pending"
2025-12-24T23:00:44.380-0800 channel=freq_12 callsign=SIERRA-TAC sender=SWAT-Lead priority=routine signal_strength=93 message="Media containment — push press back 500 feet"
2025-12-24T23:02:07.904-0800 channel=freq_14 callsign=KILO-FOXTROT-BRAVO sender=FBI-HQ priority=urgent signal_strength=99 message="Sniper teams in position — north and south"
2025-12-24T23:02:21.818-0800 channel=freq_12 callsign=SIERRA-TAC sender=Unit-12 priority=urgent signal_strength=71 message="Media containment — push press back 500 feet"
2025-12-24T23:02:30.964-0800 channel=freq_12 callsign=SIERRA-TAC sender=Unit-7 priority=routine signal_strength=91 message="Media containment — push press back 500 feet"
2025-12-24T23:02:48.973-0800 channel=freq_14 callsign=KILO-FOXTROT-BRAVO sender="Agent Johnson" priority=urgent signal_strength=92 message="Sniper teams in position — north and south"
2025-12-24T23:02:49.673-0800 channel=freq_12 callsign=SIERRA-TAC sender=SWAT-Lead priority=urgent signal_strength=82 message="Shots fired report — upper floors — unconfirmed"
2025-12-24T23:03:57.269-0800 channel=freq_12 callsign=SIERRA-TAC sender=Dispatch priority=routine signal_strength=83 message="SWAT staging at north entrance"
2025-12-24T23:04:09.520-0800 channel=freq_16 callsign=DELTA-FIRE sender=Engine-7 priority=routine signal_strength=82 message="Hazmat unit on scene — no chemical indicators"
2025-12-24T23:04:11.068-0800 channel=freq_16 callsign=DELTA-FIRE sender=Engine-7 priority=routine signal_strength=85 message="Hazmat unit on scene — no chemical indicators"
2025-12-24T23:05:00.000-0800 channel=freq_12 callsign=SIERRA-TAC sender=Dispatch priority=priority signal_strength=95 message="PATROL UNIT RESPONDING — SGT AL POWELL BADGE-8114 — FIRST ON SCENE — ESTABLISHING CONTACT WITH INDIVIDUAL INSIDE BUILDING"
2025-12-24T23:05:55.023-0800 channel=freq_16 callsign=DELTA-FIRE sender=Engine-7 priority=routine signal_strength=89 message="Staged at south entrance — standby for medical"
2025-12-24T23:07:21.547-0800 channel=freq_12 callsign=SIERRA-TAC sender=Unit-7 priority=priority signal_strength=95 message="Shots fired report — upper floors — unconfirmed"
2025-12-24T23:08:20.723-0800 channel=freq_14 callsign=KILO-FOXTROT-BRAVO sender="Agent Johnson" priority=priority signal_strength=95 message="FBI has jurisdiction — all local units stand down"
2025-12-24T23:09:04.923-0800 channel=freq_12 callsign=SIERRA-TAC sender=SWAT-Lead priority=urgent signal_strength=85 message="SWAT staging at north entrance"
2025-12-24T23:10:00.000-0800 channel=freq_14 callsign=KILO-FOXTROT-BRAVO sender=Negotiator priority=flash signal_strength=97 message="SUBJECT GRUBER STATES DEADLINE 0200 — REPEAT — DEADLINE 0200 — DEMANDS NOT MET BUILDING WILL BE DESTROYED"
2025-12-24T23:10:14.945-0800 channel=freq_16 callsign=DELTA-FIRE sender=LAFD-Command priority=routine signal_strength=87 message="Staged at south entrance — standby for medical"
2025-12-24T23:10:26.776-0800 channel=freq_12 callsign=SIERRA-TAC sender=Unit-7 priority=urgent signal_strength=77 message="Helicopter requested — ETA pending"
2025-12-24T23:11:49.587-0800 channel=freq_12 callsign=SIERRA-TAC sender=Unit-7 priority=priority signal_strength=87 message="Media containment — push press back 500 feet"
2025-12-24T23:12:07.262-0800 channel=freq_14 callsign=KILO-FOXTROT-BRAVO sender="Agent Johnson" priority=urgent signal_strength=82 message="This is a federal operation now"
2025-12-24T23:12:08.359-0800 channel=freq_12 callsign=SIERRA-TAC sender=Unit-7 priority=priority signal_strength=96 message="Shots fired report — upper floors — unconfirmed"
2025-12-24T23:12:38.927-0800 channel=freq_14 callsign=KILO-FOXTROT-BRAVO sender="Agent Johnson" priority=priority signal_strength=92 message="Helicopter inbound from El Toro"
2025-12-24T23:12:53.719-0800 channel=freq_14 callsign=KILO-FOXTROT-BRAVO sender=FBI-Lead priority=priority signal_strength=86 message="We'll need the building plans — contact city planning"
2025-12-24T23:13:08.518-0800 channel=freq_14 callsign=KILO-FOXTROT-BRAVO sender=FBI-HQ priority=flash signal_strength=84 message="FBI has jurisdiction — all local units stand down"
2025-12-24T23:13:50.989-0800 channel=freq_14 callsign=KILO-FOXTROT-BRAVO sender="Agent Johnson" priority=urgent signal_strength=79 message="Helicopter inbound from El Toro"
2025-12-24T23:13:53.469-0800 channel=freq_14 callsign=KILO-FOXTROT-BRAVO sender=FBI-HQ priority=priority signal_strength=79 message="Confirm power grid access — awaiting authorization"
2025-12-24T23:14:25.277-0800 channel=freq_14 callsign=KILO-FOXTROT-BRAVO sender="Agent Johnson" priority=urgent signal_strength=99 message="Helicopter inbound from El Toro"
2025-12-24T23:14:27.774-0800 channel=freq_12 callsign=SIERRA-TAC sender=Unit-12 priority=routine signal_strength=92 message="SWAT staging at north entrance"
2025-12-24T23:15:47.666-0800 channel=freq_14 callsign=KILO-FOXTROT-BRAVO sender="Agent Johnson" priority=flash signal_strength=85 message="Sniper teams in position — north and south"
2025-12-24T23:16:05.919-0800 channel=freq_12 callsign=SIERRA-TAC sender=SWAT-Lead priority=urgent signal_strength=72 message="Media containment — push press back 500 feet"
2025-12-24T23:16:21.168-0800 channel=freq_16 callsign=DELTA-FIRE sender=Engine-7 priority=routine signal_strength=84 message="Staged at south entrance — standby for medical"
2025-12-24T23:16:37.006-0800 channel=freq_14 callsign=KILO-FOXTROT-BRAVO sender="Agent Johnson" priority=urgent signal_strength=91 message="Sniper teams in position — north and south"
2025-12-24T23:18:18.006-0800 channel=freq_14 callsign=KILO-FOXTROT-BRAVO sender=FBI-Lead priority=flash signal_strength=92 message="This is a federal operation now"
2025-12-24T23:18:56.368-0800 channel=freq_14 callsign=KILO-FOXTROT-BRAVO sender="Agent Johnson" priority=urgent signal_strength=92 message="Thermal imaging shows hostages on floor 30"
2025-12-24T23:19:10.359-0800 channel=freq_12 callsign=SIERRA-TAC sender=Unit-12 priority=urgent signal_strength=90 message="Units hold perimeter — no entry authorized"
2025-12-24T23:20:00.000-0800 channel=freq_14 callsign=KILO-FOXTROT-BRAVO sender="Agent Johnson" priority=flash signal_strength=98 message="ASSAULT HELICOPTER ETA 2330 — REPEAT — ETA 2330 — ROOFTOP APPROACH — ALL UNITS PREPARE"
2025-12-24T23:21:46.064-0800 channel=freq_12 callsign=SIERRA-TAC sender=Unit-7 priority=urgent signal_strength=81 message="Helicopter requested — ETA pending"
2025-12-24T23:26:32.804-0800 channel=freq_14 callsign=KILO-FOXTROT-BRAVO sender="Agent Johnson" priority=urgent signal_strength=79 message="Helicopter inbound from El Toro"
2025-12-24T23:26:36.836-0800 channel=freq_14 callsign=KILO-FOXTROT-BRAVO sender="Agent Johnson" priority=priority signal_strength=95 message="We'll need the building plans — contact city planning"
2025-12-24T23:27:27.978-0800 channel=freq_16 callsign=DELTA-FIRE sender=Engine-7 priority=routine signal_strength=88 message="Hazmat unit on scene — no chemical indicators"
2025-12-24T23:28:24.792-0800 channel=freq_14 callsign=KILO-FOXTROT-BRAVO sender=FBI-HQ priority=flash signal_strength=78 message="Helicopter inbound from El Toro"
2025-12-24T23:30:08.606-0800 channel=freq_12 callsign=SIERRA-TAC sender=Dispatch priority=priority signal_strength=85 message="Media containment — push press back 500 feet"
2025-12-24T23:30:33.411-0800 channel=freq_16 callsign=DELTA-FIRE sender=LAFD-Command priority=routine signal_strength=80 message="Fire alarm — building — likely false positive"
2025-12-24T23:30:42.746-0800 channel=freq_12 callsign=SIERRA-TAC sender=Dispatch priority=urgent signal_strength=78 message="Shots fired report — upper floors — unconfirmed"
2025-12-24T23:30:48.002-0800 channel=freq_16 callsign=DELTA-FIRE sender=Ladder-22 priority=routine signal_strength=99 message="Staged at south entrance — standby for medical"
2025-12-24T23:31:15.282-0800 channel=freq_14 callsign=KILO-FOXTROT-BRAVO sender="Agent Johnson" priority=flash signal_strength=99 message="Confirm power grid access — awaiting authorization"
2025-12-24T23:32:00.991-0800 channel=freq_14 callsign=KILO-FOXTROT-BRAVO sender=FBI-Lead priority=flash signal_strength=92 message="Sniper teams in position — north and south"
2025-12-24T23:32:21.240-0800 channel=freq_14 callsign=KILO-FOXTROT-BRAVO sender=FBI-HQ priority=flash signal_strength=83 message="Sniper teams in position — north and south"
2025-12-24T23:35:20.949-0800 channel=freq_14 callsign=KILO-FOXTROT-BRAVO sender="Agent Johnson" priority=priority signal_strength=87 message="This is a federal operation now"
2025-12-24T23:35:29.448-0800 channel=freq_14 callsign=KILO-FOXTROT-BRAVO sender=FBI-HQ priority=urgent signal_strength=97 message="Sniper teams in position — north and south"
2025-12-24T23:36:20.162-0800 channel=freq_14 callsign=KILO-FOXTROT-BRAVO sender="Agent Johnson" priority=urgent signal_strength=94 message="This is a federal operation now"
2025-12-24T23:36:29.361-0800 channel=freq_12 callsign=SIERRA-TAC sender=Dispatch priority=urgent signal_strength=87 message="Helicopter requested — ETA pending"
2025-12-24T23:36:47.413-0800 channel=freq_14 callsign=KILO-FOXTROT-BRAVO sender="Agent Johnson" priority=flash signal_strength=95 message="This is a federal operation now"
2025-12-24T23:36:50.310-0800 channel=freq_16 callsign=DELTA-FIRE sender=LAFD-Command priority=routine signal_strength=96 message="Staged at south entrance — standby for medical"
2025-12-24T23:37:31.371-0800 channel=freq_14 callsign=KILO-FOXTROT-BRAVO sender=FBI-Lead priority=flash signal_strength=96 message="Thermal imaging shows hostages on floor 30"
2025-12-24T23:37:39.655-0800 channel=freq_14 callsign=KILO-FOXTROT-BRAVO sender=FBI-Lead priority=flash signal_strength=77 message="This is a federal operation now"
2025-12-24T23:38:44.642-0800 channel=freq_12 callsign=SIERRA-TAC sender=Unit-7 priority=urgent signal_strength=87 message="Units hold perimeter — no entry authorized"
2025-12-24T23:39:04.271-0800 channel=freq_12 callsign=SIERRA-TAC sender=Unit-12 priority=urgent signal_strength=99 message="Civilian evacuation complete — 2 block radius"
2025-12-24T23:40:04.218-0800 channel=freq_12 callsign=SIERRA-TAC sender=SWAT-Lead priority=priority signal_strength=81 message="Civilian evacuation complete — 2 block radius"
2025-12-24T23:40:24.381-0800 channel=freq_16 callsign=DELTA-FIRE sender=Ladder-22 priority=routine signal_strength=86 message="Two ambulances standing by"
2025-12-24T23:41:00.421-0800 channel=freq_16 callsign=DELTA-FIRE sender=Ladder-22 priority=routine signal_strength=85 message="Fire alarm — building — likely false positive"
2025-12-24T23:42:00.969-0800 channel=freq_14 callsign=KILO-FOXTROT-BRAVO sender="Agent Johnson" priority=priority signal_strength=97 message="Thermal imaging shows hostages on floor 30"
2025-12-24T23:42:42.391-0800 channel=freq_14 callsign=KILO-FOXTROT-BRAVO sender=FBI-HQ priority=priority signal_strength=76 message="Confirm power grid access — awaiting authorization"
2025-12-24T23:43:58.730-0800 channel=freq_16 callsign=DELTA-FIRE sender=Engine-7 priority=routine signal_strength=84 message="Fire alarm — building — likely false positive"
2025-12-24T23:44:05.210-0800 channel=freq_14 callsign=KILO-FOXTROT-BRAVO sender="Agent Johnson" priority=flash signal_strength=98 message="Sniper teams in position — north and south"
2025-12-24T23:45:01.132-0800 channel=freq_12 callsign=SIERRA-TAC sender=Unit-12 priority=priority signal_strength=78 message="SWAT staging at north entrance"
2025-12-24T23:45:36.312-0800 channel=freq_14 callsign=KILO-FOXTROT-BRAVO sender="Agent Johnson" priority=priority signal_strength=89 message="Confirm power grid access — awaiting authorization"
2025-12-24T23:45:58.428-0800 channel=freq_12 callsign=SIERRA-TAC sender=Unit-12 priority=priority signal_strength=89 message="Shots fired report — upper floors — unconfirmed"
2025-12-24T23:46:27.595-0800 channel=freq_12 callsign=SIERRA-TAC sender=Dispatch priority=priority signal_strength=76 message="Units hold perimeter — no entry authorized"
2025-12-24T23:46:40.813-0800 channel=freq_12 callsign=SIERRA-TAC sender=Unit-7 priority=routine signal_strength=98 message="SWAT staging at north entrance"
2025-12-24T23:46:54.984-0800 channel=freq_14 callsign=KILO-FOXTROT-BRAVO sender=FBI-Lead priority=priority signal_strength=85 message="FBI has jurisdiction — all local units stand down"
2025-12-24T23:48:03.050-0800 channel=freq_12 callsign=SIERRA-TAC sender=Dispatch priority=priority signal_strength=96 message="Media containment — push press back 500 feet"
2025-12-24T23:48:37.677-0800 channel=freq_14 callsign=KILO-FOXTROT-BRAVO sender=FBI-Lead priority=urgent signal_strength=95 message="We'll need the building plans — contact city planning"
2025-12-24T23:50:17.674-0800 channel=freq_12 callsign=SIERRA-TAC sender=Unit-12 priority=priority signal_strength=90 message="SWAT staging at north entrance"
2025-12-24T23:50:19.951-0800 channel=freq_12 callsign=SIERRA-TAC sender=Unit-12 priority=routine signal_strength=89 message="Shots fired report — upper floors — unconfirmed"
2025-12-24T23:50:21.935-0800 channel=freq_12 callsign=SIERRA-TAC sender=SWAT-Lead priority=priority signal_strength=81 message="Shots fired report — upper floors — unconfirmed"
2025-12-24T23:50:54.767-0800 channel=freq_14 callsign=KILO-FOXTROT-BRAVO sender="Agent Johnson" priority=urgent signal_strength=81 message="FBI has jurisdiction — all local units stand down"
2025-12-24T23:51:50.505-0800 channel=freq_14 callsign=KILO-FOXTROT-BRAVO sender="Agent Johnson" priority=priority signal_strength=87 message="Confirm power grid access — awaiting authorization"
2025-12-24T23:52:49.035-0800 channel=freq_14 callsign=KILO-FOXTROT-BRAVO sender=FBI-Lead priority=urgent signal_strength=86 message="FBI has jurisdiction — all local units stand down"
2025-12-24T23:53:08.956-0800 channel=freq_12 callsign=SIERRA-TAC sender=Unit-7 priority=urgent signal_strength=76 message="Shots fired report — upper floors — unconfirmed"
2025-12-24T23:53:13.549-0800 channel=freq_12 callsign=SIERRA-TAC sender=Dispatch priority=routine signal_strength=92 message="Negotiator on scene — standby"
2025-12-24T23:54:20.577-0800 channel=freq_12 callsign=SIERRA-TAC sender=Dispatch priority=urgent signal_strength=78 message="Shots fired report — upper floors — unconfirmed"
2025-12-24T23:54:29.204-0800 channel=freq_12 callsign=SIERRA-TAC sender=Unit-7 priority=routine signal_strength=73 message="Civilian evacuation complete — 2 block radius"
2025-12-24T23:54:29.281-0800 channel=freq_12 callsign=SIERRA-TAC sender=Unit-7 priority=priority signal_strength=81 message="Units hold perimeter — no entry authorized"
2025-12-24T23:55:02.937-0800 channel=freq_12 callsign=SIERRA-TAC sender=Unit-7 priority=priority signal_strength=99 message="Negotiator on scene — standby"
2025-12-24T23:55:32.281-0800 channel=freq_14 callsign=KILO-FOXTROT-BRAVO sender="Agent Johnson" priority=priority signal_strength=85 message="Confirm power grid access — awaiting authorization"
2025-12-24T23:56:01.240-0800 channel=freq_12 callsign=SIERRA-TAC sender=Unit-7 priority=routine signal_strength=79 message="Helicopter requested — ETA pending"
2025-12-24T23:57:14.014-0800 channel=freq_12 callsign=SIERRA-TAC sender=SWAT-Lead priority=routine signal_strength=76 message="Negotiator on scene — standby"
2025-12-24T23:58:01.096-0800 channel=freq_14 callsign=KILO-FOXTROT-BRAVO sender=FBI-Lead priority=urgent signal_strength=80 message="Thermal imaging shows hostages on floor 30"
2025-12-24T23:58:42.735-0800 channel=freq_16 callsign=DELTA-FIRE sender=Ladder-22 priority=routine signal_strength=98 message="Fire alarm — building — likely false positive"
2025-12-24T23:58:59.694-0800 channel=freq_14 callsign=KILO-FOXTROT-BRAVO sender=FBI-Lead priority=flash signal_strength=89 message="This is a federal operation now"
2025-12-24T23:59:04.715-0800 channel=freq_14 callsign=KILO-FOXTROT-BRAVO sender="Agent Johnson" priority=flash signal_strength=81 message="FBI has jurisdiction — all local units stand down"
2025-12-24T23:59:58.492-0800 channel=freq_14 callsign=KILO-FOXTROT-BRAVO sender=FBI-HQ priority=priority signal_strength=97 message="Thermal imaging shows hostages on floor 30"
