2025-12-24T18:02:19.946-0800 trunk_id=TRUNK-9110 trunk_type=emergency direction=outbound extension=x6380 duration=324 status=completed
2025-12-24T18:03:02.119-0800 trunk_id=TRUNK-9110 trunk_type=emergency direction=inbound extension=x1420 duration=271 status=completed
2025-12-24T18:03:25.117-0800 trunk_id=TRUNK-7701 trunk_type=external direction=inbound extension=x7293 duration=190 status=completed
2025-12-24T18:06:28.923-0800 trunk_id=TRUNK-7700 trunk_type=external direction=outbound extension=x4874 duration=118 status=completed
2025-12-24T18:08:46.469-0800 trunk_id=TRUNK-7700 trunk_type=external direction=outbound extension=x6502 duration=50 status=completed
2025-12-24T18:08:52.123-0800 trunk_id=TRUNK-7700 trunk_type=external direction=outbound extension=x8549 duration=210 status=completed
2025-12-24T18:10:15.486-0800 trunk_id=TRUNK-9110 trunk_type=emergency direction=inbound extension=x6687 duration=492 status=completed
2025-12-24T18:12:54.310-0800 trunk_id=TRUNK-5500 trunk_type=internal direction=outbound extension=x4581 duration=452 status=completed
2025-12-24T18:13:42.562-0800 trunk_id=TRUNK-7700 trunk_type=external direction=inbound extension=x5698 duration=411 status=completed
2025-12-24T18:14:43.630-0800 trunk_id=TRUNK-5500 trunk_type=internal direction=inbound extension=x1189 duration=530 status=completed
2025-12-24T18:15:22.132-0800 trunk_id=TRUNK-9110 trunk_type=emergency direction=inbound extension=x2783 duration=382 status=completed
2025-12-24T18:15:54.942-0800 trunk_id=TRUNK-5500 trunk_type=internal direction=inbound extension=x1229 duration=290 status=completed
2025-12-24T18:16:30.579-0800 trunk_id=TRUNK-9110 trunk_type=emergency direction=outbound extension=x6134 duration=347 status=completed
2025-12-24T18:20:26.074-0800 trunk_id=TRUNK-7701 trunk_type=external direction=inbound extension=x7968 duration=452 status=completed
2025-12-24T18:21:04.809-0800 trunk_id=TRUNK-5500 trunk_type=internal direction=outbound extension=x1854 duration=468 status=completed
2025-12-24T18:22:08.880-0800 trunk_id=TRUNK-7700 trunk_type=external direction=inbound extension=x2202 duration=535 status=completed
2025-12-24T18:24:20.326-0800 trunk_id=TRUNK-7700 trunk_type=external direction=outbound extension=x8055 duration=440 status=completed
2025-12-24T18:29:19.911-0800 trunk_id=TRUNK-7701 trunk_type=external direction=inbound extension=x5566 duration=301 status=completed
2025-12-24T18:30:25.153-0800 trunk_id=TRUNK-7700 trunk_type=external direction=outbound extension=x1371 duration=280 status=completed
2025-12-24T18:30:33.285-0800 trunk_id=TRUNK-5501 trunk_type=internal direction=outbound extension=x7741 duration=307 status=completed
2025-12-24T18:31:02.887-0800 trunk_id=TRUNK-7701 trunk_type=external direction=inbound extension=x6178 duration=220 status=completed
2025-12-24T18:32:09.899-0800 trunk_id=TRUNK-7701 trunk_type=external direction=inbound extension=x7188 duration=138 status=completed
2025-12-24T18:32:37.792-0800 trunk_id=TRUNK-5501 trunk_type=internal direction=inbound extension=x7475 duration=548 status=completed
2025-12-24T18:33:08.947-0800 trunk_id=TRUNK-5500 trunk_type=internal direction=outbound extension=x8475 duration=64 status=completed
2025-12-24T18:33:48.939-0800 trunk_id=TRUNK-9110 trunk_type=emergency direction=inbound extension=x1649 duration=563 status=completed
2025-12-24T18:33:58.410-0800 trunk_id=TRUNK-7700 trunk_type=external direction=outbound extension=x3447 duration=247 status=completed
2025-12-24T18:37:43.442-0800 trunk_id=TRUNK-7701 trunk_type=external direction=inbound extension=x9473 duration=441 status=completed
2025-12-24T18:38:45.281-0800 trunk_id=TRUNK-7700 trunk_type=external direction=outbound extension=x6877 duration=221 status=completed
2025-12-24T18:39:56.300-0800 trunk_id=TRUNK-7701 trunk_type=external direction=inbound extension=x4693 duration=107 status=completed
2025-12-24T18:40:33.301-0800 trunk_id=TRUNK-7701 trunk_type=external direction=outbound extension=x1968 duration=458 status=completed
2025-12-24T18:40:59.845-0800 trunk_id=TRUNK-7700 trunk_type=external direction=outbound extension=x5320 duration=129 status=completed
2025-12-24T18:41:16.810-0800 trunk_id=TRUNK-7700 trunk_type=external direction=outbound extension=x1591 duration=134 status=completed
2025-12-24T18:42:16.603-0800 trunk_id=TRUNK-5500 trunk_type=internal direction=inbound extension=x1297 duration=556 status=completed
2025-12-24T18:42:36.751-0800 trunk_id=TRUNK-7700 trunk_type=external direction=outbound extension=x8720 duration=75 status=completed
2025-12-24T18:43:15.353-0800 trunk_id=TRUNK-7700 trunk_type=external direction=outbound extension=x9176 duration=58 status=completed
2025-12-24T18:47:32.512-0800 trunk_id=TRUNK-7700 trunk_type=external direction=outbound extension=x1474 duration=73 status=completed
2025-12-24T18:50:33.033-0800 trunk_id=TRUNK-7701 trunk_type=external direction=outbound extension=x7098 duration=500 status=completed
2025-12-24T18:52:52.439-0800 trunk_id=TRUNK-7701 trunk_type=external direction=inbound extension=x5031 duration=237 status=completed
2025-12-24T18:55:54.073-0800 trunk_id=TRUNK-7701 trunk_type=external direction=inbound extension=x1004 duration=291 status=completed
2025-12-24T18:57:31.528-0800 trunk_id=TRUNK-9110 trunk_type=emergency direction=inbound extension=x5192 duration=214 status=completed
2025-12-24T18:57:46.986-0800 trunk_id=TRUNK-7700 trunk_type=external direction=outbound extension=x2799 duration=294 status=completed
2025-12-24T18:59:26.503-0800 trunk_id=TRUNK-9110 trunk_type=emergency direction=outbound extension=x5840 duration=379 status=completed
2025-12-24T19:00:26.728-0800 trunk_id=TRUNK-7700 trunk_type=external direction=outbound extension=x1811 duration=132 status=completed
2025-12-24T19:01:52.681-0800 trunk_id=TRUNK-7701 trunk_type=external direction=inbound extension=x6584 duration=340 status=completed
2025-12-24T19:02:05.363-0800 trunk_id=TRUNK-9110 trunk_type=emergency direction=inbound extension=x2045 duration=72 status=completed
2025-12-24T19:05:20.883-0800 trunk_id=TRUNK-9110 trunk_type=emergency direction=outbound extension=x6039 duration=291 status=completed
2025-12-24T19:05:37.257-0800 trunk_id=TRUNK-5500 trunk_type=internal direction=outbound extension=x8452 duration=60 status=completed
2025-12-24T19:07:32.652-0800 trunk_id=TRUNK-5500 trunk_type=internal direction=inbound extension=x1229 duration=57 status=completed
2025-12-24T19:07:36.244-0800 trunk_id=TRUNK-5500 trunk_type=internal direction=outbound extension=x9341 duration=359 status=completed
2025-12-24T19:09:14.894-0800 trunk_id=TRUNK-5500 trunk_type=internal direction=inbound extension=x3658 duration=133 status=completed
2025-12-24T19:10:45.798-0800 trunk_id=TRUNK-7700 trunk_type=external direction=outbound extension=x4301 duration=221 status=completed
2025-12-24T19:11:59.338-0800 trunk_id=TRUNK-7701 trunk_type=external direction=inbound extension=x5797 duration=206 status=completed
2025-12-24T19:18:37.355-0800 trunk_id=TRUNK-7701 trunk_type=external direction=inbound extension=x2135 duration=330 status=completed
2025-12-24T19:19:23.609-0800 trunk_id=TRUNK-5501 trunk_type=internal direction=inbound extension=x6774 duration=301 status=completed
2025-12-24T19:22:03.392-0800 trunk_id=TRUNK-5501 trunk_type=internal direction=outbound extension=x9351 duration=354 status=completed
2025-12-24T19:22:29.352-0800 trunk_id=TRUNK-9110 trunk_type=emergency direction=inbound extension=x8288 duration=465 status=completed
2025-12-24T19:23:04.857-0800 trunk_id=TRUNK-7700 trunk_type=external direction=outbound extension=x4087 duration=116 status=completed
2025-12-24T19:26:00.410-0800 trunk_id=TRUNK-5500 trunk_type=internal direction=outbound extension=x8445 duration=427 status=completed
2025-12-24T19:26:04.469-0800 trunk_id=TRUNK-7701 trunk_type=external direction=inbound extension=x1239 duration=566 status=completed
2025-12-24T19:27:22.418-0800 trunk_id=TRUNK-7701 trunk_type=external direction=inbound extension=x7857 duration=142 status=completed
2025-12-24T19:27:39.410-0800 trunk_id=TRUNK-7700 trunk_type=external direction=inbound extension=x8384 duration=542 status=completed
2025-12-24T19:33:37.471-0800 trunk_id=TRUNK-9110 trunk_type=emergency direction=outbound extension=x6418 duration=241 status=completed
2025-12-24T19:34:49.623-0800 trunk_id=TRUNK-9110 trunk_type=emergency direction=outbound extension=x9521 duration=48 status=completed
2025-12-24T19:36:47.936-0800 trunk_id=TRUNK-5501 trunk_type=internal direction=inbound extension=x4413 duration=322 status=completed
2025-12-24T19:37:02.099-0800 trunk_id=TRUNK-5501 trunk_type=internal direction=inbound extension=x3141 duration=236 status=completed
2025-12-24T19:40:38.959-0800 trunk_id=TRUNK-7700 trunk_type=external direction=outbound extension=x9412 duration=77 status=completed
2025-12-24T19:41:24.864-0800 trunk_id=TRUNK-5500 trunk_type=internal direction=inbound extension=x9598 duration=171 status=completed
2025-12-24T19:43:48.066-0800 trunk_id=TRUNK-9110 trunk_type=emergency direction=outbound extension=x5804 duration=354 status=completed
2025-12-24T19:43:54.501-0800 trunk_id=TRUNK-7700 trunk_type=external direction=outbound extension=x5162 duration=233 status=completed
2025-12-24T19:44:36.976-0800 trunk_id=TRUNK-7700 trunk_type=external direction=inbound extension=x8694 duration=180 status=completed
2025-12-24T19:44:45.438-0800 trunk_id=TRUNK-7701 trunk_type=external direction=outbound extension=x5545 duration=51 status=completed
2025-12-24T19:46:04.026-0800 trunk_id=TRUNK-9110 trunk_type=emergency direction=outbound extension=x1624 duration=479 status=completed
2025-12-24T19:49:57.429-0800 trunk_id=TRUNK-7700 trunk_type=external direction=outbound extension=x9002 duration=481 status=completed
2025-12-24T19:52:13.949-0800 trunk_id=TRUNK-7701 trunk_type=external direction=inbound extension=x9806 duration=552 status=completed
2025-12-24T19:53:50.660-0800 trunk_id=TRUNK-7701 trunk_type=external direction=outbound extension=x5906 duration=72 status=completed
2025-12-24T19:54:27.512-0800 trunk_id=TRUNK-5501 trunk_type=internal direction=inbound extension=x4210 duration=405 status=completed
2025-12-24T19:55:38.684-0800 trunk_id=TRUNK-7700 trunk_type=external direction=outbound extension=x4047 duration=102 status=completed
2025-12-24T19:57:16.889-0800 trunk_id=TRUNK-5500 trunk_type=internal direction=inbound extension=x7938 duration=149 status=completed
2025-12-24T20:00:05.034-0800 trunk_id=TRUNK-5500 trunk_type=internal direction=inbound extension=x6166 duration=156 status=completed
2025-12-24T20:05:08.035-0800 trunk_id=TRUNK-7700 trunk_type=external direction=outbound extension=x7943 duration=273 status=completed
2025-12-24T20:07:15.700-0800 trunk_id=TRUNK-5500 trunk_type=internal direction=outbound extension=x1901 duration=528 status=completed
2025-12-24T20:07:51.498-0800 trunk_id=TRUNK-9110 trunk_type=emergency direction=outbound extension=x5957 duration=276 status=completed
2025-12-24T20:08:22.568-0800 trunk_id=TRUNK-5501 trunk_type=internal direction=outbound extension=x8302 duration=192 status=completed
2025-12-24T20:08:38.610-0800 trunk_id=TRUNK-7700 trunk_type=external direction=outbound extension=x8988 duration=229 status=completed
2025-12-24T20:14:40.726-0800 trunk_id=TRUNK-5500 trunk_type=internal direction=outbound extension=x2960 duration=448 status=completed
2025-12-24T20:19:03.186-0800 trunk_id=TRUNK-5500 trunk_type=internal direction=inbound extension=x9792 duration=258 status=completed
2025-12-24T20:19:53.756-0800 trunk_id=TRUNK-7700 trunk_type=external direction=outbound extension=x9761 duration=222 status=completed
2025-12-24T20:20:07.510-0800 trunk_id=TRUNK-7700 trunk_type=external direction=outbound extension=x2679 duration=121 status=completed
2025-12-24T20:23:32.568-0800 trunk_id=TRUNK-7700 trunk_type=external direction=outbound extension=x7521 duration=274 status=completed
2025-12-24T20:25:49.563-0800 trunk_id=TRUNK-9110 trunk_type=emergency direction=inbound extension=x9829 duration=217 status=completed
2025-12-24T20:28:47.897-0800 trunk_id=TRUNK-7700 trunk_type=external direction=outbound extension=x8206 duration=283 status=completed
2025-12-24T20:29:22.331-0800 trunk_id=TRUNK-5500 trunk_type=internal direction=outbound extension=x3001 duration=320 status=completed
2025-12-24T20:29:50.004-0800 trunk_id=TRUNK-9110 trunk_type=emergency direction=outbound extension=x6783 duration=99 status=completed
2025-12-24T20:30:49.624-0800 trunk_id=TRUNK-5501 trunk_type=internal direction=inbound extension=x6262 duration=550 status=completed
2025-12-24T20:31:29.577-0800 trunk_id=TRUNK-5501 trunk_type=internal direction=inbound extension=x6971 duration=280 status=completed
2025-12-24T20:32:37.290-0800 trunk_id=TRUNK-5500 trunk_type=internal direction=inbound extension=x4778 duration=464 status=completed
2025-12-24T20:32:55.367-0800 trunk_id=TRUNK-7701 trunk_type=external direction=outbound extension=x4608 duration=205 status=completed
2025-12-24T20:34:51.933-0800 trunk_id=TRUNK-7701 trunk_type=external direction=inbound extension=x9174 duration=344 status=completed
2025-12-24T20:35:11.464-0800 trunk_id=TRUNK-7701 trunk_type=external direction=inbound extension=x9849 duration=555 status=completed
2025-12-24T20:39:41.806-0800 trunk_id=TRUNK-7700 trunk_type=external direction=inbound extension=x6562 duration=521 status=completed
2025-12-24T20:42:20.086-0800 trunk_id=TRUNK-7700 trunk_type=external direction=outbound extension=x4134 duration=233 status=completed
2025-12-24T20:44:08.892-0800 trunk_id=TRUNK-7700 trunk_type=external direction=outbound extension=x6871 duration=170 status=completed
2025-12-24T20:44:34.926-0800 trunk_id=TRUNK-9110 trunk_type=emergency direction=inbound extension=x6788 duration=149 status=completed
2025-12-24T20:44:51.702-0800 trunk_id=TRUNK-7700 trunk_type=external direction=inbound extension=x5298 duration=469 status=completed
2025-12-24T20:45:44.843-0800 trunk_id=TRUNK-7700 trunk_type=external direction=outbound extension=x6810 duration=266 status=completed
2025-12-24T20:47:06.719-0800 trunk_id=TRUNK-7700 trunk_type=external direction=outbound extension=x6301 duration=117 status=completed
2025-12-24T20:48:14.652-0800 trunk_id=TRUNK-9110 trunk_type=emergency direction=outbound extension=x3187 duration=565 status=completed
2025-12-24T20:48:29.707-0800 trunk_id=TRUNK-7700 trunk_type=external direction=inbound extension=x7601 duration=373 status=completed
2025-12-24T20:48:33.347-0800 trunk_id=TRUNK-5500 trunk_type=internal direction=inbound extension=x2756 duration=267 status=completed
2025-12-24T20:48:51.180-0800 trunk_id=TRUNK-9110 trunk_type=emergency direction=inbound extension=x2064 duration=333 status=completed
2025-12-24T20:49:05.547-0800 trunk_id=TRUNK-7700 trunk_type=external direction=outbound extension=x8423 duration=215 status=completed
2025-12-24T20:49:10.194-0800 trunk_id=TRUNK-7700 trunk_type=external direction=outbound extension=x8968 duration=90 status=completed
2025-12-24T20:49:12.786-0800 trunk_id=TRUNK-5501 trunk_type=internal direction=inbound extension=x4935 duration=12 status=completed
2025-12-24T20:49:17.437-0800 trunk_id=TRUNK-7701 trunk_type=external direction=inbound extension=x2792 duration=362 status=completed
2025-12-24T20:49:41.069-0800 trunk_id=TRUNK-7700 trunk_type=external direction=outbound extension=x6346 duration=203 status=completed
2025-12-24T20:52:36.474-0800 trunk_id=TRUNK-5501 trunk_type=internal direction=inbound extension=x4794 duration=302 status=completed
2025-12-24T20:52:39.675-0800 trunk_id=TRUNK-7700 trunk_type=external direction=outbound extension=x7952 duration=241 status=completed
2025-12-24T20:53:51.654-0800 trunk_id=TRUNK-7700 trunk_type=external direction=outbound extension=x1531 duration=58 status=completed
2025-12-24T20:56:37.403-0800 trunk_id=TRUNK-7700 trunk_type=external direction=outbound extension=x8362 duration=74 status=completed
2025-12-24T20:59:09.158-0800 trunk_id=TRUNK-5500 trunk_type=internal direction=outbound extension=x9293 duration=369 status=completed
2025-12-24T20:59:21.574-0800 trunk_id=TRUNK-5501 trunk_type=internal direction=outbound extension=x6609 duration=318 status=completed
2025-12-24T21:04:38.546-0800 trunk_id=TRUNK-9110 trunk_type=emergency direction=outbound extension=x6416 duration=366 status=completed
2025-12-24T21:05:16.179-0800 trunk_id=TRUNK-7700 trunk_type=external direction=inbound extension=x4065 duration=438 status=completed
2025-12-24T21:05:18.402-0800 trunk_id=TRUNK-5501 trunk_type=internal direction=outbound extension=x5984 duration=163 status=completed
2025-12-24T21:06:01.169-0800 trunk_id=TRUNK-5501 trunk_type=internal direction=outbound extension=x8548 duration=141 status=completed
2025-12-24T21:06:26.869-0800 trunk_id=TRUNK-9110 trunk_type=emergency direction=outbound extension=x8828 duration=518 status=completed
2025-12-24T21:06:32.393-0800 trunk_id=TRUNK-7700 trunk_type=external direction=outbound extension=x8160 duration=529 status=completed
2025-12-24T21:11:25.103-0800 trunk_id=TRUNK-7701 trunk_type=external direction=outbound extension=x1214 duration=461 status=completed
2025-12-24T21:15:48.093-0800 trunk_id=TRUNK-5500 trunk_type=internal direction=outbound extension=x4891 duration=579 status=completed
2025-12-24T21:16:00.070-0800 trunk_id=TRUNK-7700 trunk_type=external direction=outbound extension=x8344 duration=318 status=completed
2025-12-24T21:16:47.424-0800 trunk_id=TRUNK-7700 trunk_type=external direction=outbound extension=x2284 duration=86 status=completed
2025-12-24T21:17:04.420-0800 trunk_id=TRUNK-7700 trunk_type=external direction=outbound extension=x8483 duration=290 status=completed
2025-12-24T21:17:42.479-0800 trunk_id=TRUNK-5501 trunk_type=internal direction=outbound extension=x8567 duration=557 status=completed
2025-12-24T21:22:10.299-0800 trunk_id=TRUNK-7701 trunk_type=external direction=inbound extension=x4235 duration=582 status=completed
2025-12-24T21:22:38.251-0800 trunk_id=TRUNK-7700 trunk_type=external direction=outbound extension=x7507 duration=145 status=completed
2025-12-24T21:23:02.421-0800 trunk_id=TRUNK-5501 trunk_type=internal direction=outbound extension=x4317 duration=484 status=completed
2025-12-24T21:23:41.461-0800 trunk_id=TRUNK-7700 trunk_type=external direction=outbound extension=x4985 duration=108 status=completed
2025-12-24T21:33:45.272-0800 trunk_id=TRUNK-9110 trunk_type=emergency direction=outbound extension=x6005 duration=483 status=completed
2025-12-24T21:35:41.917-0800 trunk_id=TRUNK-7700 trunk_type=external direction=inbound extension=x4448 duration=453 status=completed
2025-12-24T21:39:32.686-0800 trunk_id=TRUNK-7701 trunk_type=external direction=inbound extension=x5109 duration=65 status=completed
2025-12-24T21:39:54.695-0800 trunk_id=TRUNK-5500 trunk_type=internal direction=inbound extension=x6415 duration=269 status=completed
2025-12-24T21:43:42.525-0800 trunk_id=TRUNK-5501 trunk_type=internal direction=outbound extension=x3946 duration=436 status=completed
2025-12-24T21:43:56.473-0800 trunk_id=TRUNK-5500 trunk_type=internal direction=outbound extension=x8258 duration=443 status=completed
2025-12-24T21:49:45.292-0800 trunk_id=TRUNK-5500 trunk_type=internal direction=inbound extension=x4197 duration=231 status=completed
2025-12-24T21:53:03.928-0800 trunk_id=TRUNK-7701 trunk_type=external direction=outbound extension=x7316 duration=386 status=completed
2025-12-24T21:55:01.700-0800 trunk_id=TRUNK-7700 trunk_type=external direction=outbound extension=x8235 duration=445 status=completed
2025-12-24T21:56:38.794-0800 trunk_id=TRUNK-7700 trunk_type=external direction=outbound extension=x2460 duration=53 status=completed
2025-12-24T21:56:45.079-0800 trunk_id=TRUNK-7701 trunk_type=external direction=inbound extension=x6382 duration=582 status=completed
2025-12-24T21:57:31.877-0800 trunk_id=TRUNK-7700 trunk_type=external direction=outbound extension=x8064 duration=123 status=completed
2025-12-24T21:59:39.759-0800 trunk_id=TRUNK-5501 trunk_type=internal direction=outbound extension=x3346 duration=160 status=completed
2025-12-24T22:02:00.814-0800 trunk_id=TRUNK-7700 trunk_type=external direction=outbound extension=x6098 duration=0 status=failed
2025-12-24T22:04:07.522-0800 trunk_id=TRUNK-7700 trunk_type=external direction=outbound extension=x3835 duration=0 status=failed
2025-12-24T22:05:00.000-0800 trunk_id=TRUNK-7700 trunk_type=external direction=system extension=x0000 duration=0 status=disconnected
2025-12-24T22:10:31.215-0800 trunk_id=TRUNK-9110 trunk_type=emergency direction=outbound extension=x8662 duration=4 status=intercepted
2025-12-24T22:11:44.649-0800 trunk_id=TRUNK-9110 trunk_type=emergency direction=outbound extension=x7342 duration=5 status=intercepted
2025-12-24T22:16:36.632-0800 trunk_id=TRUNK-7700 trunk_type=external direction=outbound extension=x8729 duration=0 status=failed
2025-12-24T22:19:24.347-0800 trunk_id=TRUNK-7700 trunk_type=external direction=outbound extension=x8443 duration=0 status=failed
2025-12-24T22:19:24.755-0800 trunk_id=TRUNK-7701 trunk_type=external direction=outbound extension=x1741 duration=0 status=failed
2025-12-24T22:27:28.503-0800 trunk_id=TRUNK-7701 trunk_type=external direction=outbound extension=x7445 duration=0 status=failed
2025-12-24T22:30:50.448-0800 trunk_id=TRUNK-7700 trunk_type=external direction=outbound extension=x7637 duration=0 status=failed
2025-12-24T22:37:36.250-0800 trunk_id=TRUNK-7700 trunk_type=external direction=outbound extension=x8810 duration=0 status=failed
2025-12-24T22:38:04.831-0800 trunk_id=TRUNK-7701 trunk_type=external direction=outbound extension=x8500 duration=0 status=failed
2025-12-24T22:39:06.553-0800 trunk_id=TRUNK-7701 trunk_type=external direction=outbound extension=x1930 duration=0 status=failed
2025-12-24T22:39:21.915-0800 trunk_id=TRUNK-7700 trunk_type=external direction=outbound extension=x5157 duration=0 status=failed
2025-12-24T22:41:00.941-0800 trunk_id=TRUNK-7701 trunk_type=external direction=outbound extension=x9453 duration=0 status=failed
2025-12-24T22:41:12.138-0800 trunk_id=TRUNK-7700 trunk_type=external direction=outbound extension=x2932 duration=0 status=failed
2025-12-24T22:42:00.113-0800 trunk_id=TRUNK-7701 trunk_type=external direction=outbound extension=x2484 duration=0 status=failed
2025-12-24T22:42:15.803-0800 trunk_id=TRUNK-7701 trunk_type=external direction=outbound extension=x8572 duration=0 status=failed
2025-12-24T22:42:32.178-0800 trunk_id=TRUNK-9110 trunk_type=emergency direction=outbound extension=x1770 duration=2 status=intercepted
2025-12-24T22:42:37.313-0800 trunk_id=TRUNK-7701 trunk_type=external direction=outbound extension=x2427 duration=0 status=failed
2025-12-24T22:45:35.807-0800 trunk_id=TRUNK-7701 trunk_type=external direction=outbound extension=x6652 duration=0 status=failed
2025-12-24T22:48:38.663-0800 trunk_id=TRUNK-7701 trunk_type=external direction=outbound extension=x6090 duration=0 status=failed
2025-12-24T22:54:34.105-0800 trunk_id=TRUNK-7701 trunk_type=external direction=outbound extension=x2734 duration=0 status=failed
2025-12-24T22:55:00.000-0800 trunk_id=TRUNK-9110 trunk_type=emergency direction=outbound extension=x3015 caller_badge=HP-1015 caller_name="Holly Gennaro" duration=8 status=intercepted
2025-12-24T22:57:53.556-0800 trunk_id=TRUNK-9110 trunk_type=emergency direction=outbound extension=x9536 duration=1 status=intercepted
2025-12-24T23:00:05.768-0800 trunk_id=TRUNK-7700 trunk_type=external direction=outbound extension=x2421 duration=0 status=failed
2025-12-24T23:02:12.829-0800 trunk_id=TRUNK-7700 trunk_type=external direction=outbound extension=x6872 duration=0 status=failed
2025-12-24T23:19:20.452-0800 trunk_id=TRUNK-7701 trunk_type=external direction=outbound extension=x2276 duration=0 status=failed
2025-12-24T23:23:47.649-0800 trunk_id=TRUNK-7700 trunk_type=external direction=outbound extension=x4367 duration=0 status=failed
2025-12-24T23:30:20.783-0800 trunk_id=TRUNK-7700 trunk_type=external direction=outbound extension=x2926 duration=0 status=failed
2025-12-24T23:30:39.300-0800 trunk_id=TRUNK-7700 trunk_type=external direction=outbound extension=x8902 duration=0 status=failed
2025-12-24T23:31:29.448-0800 trunk_id=TRUNK-9110 trunk_type=emergency direction=outbound extension=x9315 duration=1 status=intercepted
2025-12-24T23:32:52.063-0800 trunk_id=TRUNK-7701 trunk_type=external direction=outbound extension=x3360 duration=0 status=failed
2025-12-24T23:36:28.038-0800 trunk_id=TRUNK-7701 trunk_type=external direction=outbound extension=x4742 duration=0 status=failed
2025-12-24T23:37:10.123-0800 trunk_id=TRUNK-7701 trunk_type=external direction=outbound extension=x1107 duration=0 status=failed
2025-12-24T23:37:20.699-0800 trunk_id=TRUNK-7701 trunk_type=external direction=outbound extension=x1229 duration=0 status=failed
2025-12-24T23:37:53.973-0800 trunk_id=TRUNK-7700 trunk_type=external direction=outbound extension=x5189 duration=0 status=failed
2025-12-24T23:38:02.530-0800 trunk_id=TRUNK-7701 trunk_type=external direction=outbound extension=x6058 duration=0 status=failed
2025-12-24T23:41:45.431-0800 trunk_id=TRUNK-7700 trunk_type=external direction=outbound extension=x8397 duration=0 status=failed
2025-12-24T23:42:41.955-0800 trunk_id=TRUNK-7700 trunk_type=external direction=outbound extension=x8596 duration=0 status=failed
2025-12-24T23:43:40.347-0800 trunk_id=TRUNK-7701 trunk_type=external direction=outbound extension=x1431 duration=0 status=failed
2025-12-24T23:50:47.879-0800 trunk_id=TRUNK-7701 trunk_type=external direction=outbound extension=x2870 duration=0 status=failed
2025-12-24T23:51:44.065-0800 trunk_id=TRUNK-7700 trunk_type=external direction=outbound extension=x9496 duration=0 status=failed
2025-12-24T23:51:45.040-0800 trunk_id=TRUNK-7700 trunk_type=external direction=outbound extension=x5178 duration=0 status=failed
2025-12-24T23:53:37.306-0800 trunk_id=TRUNK-7700 trunk_type=external direction=outbound extension=x7601 duration=0 status=failed
2025-12-24T23:57:15.689-0800 trunk_id=TRUNK-7700 trunk_type=external direction=outbound extension=x1757 duration=0 status=failed
2025-12-24T23:59:28.029-0800 trunk_id=TRUNK-7700 trunk_type=external direction=outbound extension=x6272 duration=0 status=failed
