2025-12-24T18:00:04.003-0800 car_id=CAR-B floor=10 direction=down status=active passengers=5
2025-12-24T18:00:12.044-0800 car_id=CAR-A floor=25 direction=down status=active passengers=7
2025-12-24T18:01:04.487-0800 car_id=CAR-C floor=5 direction=up status=active passengers=4
2025-12-24T18:03:12.753-0800 car_id=CAR-D floor=5 direction=down status=active passengers=3
2025-12-24T18:04:26.114-0800 car_id=CAR-B floor=1 direction=down status=active passengers=2
2025-12-24T18:04:41.855-0800 car_id=CAR-D floor=30 direction=up status=active passengers=1
2025-12-24T18:04:46.061-0800 car_id=CAR-B floor=30 direction=up status=active passengers=6
2025-12-24T18:05:14.999-0800 car_id=CAR-B floor=30 direction=down status=active passengers=5
2025-12-24T18:06:27.998-0800 car_id=CAR-C floor=10 direction=idle status=active passengers=8
2025-12-24T18:07:03.050-0800 car_id=CAR-A floor=35 direction=up status=active passengers=1
2025-12-24T18:08:18.749-0800 car_id=CAR-A floor=1 direction=down status=active passengers=1
2025-12-24T18:08:25.761-0800 car_id=CAR-D floor=15 direction=down status=active passengers=4
2025-12-24T18:09:29.794-0800 car_id=CAR-B floor=20 direction=idle status=active passengers=7
2025-12-24T18:12:29.697-0800 car_id=CAR-A floor=15 direction=idle status=active passengers=1
2025-12-24T18:13:04.236-0800 car_id=CAR-D floor=1 direction=idle status=active passengers=2
2025-12-24T18:13:09.070-0800 car_id=CAR-C floor=20 direction=idle status=active passengers=0
2025-12-24T18:13:43.709-0800 car_id=CAR-A floor=5 direction=idle status=active passengers=1
2025-12-24T18:15:56.324-0800 car_id=CAR-D floor=15 direction=up status=active passengers=5
2025-12-24T18:20:01.889-0800 car_id=CAR-A floor=20 direction=idle status=active passengers=1
2025-12-24T18:20:53.617-0800 car_id=CAR-D floor=30 direction=up status=active passengers=0
2025-12-24T18:24:37.409-0800 car_id=CAR-C floor=20 direction=idle status=active passengers=7
2025-12-24T18:24:46.791-0800 car_id=CAR-C floor=1 direction=up status=active passengers=1
2025-12-24T18:25:27.378-0800 car_id=CAR-C floor=30 direction=down status=active passengers=8
2025-12-24T18:26:39.636-0800 car_id=CAR-C floor=25 direction=up status=active passengers=2
2025-12-24T18:29:00.218-0800 car_id=CAR-B floor=35 direction=down status=active passengers=1
2025-12-24T18:29:22.965-0800 car_id=CAR-D floor=10 direction=down status=active passengers=3
2025-12-24T18:29:49.363-0800 car_id=CAR-C floor=1 direction=up status=active passengers=6
2025-12-24T18:29:57.178-0800 car_id=CAR-A floor=10 direction=down status=active passengers=2
2025-12-24T18:30:38.317-0800 car_id=CAR-D floor=20 direction=up status=active passengers=3
2025-12-24T18:32:42.403-0800 car_id=CAR-D floor=5 direction=idle status=active passengers=1
2025-12-24T18:35:06.648-0800 car_id=CAR-B floor=10 direction=down status=active passengers=1
2025-12-24T18:39:14.067-0800 car_id=CAR-A floor=1 direction=down status=active passengers=7
2025-12-24T18:40:09.256-0800 car_id=CAR-C floor=15 direction=up status=active passengers=3
2025-12-24T18:40:59.562-0800 car_id=CAR-B floor=25 direction=down status=active passengers=5
2025-12-24T18:45:06.551-0800 car_id=CAR-C floor=35 direction=idle status=active passengers=5
2025-12-24T18:46:18.253-0800 car_id=CAR-D floor=30 direction=down status=active passengers=7
2025-12-24T18:48:30.554-0800 car_id=CAR-D floor=25 direction=idle status=active passengers=2
2025-12-24T18:48:43.844-0800 car_id=CAR-B floor=15 direction=idle status=active passengers=6
2025-12-24T18:50:59.861-0800 car_id=CAR-C floor=15 direction=idle status=active passengers=5
2025-12-24T18:51:07.456-0800 car_id=CAR-B floor=30 direction=up status=active passengers=7
2025-12-24T18:51:37.634-0800 car_id=CAR-A floor=15 direction=down status=active passengers=8
2025-12-24T18:52:30.506-0800 car_id=CAR-C floor=30 direction=down status=active passengers=4
2025-12-24T18:52:34.149-0800 car_id=CAR-A floor=25 direction=down status=active passengers=1
2025-12-24T18:53:32.248-0800 car_id=CAR-B floor=5 direction=idle status=active passengers=4
2025-12-24T18:55:53.536-0800 car_id=CAR-D floor=25 direction=idle status=active passengers=6
2025-12-24T18:55:59.883-0800 car_id=CAR-D floor=25 direction=up status=active passengers=3
2025-12-24T18:58:23.113-0800 car_id=CAR-C floor=10 direction=up status=active passengers=8
2025-12-24T19:01:03.718-0800 car_id=CAR-A floor=5 direction=idle status=active passengers=5
2025-12-24T19:01:14.746-0800 car_id=CAR-A floor=30 direction=up status=active passengers=7
2025-12-24T19:01:20.813-0800 car_id=CAR-D floor=1 direction=up status=active passengers=8
2025-12-24T19:02:00.810-0800 car_id=CAR-D floor=10 direction=down status=active passengers=2
2025-12-24T19:02:17.434-0800 car_id=CAR-A floor=25 direction=up status=active passengers=3
2025-12-24T19:03:07.374-0800 car_id=CAR-B floor=15 direction=idle status=active passengers=2
2025-12-24T19:03:24.735-0800 car_id=CAR-B floor=25 direction=idle status=active passengers=8
2025-12-24T19:05:47.269-0800 car_id=CAR-B floor=1 direction=idle status=active passengers=0
2025-12-24T19:07:38.006-0800 car_id=CAR-C floor=15 direction=up status=active passengers=3
2025-12-24T19:09:17.501-0800 car_id=CAR-D floor=35 direction=up status=active passengers=2
2025-12-24T19:10:00.681-0800 car_id=CAR-C floor=1 direction=up status=active passengers=5
2025-12-24T19:10:17.626-0800 car_id=CAR-C floor=30 direction=down status=active passengers=1
2025-12-24T19:11:27.563-0800 car_id=CAR-C floor=25 direction=idle status=active passengers=0
2025-12-24T19:13:05.404-0800 car_id=CAR-A floor=15 direction=idle status=active passengers=8
2025-12-24T19:13:29.538-0800 car_id=CAR-B floor=15 direction=up status=active passengers=2
2025-12-24T19:20:06.023-0800 car_id=CAR-C floor=25 direction=down status=active passengers=2
2025-12-24T19:22:30.530-0800 car_id=CAR-A floor=35 direction=up status=active passengers=4
2025-12-24T19:22:32.955-0800 car_id=CAR-A floor=1 direction=up status=active passengers=8
2025-12-24T19:23:23.238-0800 car_id=CAR-B floor=1 direction=down status=active passengers=5
2025-12-24T19:23:57.126-0800 car_id=CAR-A floor=20 direction=idle status=active passengers=7
2025-12-24T19:25:01.070-0800 car_id=CAR-B floor=30 direction=down status=active passengers=4
2025-12-24T19:25:06.167-0800 car_id=CAR-C floor=35 direction=idle status=active passengers=0
2025-12-24T19:27:50.633-0800 car_id=CAR-A floor=1 direction=down status=active passengers=8
2025-12-24T19:28:16.330-0800 car_id=CAR-B floor=20 direction=down status=active passengers=8
2025-12-24T19:29:07.853-0800 car_id=CAR-B floor=30 direction=down status=active passengers=7
2025-12-24T19:29:36.562-0800 car_id=CAR-A floor=1 direction=down status=active passengers=5
2025-12-24T19:30:21.781-0800 car_id=CAR-A floor=35 direction=idle status=active passengers=3
2025-12-24T19:32:15.997-0800 car_id=CAR-D floor=20 direction=up status=active passengers=4
2025-12-24T19:34:52.188-0800 car_id=CAR-D floor=25 direction=idle status=active passengers=7
2025-12-24T19:35:00.881-0800 car_id=CAR-D floor=1 direction=up status=active passengers=1
2025-12-24T19:38:11.737-0800 car_id=CAR-C floor=25 direction=down status=active passengers=0
2025-12-24T19:38:59.457-0800 car_id=CAR-C floor=5 direction=down status=active passengers=0
2025-12-24T19:39:11.603-0800 car_id=CAR-A floor=20 direction=down status=active passengers=8
2025-12-24T19:39:59.288-0800 car_id=CAR-A floor=25 direction=down status=active passengers=6
2025-12-24T19:40:59.014-0800 car_id=CAR-D floor=10 direction=idle status=active passengers=8
2025-12-24T19:41:30.098-0800 car_id=CAR-D floor=30 direction=down status=active passengers=5
2025-12-24T19:43:18.729-0800 car_id=CAR-B floor=35 direction=idle status=active passengers=5
2025-12-24T19:43:37.425-0800 car_id=CAR-A floor=10 direction=idle status=active passengers=2
2025-12-24T19:43:40.650-0800 car_id=CAR-D floor=10 direction=up status=active passengers=3
2025-12-24T19:46:35.013-0800 car_id=CAR-D floor=25 direction=idle status=active passengers=6
2025-12-24T19:47:33.934-0800 car_id=CAR-A floor=20 direction=down status=active passengers=2
2025-12-24T19:47:38.566-0800 car_id=CAR-A floor=20 direction=idle status=active passengers=3
2025-12-24T19:49:07.856-0800 car_id=CAR-B floor=5 direction=down status=active passengers=6
2025-12-24T19:49:12.104-0800 car_id=CAR-A floor=25 direction=up status=active passengers=2
2025-12-24T19:49:34.493-0800 car_id=CAR-C floor=5 direction=idle status=active passengers=6
2025-12-24T19:50:07.588-0800 car_id=CAR-D floor=1 direction=up status=active passengers=4
2025-12-24T19:51:18.731-0800 car_id=CAR-C floor=15 direction=down status=active passengers=4
2025-12-24T19:52:58.688-0800 car_id=CAR-D floor=1 direction=up status=active passengers=1
2025-12-24T19:53:54.878-0800 car_id=CAR-C floor=25 direction=down status=active passengers=7
2025-12-24T19:54:35.765-0800 car_id=CAR-B floor=35 direction=up status=active passengers=7
2025-12-24T19:59:10.445-0800 car_id=CAR-B floor=20 direction=down status=active passengers=2
2025-12-24T20:05:33.537-0800 car_id=CAR-A floor=20 direction=down status=active passengers=8
2025-12-24T20:07:10.672-0800 car_id=CAR-D floor=25 direction=up status=active passengers=7
2025-12-24T20:12:17.560-0800 car_id=CAR-B floor=1 direction=up status=active passengers=2
2025-12-24T20:12:57.418-0800 car_id=CAR-C floor=25 direction=down status=active passengers=2
2025-12-24T20:13:42.507-0800 car_id=CAR-C floor=35 direction=idle status=active passengers=1
2025-12-24T20:15:12.410-0800 car_id=CAR-D floor=1 direction=down status=active passengers=6
2025-12-24T20:18:59.280-0800 car_id=CAR-D floor=20 direction=idle status=active passengers=2
2025-12-24T20:19:08.754-0800 car_id=CAR-A floor=10 direction=idle status=active passengers=0
2025-12-24T20:19:30.997-0800 car_id=CAR-A floor=1 direction=up status=active passengers=3
2025-12-24T20:21:17.568-0800 car_id=CAR-A floor=30 direction=up status=active passengers=4
2025-12-24T20:23:57.460-0800 car_id=CAR-A floor=30 direction=down status=active passengers=6
2025-12-24T20:24:45.869-0800 car_id=CAR-C floor=20 direction=idle status=active passengers=4
2025-12-24T20:25:32.123-0800 car_id=CAR-B floor=20 direction=up status=active passengers=6
2025-12-24T20:25:43.804-0800 car_id=CAR-D floor=1 direction=up status=active passengers=4
2025-12-24T20:28:07.919-0800 car_id=CAR-B floor=10 direction=idle status=active passengers=0
2025-12-24T20:29:05.962-0800 car_id=CAR-D floor=15 direction=up status=active passengers=3
2025-12-24T20:29:51.432-0800 car_id=CAR-C floor=35 direction=down status=active passengers=0
2025-12-24T20:30:15.257-0800 car_id=CAR-A floor=20 direction=up status=active passengers=3
2025-12-24T20:30:56.575-0800 car_id=CAR-D floor=20 direction=up status=active passengers=2
2025-12-24T20:32:34.454-0800 car_id=CAR-A floor=10 direction=down status=active passengers=0
2025-12-24T20:34:29.091-0800 car_id=CAR-B floor=30 direction=up status=active passengers=6
2025-12-24T20:35:02.036-0800 car_id=CAR-C floor=5 direction=down status=active passengers=6
2025-12-24T20:35:36.636-0800 car_id=CAR-A floor=35 direction=idle status=active passengers=1
2025-12-24T20:36:41.567-0800 car_id=CAR-B floor=20 direction=idle status=active passengers=0
2025-12-24T20:36:50.406-0800 car_id=CAR-D floor=20 direction=up status=active passengers=2
2025-12-24T20:38:28.187-0800 car_id=CAR-B floor=5 direction=idle status=active passengers=7
2025-12-24T20:40:18.859-0800 car_id=CAR-A floor=15 direction=idle status=active passengers=0
2025-12-24T20:41:24.990-0800 car_id=CAR-C floor=20 direction=idle status=active passengers=3
2025-12-24T20:43:21.661-0800 car_id=CAR-B floor=15 direction=down status=active passengers=0
2025-12-24T20:44:59.132-0800 car_id=CAR-D floor=5 direction=down status=active passengers=7
2025-12-24T20:45:14.146-0800 car_id=CAR-A floor=35 direction=idle status=active passengers=8
2025-12-24T20:45:28.812-0800 car_id=CAR-A floor=1 direction=idle status=active passengers=2
2025-12-24T20:46:26.076-0800 car_id=CAR-C floor=30 direction=idle status=active passengers=6
2025-12-24T20:48:15.270-0800 car_id=CAR-B floor=1 direction=up status=active passengers=6
2025-12-24T20:49:26.413-0800 car_id=CAR-D floor=1 direction=down status=active passengers=4
2025-12-24T20:50:09.880-0800 car_id=CAR-D floor=1 direction=idle status=active passengers=2
2025-12-24T20:50:59.669-0800 car_id=CAR-C floor=30 direction=up status=active passengers=5
2025-12-24T20:52:08.279-0800 car_id=CAR-D floor=10 direction=down status=active passengers=3
2025-12-24T20:52:34.906-0800 car_id=CAR-D floor=25 direction=down status=active passengers=3
2025-12-24T20:53:13.835-0800 car_id=CAR-D floor=15 direction=idle status=active passengers=7
2025-12-24T20:56:06.373-0800 car_id=CAR-D floor=20 direction=down status=active passengers=7
2025-12-24T20:56:09.826-0800 car_id=CAR-A floor=5 direction=idle status=active passengers=8
2025-12-24T20:56:41.070-0800 car_id=CAR-C floor=30 direction=up status=active passengers=5
2025-12-24T20:56:50.910-0800 car_id=CAR-A floor=1 direction=up status=active passengers=6
2025-12-24T20:58:28.302-0800 car_id=CAR-C floor=15 direction=down status=active passengers=0
2025-12-24T20:58:53.930-0800 car_id=CAR-B floor=25 direction=idle status=active passengers=8
2025-12-24T20:59:04.592-0800 car_id=CAR-A floor=1 direction=down status=active passengers=5
2025-12-24T21:01:05.146-0800 car_id=CAR-C floor=10 direction=down status=active passengers=6
2025-12-24T21:02:18.758-0800 car_id=CAR-A floor=20 direction=idle status=active passengers=5
2025-12-24T21:03:29.905-0800 car_id=CAR-B floor=35 direction=up status=active passengers=3
2025-12-24T21:04:10.526-0800 car_id=CAR-A floor=20 direction=down status=active passengers=7
2025-12-24T21:04:23.371-0800 car_id=CAR-C floor=30 direction=down status=active passengers=0
2025-12-24T21:04:28.019-0800 car_id=CAR-B floor=1 direction=idle status=active passengers=2
2025-12-24T21:04:53.074-0800 car_id=CAR-D floor=20 direction=idle status=active passengers=2
2025-12-24T21:07:08.309-0800 car_id=CAR-C floor=20 direction=down status=active passengers=5
2025-12-24T21:09:55.721-0800 car_id=CAR-D floor=1 direction=down status=active passengers=6
2025-12-24T21:10:54.103-0800 car_id=CAR-A floor=10 direction=up status=active passengers=5
2025-12-24T21:11:11.590-0800 car_id=CAR-D floor=1 direction=down status=active passengers=4
2025-12-24T21:11:25.514-0800 car_id=CAR-D floor=25 direction=idle status=active passengers=4
2025-12-24T21:12:40.827-0800 car_id=CAR-A floor=10 direction=idle status=active passengers=5
2025-12-24T21:14:02.468-0800 car_id=CAR-D floor=25 direction=idle status=active passengers=5
2025-12-24T21:15:26.204-0800 car_id=CAR-A floor=25 direction=up status=active passengers=3
2025-12-24T21:16:26.105-0800 car_id=CAR-C floor=15 direction=up status=active passengers=4
2025-12-24T21:17:27.917-0800 car_id=CAR-A floor=15 direction=down status=active passengers=1
2025-12-24T21:17:56.321-0800 car_id=CAR-B floor=30 direction=down status=active passengers=8
2025-12-24T21:19:09.459-0800 car_id=CAR-C floor=20 direction=down status=active passengers=0
2025-12-24T21:21:10.249-0800 car_id=CAR-D floor=1 direction=down status=active passengers=1
2025-12-24T21:21:20.106-0800 car_id=CAR-A floor=35 direction=idle status=active passengers=2
2025-12-24T21:22:26.593-0800 car_id=CAR-D floor=10 direction=up status=active passengers=2
2025-12-24T21:22:59.560-0800 car_id=CAR-D floor=10 direction=down status=active passengers=8
2025-12-24T21:23:44.750-0800 car_id=CAR-C floor=10 direction=idle status=active passengers=1
2025-12-24T21:26:22.972-0800 car_id=CAR-B floor=35 direction=up status=active passengers=7
2025-12-24T21:26:25.670-0800 car_id=CAR-A floor=15 direction=down status=active passengers=4
2025-12-24T21:27:06.296-0800 car_id=CAR-C floor=25 direction=down status=active passengers=3
2025-12-24T21:28:36.359-0800 car_id=CAR-C floor=1 direction=down status=active passengers=3
2025-12-24T21:28:53.326-0800 car_id=CAR-C floor=1 direction=idle status=active passengers=0
2025-12-24T21:30:22.998-0800 car_id=CAR-B floor=20 direction=idle status=active passengers=3
2025-12-24T21:30:48.455-0800 car_id=CAR-B floor=1 direction=idle status=active passengers=4
2025-12-24T21:32:06.902-0800 car_id=CAR-C floor=25 direction=idle status=active passengers=4
2025-12-24T21:33:41.125-0800 car_id=CAR-D floor=20 direction=up status=active passengers=0
2025-12-24T21:36:04.214-0800 car_id=CAR-C floor=35 direction=down status=active passengers=2
2025-12-24T21:37:34.392-0800 car_id=CAR-C floor=10 direction=down status=active passengers=6
2025-12-24T21:39:07.737-0800 car_id=CAR-B floor=5 direction=down status=active passengers=8
2025-12-24T21:39:20.993-0800 car_id=CAR-C floor=35 direction=up status=active passengers=0
2025-12-24T21:39:33.939-0800 car_id=CAR-B floor=35 direction=down status=active passengers=0
2025-12-24T21:41:16.703-0800 car_id=CAR-B floor=25 direction=idle status=active passengers=0
2025-12-24T21:42:37.709-0800 car_id=CAR-C floor=10 direction=idle status=active passengers=3
2025-12-24T21:44:28.274-0800 car_id=CAR-B floor=5 direction=up status=active passengers=7
2025-12-24T21:45:23.856-0800 car_id=CAR-B floor=20 direction=down status=active passengers=8
2025-12-24T21:47:15.451-0800 car_id=CAR-C floor=30 direction=up status=active passengers=2
2025-12-24T21:48:06.162-0800 car_id=CAR-D floor=15 direction=up status=active passengers=0
2025-12-24T21:49:08.479-0800 car_id=CAR-C floor=10 direction=idle status=active passengers=2
2025-12-24T21:50:35.202-0800 car_id=CAR-D floor=30 direction=down status=active passengers=6
2025-12-24T21:50:46.836-0800 car_id=CAR-B floor=10 direction=down status=active passengers=3
2025-12-24T21:51:23.262-0800 car_id=CAR-C floor=35 direction=down status=active passengers=0
2025-12-24T21:53:05.896-0800 car_id=CAR-D floor=20 direction=down status=active passengers=2
2025-12-24T21:53:36.139-0800 car_id=CAR-D floor=1 direction=up status=active passengers=1
2025-12-24T21:54:46.217-0800 car_id=CAR-A floor=25 direction=up status=active passengers=0
2025-12-24T21:55:11.669-0800 car_id=CAR-C floor=25 direction=down status=active passengers=3
2025-12-24T21:55:15.704-0800 car_id=CAR-B floor=25 direction=up status=active passengers=7
2025-12-24T21:56:36.530-0800 car_id=CAR-A floor=25 direction=down status=active passengers=1
2025-12-24T21:57:38.072-0800 car_id=CAR-D floor=10 direction=idle status=active passengers=0
2025-12-24T22:08:00.000-0800 car_id=CAR-ALL floor=0 direction=none status=override action=override override_code=4401 passengers=0
2025-12-24T22:12:15.961-0800 car_id=CAR-C floor=1 direction=none status=locked passengers=0
2025-12-24T22:13:06.966-0800 car_id=CAR-D floor=1 direction=none status=locked passengers=0
2025-12-24T22:13:47.654-0800 car_id=CAR-C floor=1 direction=none status=locked passengers=0
2025-12-24T22:14:26.643-0800 car_id=CAR-A floor=30 direction=none status=locked passengers=0
2025-12-24T22:20:11.108-0800 car_id=CAR-A floor=30 direction=none status=locked passengers=0
2025-12-24T22:21:07.292-0800 car_id=CAR-B floor=1 direction=none status=locked passengers=0
2025-12-24T22:22:24.150-0800 car_id=CAR-A floor=1 direction=none status=locked passengers=0
2025-12-24T22:24:40.771-0800 car_id=CAR-C floor=1 direction=none status=locked passengers=0
2025-12-24T22:24:44.124-0800 car_id=CAR-B floor=30 direction=none status=locked passengers=0
2025-12-24T22:26:29.036-0800 car_id=CAR-D floor=30 direction=none status=locked passengers=0
2025-12-24T22:26:50.044-0800 car_id=CAR-D floor=30 direction=none status=locked passengers=0
2025-12-24T22:27:11.542-0800 car_id=CAR-C floor=30 direction=none status=locked passengers=0
2025-12-24T22:28:13.496-0800 car_id=CAR-B floor=30 direction=none status=locked passengers=0
2025-12-24T22:32:25.060-0800 car_id=CAR-A floor=30 direction=none status=locked passengers=0
2025-12-24T22:38:19.519-0800 car_id=CAR-B floor=30 direction=none status=locked passengers=0
2025-12-24T22:38:31.866-0800 car_id=CAR-C floor=30 direction=none status=locked passengers=0
2025-12-24T22:38:38.546-0800 car_id=CAR-D floor=1 direction=none status=locked passengers=0
2025-12-24T22:39:14.437-0800 car_id=CAR-C floor=30 direction=none status=locked passengers=0
2025-12-24T22:42:42.067-0800 car_id=CAR-A floor=30 direction=none status=locked passengers=0
2025-12-24T22:44:51.979-0800 car_id=CAR-A floor=30 direction=none status=locked passengers=0
2025-12-24T22:46:15.290-0800 car_id=CAR-A floor=1 direction=none status=locked passengers=0
2025-12-24T22:48:21.371-0800 car_id=CAR-C floor=30 direction=none status=locked passengers=0
2025-12-24T22:49:26.273-0800 car_id=CAR-D floor=30 direction=none status=locked passengers=0
2025-12-24T22:52:19.188-0800 car_id=CAR-A floor=30 direction=none status=locked passengers=0
2025-12-24T22:54:44.017-0800 car_id=CAR-A floor=1 direction=none status=locked passengers=0
2025-12-24T22:59:23.756-0800 car_id=CAR-D floor=1 direction=none status=locked passengers=0
2025-12-24T23:00:55.937-0800 car_id=CAR-D floor=30 direction=none status=locked passengers=0
2025-12-24T23:09:27.488-0800 car_id=CAR-D floor=1 direction=none status=locked passengers=0
2025-12-24T23:11:06.432-0800 car_id=CAR-A floor=30 direction=none status=locked passengers=0
2025-12-24T23:11:16.908-0800 car_id=CAR-C floor=1 direction=none status=locked passengers=0
2025-12-24T23:11:59.530-0800 car_id=CAR-B floor=30 direction=none status=locked passengers=0
2025-12-24T23:12:03.574-0800 car_id=CAR-D floor=30 direction=none status=locked passengers=0
2025-12-24T23:14:53.483-0800 car_id=CAR-A floor=1 direction=none status=locked passengers=0
2025-12-24T23:15:41.281-0800 car_id=CAR-D floor=1 direction=none status=locked passengers=0
2025-12-24T23:15:52.561-0800 car_id=CAR-B floor=30 direction=none status=locked passengers=0
2025-12-24T23:17:40.572-0800 car_id=CAR-A floor=1 direction=none status=locked passengers=0
2025-12-24T23:18:07.556-0800 car_id=CAR-A floor=30 direction=none status=locked passengers=0
2025-12-24T23:20:51.478-0800 car_id=CAR-B floor=1 direction=none status=locked passengers=0
2025-12-24T23:22:01.217-0800 car_id=CAR-B floor=1 direction=none status=locked passengers=0
2025-12-24T23:23:34.682-0800 car_id=CAR-A floor=30 direction=none status=locked passengers=0
2025-12-24T23:24:30.620-0800 car_id=CAR-B floor=1 direction=none status=locked passengers=0
2025-12-24T23:25:37.667-0800 car_id=CAR-A floor=1 direction=none status=locked passengers=0
2025-12-24T23:25:47.315-0800 car_id=CAR-A floor=30 direction=none status=locked passengers=0
2025-12-24T23:27:01.554-0800 car_id=CAR-A floor=30 direction=none status=locked passengers=0
2025-12-24T23:27:27.019-0800 car_id=CAR-D floor=30 direction=none status=locked passengers=0
2025-12-24T23:31:01.941-0800 car_id=CAR-C floor=1 direction=none status=locked passengers=0
2025-12-24T23:33:35.217-0800 car_id=CAR-B floor=1 direction=none status=locked passengers=0
2025-12-24T23:37:35.111-0800 car_id=CAR-A floor=30 direction=none status=locked passengers=0
2025-12-24T23:37:37.951-0800 car_id=CAR-C floor=1 direction=none status=locked passengers=0
2025-12-24T23:41:24.897-0800 car_id=CAR-B floor=30 direction=none status=locked passengers=0
2025-12-24T23:43:41.618-0800 car_id=CAR-C floor=30 direction=none status=locked passengers=0
2025-12-24T23:44:13.471-0800 car_id=CAR-B floor=1 direction=none status=locked passengers=0
2025-12-24T23:47:03.068-0800 car_id=CAR-A floor=1 direction=none status=locked passengers=0
2025-12-24T23:48:53.680-0800 car_id=CAR-C floor=1 direction=none status=locked passengers=0
2025-12-24T23:54:16.494-0800 car_id=CAR-A floor=30 direction=none status=locked passengers=0
2025-12-24T23:55:20.920-0800 car_id=CAR-A floor=30 direction=none status=locked passengers=0
2025-12-24T23:57:01.400-0800 car_id=CAR-B floor=30 direction=none status=locked passengers=0
2025-12-24T23:57:36.018-0800 car_id=CAR-A floor=30 direction=none status=locked passengers=0
2025-12-24T23:59:21.751-0800 car_id=CAR-D floor=1 direction=none status=locked passengers=0
2025-12-24T23:59:52.042-0800 car_id=CAR-A floor=30 direction=none status=locked passengers=0
