2025-12-24T18:03:46.900-0800 system=security event_type=perimeter_status floor=10 zone=lobby channel= severity=info message="Alarm system heartbeat"
2025-12-24T18:04:06.252-0800 system=security event_type=perimeter_status floor=20 zone=south_entrance channel= severity=info message="Camera check: nominal"
2025-12-24T18:12:01.762-0800 system=security event_type=alarm_check floor=roof zone=parking channel= severity=info message="Camera check: nominal"
2025-12-24T18:18:36.858-0800 system=security event_type=perimeter_status floor=30 zone=north_entrance channel= severity=info message="Camera check: nominal"
2025-12-24T18:19:00.553-0800 system=security event_type=camera_motion floor=10 zone=north_entrance channel= severity=info message="Camera check: nominal"
2025-12-24T18:19:44.692-0800 system=security event_type=alarm_check floor=30 zone=south_entrance channel= severity=info message="Door sensor check passed"
2025-12-24T18:26:48.632-0800 system=security event_type=alarm_check floor=30 zone=south_entrance channel= severity=info message="Alarm system heartbeat"
2025-12-24T18:35:21.607-0800 system=security event_type=camera_motion floor=20 zone=south_entrance channel= severity=info message="Alarm system heartbeat"
2025-12-24T18:36:11.578-0800 system=security event_type=alarm_trigger floor=10 zone=west_wing channel= severity=medium message="ALARM TEST — scheduled maintenance drill — disregard"
2025-12-24T18:41:11.094-0800 system=security event_type=perimeter_status floor=30 zone=lobby channel= severity=info message="Perimeter status: secure"
2025-12-24T18:43:17.548-0800 system=security event_type=perimeter_status floor=1 zone=south_entrance channel= severity=info message="Perimeter status: secure"
2025-12-24T18:44:30.658-0800 system=security event_type=camera_motion floor=1 zone=parking channel= severity=info message="Door sensor check passed"
2025-12-24T18:52:47.062-0800 system=security event_type=perimeter_status floor=1 zone=parking channel= severity=info message="Motion detected — identified as employee"
2025-12-24T18:53:34.059-0800 system=security event_type=camera_motion floor=roof zone=parking channel= severity=info message="Perimeter status: secure"
2025-12-24T19:11:14.532-0800 system=security event_type=alarm_check floor=20 zone=lobby channel= severity=info message="Motion detected — identified as employee"
2025-12-24T19:11:46.336-0800 system=security event_type=camera_motion floor=20 zone=parking channel= severity=info message="Perimeter status: secure"
2025-12-24T19:12:03.902-0800 system=security event_type=alarm_check floor=20 zone=south_entrance channel= severity=info message="Door sensor check passed"
2025-12-24T19:17:55.416-0800 system=security event_type=alarm_trigger floor=20 zone=mechanical channel= severity=medium message="ALARM TEST — scheduled maintenance drill — disregard"
2025-12-24T19:19:32.308-0800 system=security event_type=alarm_check floor=roof zone=south_entrance channel= severity=info message="Motion detected — identified as employee"
2025-12-24T19:20:41.911-0800 system=security event_type=alarm_check floor=20 zone=north_entrance channel= severity=info message="Motion detected — identified as employee"
2025-12-24T19:22:11.985-0800 system=security event_type=alarm_check floor=1 zone=parking channel= severity=info message="Door sensor check passed"
2025-12-24T19:22:12.670-0800 system=security event_type=perimeter_status floor=1 zone=lobby channel= severity=info message="Alarm system heartbeat"
2025-12-24T19:29:11.006-0800 system=security event_type=perimeter_status floor=20 zone=parking channel= severity=info message="Alarm system heartbeat"
2025-12-24T19:35:57.213-0800 system=security event_type=camera_motion floor=1 zone=lobby channel= severity=info message="Camera check: nominal"
2025-12-24T19:38:57.556-0800 system=security event_type=alarm_check floor=30 zone=north_entrance channel= severity=info message="Door sensor check passed"
2025-12-24T19:44:54.333-0800 system=security event_type=alarm_check floor=1 zone=lobby channel= severity=info message="Camera check: nominal"
2025-12-24T19:46:42.581-0800 system=security event_type=perimeter_status floor=1 zone=lobby channel= severity=info message="Door sensor check passed"
2025-12-24T19:48:03.085-0800 system=security event_type=perimeter_status floor=10 zone=south_entrance channel= severity=info message="Alarm system heartbeat"
2025-12-24T20:01:09.459-0800 system=security event_type=perimeter_status floor=1 zone=north_entrance channel= severity=info message="Alarm system heartbeat"
2025-12-24T20:04:08.632-0800 system=security event_type=alarm_check floor=1 zone=south_entrance channel= severity=info message="Alarm system heartbeat"
2025-12-24T20:07:34.171-0800 system=security event_type=alarm_check floor=1 zone=north_entrance channel= severity=info message="Alarm system heartbeat"
2025-12-24T20:12:31.142-0800 system=security event_type=alarm_check floor=30 zone=parking channel= severity=info message="Camera check: nominal"
2025-12-24T20:13:13.256-0800 system=security event_type=alarm_check floor=10 zone=north_entrance channel= severity=info message="Camera check: nominal"
2025-12-24T20:13:15.341-0800 system=security event_type=alarm_check floor=1 zone=lobby channel= severity=info message="Perimeter status: secure"
2025-12-24T20:14:51.070-0800 system=security event_type=perimeter_status floor=20 zone=south_entrance channel= severity=info message="Perimeter status: secure"
2025-12-24T20:19:47.498-0800 system=security event_type=alarm_check floor=roof zone=parking channel= severity=info message="Camera check: nominal"
2025-12-24T20:27:13.428-0800 system=security event_type=alarm_check floor=roof zone=parking channel= severity=info message="Alarm system heartbeat"
2025-12-24T20:27:33.062-0800 system=security event_type=camera_motion floor=roof zone=lobby channel= severity=info message="Perimeter status: secure"
2025-12-24T20:28:47.423-0800 system=security event_type=perimeter_status floor=20 zone=north_entrance channel= severity=info message="Door sensor check passed"
2025-12-24T20:59:16.066-0800 system=security event_type=perimeter_status floor=20 zone=north_entrance channel= severity=info message="Door sensor check passed"
2025-12-24T20:59:39.987-0800 system=security event_type=alarm_check floor=roof zone=lobby channel= severity=info message="Alarm system heartbeat"
2025-12-24T21:00:39.940-0800 system=security event_type=perimeter_status floor=30 zone=parking channel= severity=info message="Camera check: nominal"
2025-12-24T21:05:54.355-0800 system=security event_type=perimeter_status floor=30 zone=north_entrance channel= severity=info message="Perimeter status: secure"
2025-12-24T21:28:13.269-0800 system=security event_type=camera_motion floor=20 zone=south_entrance channel= severity=info message="Perimeter status: secure"
2025-12-24T21:28:45.384-0800 system=security event_type=alarm_check floor=20 zone=parking channel= severity=info message="Motion detected — identified as employee"
2025-12-24T21:50:02.217-0800 system=security event_type=perimeter_status floor=roof zone=lobby channel= severity=info message="Camera check: nominal"
2025-12-24T21:52:50.892-0800 system=security event_type=camera_motion floor=30 zone=lobby channel= severity=info message="Motion detected — identified as employee"
2025-12-24T21:57:28.809-0800 system=security event_type=camera_motion floor=1 zone=lobby channel= severity=info message="Camera check: nominal"
2025-12-24T22:03:46.935-0800 system=security event_type=perimeter_status floor=10 zone=north_entrance channel= severity=info message="Alarm system heartbeat"
2025-12-24T22:06:48.773-0800 system=security event_type=perimeter_status floor=1 zone=parking channel= severity=info message="Motion detected — identified as employee"
2025-12-24T22:13:45.960-0800 system=security event_type=perimeter_status floor=1 zone=lobby channel= severity=info message="Door sensor check passed"
2025-12-24T22:14:52.935-0800 system=security event_type=perimeter_status floor=roof zone=north_entrance channel= severity=info message="Camera check: nominal"
2025-12-24T22:16:50.845-0800 system=security event_type=alarm_check floor=1 zone=lobby channel= severity=info message="Perimeter status: secure"
2025-12-24T22:18:38.773-0800 system=security event_type=perimeter_status floor=30 zone=north_entrance channel= severity=info message="Motion detected — identified as employee"
2025-12-24T22:26:53.641-0800 system=security event_type=alarm_check floor=30 zone=north_entrance channel= severity=info message="Motion detected — identified as employee"
2025-12-24T22:28:10.453-0800 system=security event_type=perimeter_status floor=roof zone=north_entrance channel= severity=info message="Door sensor check passed"
2025-12-24T22:35:28.725-0800 system=security event_type=alarm_check floor=20 zone=parking channel= severity=info message="Perimeter status: secure"
2025-12-24T22:37:29.186-0800 system=security event_type=alarm_check floor=roof zone=parking channel= severity=info message="Alarm system heartbeat"
2025-12-24T22:42:24.712-0800 system=security event_type=perimeter_status floor=10 zone=lobby channel= severity=info message="Motion detected — identified as employee"
2025-12-24T22:45:00.000-0800 system=security event_type=incident floor=0 zone=building-wide channel=internal severity=critical message="Unaccounted personnel — floor sweep incomplete. One individual not in hostage count."
2025-12-24T22:50:00.000-0800 system=security event_type=alarm_trigger floor=25 zone=east_wing channel= severity=critical message="FIRE ALARM ACTIVATED — floor 25 east wing — no smoke detected — manual pull station"
2025-12-24T22:56:24.932-0800 system=security event_type=camera_motion floor=roof zone=lobby channel= severity=info message="Perimeter status: secure"
2025-12-24T22:57:05.723-0800 system=security event_type=alarm_check floor=30 zone=parking channel= severity=info message="Motion detected — identified as employee"
2025-12-24T22:58:41.771-0800 system=security event_type=camera_motion floor=1 zone=parking channel= severity=info message="Camera check: nominal"
2025-12-24T23:00:00.000-0800 system=security event_type=incident floor=0 zone=building-wide channel=internal severity=critical message="Radio traffic — unknown unit on building frequency. Officer requesting backup — wrong channel."
2025-12-24T23:00:37.522-0800 system=security event_type=perimeter_breach floor=30 zone=exterior channel= severity=medium message="Window breach — upper floor"
2025-12-24T23:03:55.632-0800 system=security event_type=camera_motion floor=roof zone=exterior channel= severity=high message="Helicopter approach — low altitude"
2025-12-24T23:04:30.245-0800 system=radio event_type=radio_intercept floor=0 zone=exterior channel=freq_12 severity=high message="LAPD TAC-3 // AUTH:9901 // SWAT STAGING CONFIRMED"
2025-12-24T23:08:58.183-0800 system=security event_type=perimeter_breach floor=roof zone=perimeter channel= severity=medium message="Helicopter approach — low altitude"
2025-12-24T23:08:58.646-0800 system=security event_type=camera_motion floor=1 zone=perimeter channel= severity=medium message="Perimeter activity — multiple vehicles"
2025-12-24T23:10:48.406-0800 system=security event_type=perimeter_breach floor=0 zone=perimeter channel= severity=medium message="Helicopter approach — low altitude"
2025-12-24T23:12:09.840-0800 system=security event_type=camera_motion floor=roof zone=exterior channel= severity=high message="Window breach — upper floor"
2025-12-24T23:12:23.684-0800 system=security event_type=perimeter_breach floor=roof zone=perimeter channel= severity=high message="Perimeter activity — multiple vehicles"
2025-12-24T23:14:35.226-0800 system=security event_type=perimeter_breach floor=1 zone=exterior channel= severity=medium message="Helicopter approach — low altitude"
2025-12-24T23:15:00.000-0800 system=security event_type=incident floor=0 zone=building-wide channel=internal severity=critical message="Personnel down — floor 25. We've lost contact with Karl's team."
2025-12-24T23:15:31.479-0800 system=security event_type=camera_motion floor=0 zone=perimeter channel= severity=medium message="Window breach — upper floor"
2025-12-24T23:15:41.028-0800 system=radio event_type=radio_intercept floor=0 zone=exterior channel=freq_14 severity=high message="FBI FIELD CMD // REF:5765-A // ACKNOWLEDGE"
2025-12-24T23:15:59.134-0800 system=security event_type=perimeter_breach floor=0 zone=exterior channel= severity=medium message="Spotlight activation — exterior"
2025-12-24T23:17:54.739-0800 system=security event_type=perimeter_breach floor=0 zone=exterior channel= severity=high message="Movement detected — unidentified"
2025-12-24T23:18:45.000-0800 system=radio event_type=radio_intercept floor=0 zone=exterior channel=freq_14 severity=high message="FBI FIELD CMD // GRID-SEC-7 // AUTH:5765 // PRIORITY:IMMEDIATE // CONFIRM POWER DISCONNECT"
2025-12-24T23:19:23.505-0800 system=security event_type=perimeter_breach floor=30 zone=north_entrance channel= severity=medium message="Perimeter activity — multiple vehicles"
2025-12-24T23:19:36.738-0800 system=security event_type=camera_motion floor=0 zone=exterior channel= severity=high message="Window breach — upper floor"
2025-12-24T23:19:45.673-0800 system=security event_type=camera_motion floor=roof zone=north_entrance channel= severity=medium message="Helicopter approach — low altitude"
2025-12-24T23:19:50.483-0800 system=security event_type=perimeter_breach floor=1 zone=exterior channel= severity=high message="Helicopter approach — low altitude"
2025-12-24T23:20:08.770-0800 system=security event_type=perimeter_breach floor=roof zone=exterior channel= severity=high message="Helicopter approach — low altitude"
2025-12-24T23:20:49.312-0800 system=security event_type=camera_motion floor=30 zone=north_entrance channel= severity=medium message="Movement detected — unidentified"
2025-12-24T23:21:08.255-0800 system=security event_type=camera_motion floor=1 zone=north_entrance channel= severity=high message="Perimeter activity — multiple vehicles"
2025-12-24T23:22:19.607-0800 system=security event_type=camera_motion floor=1 zone=north_entrance channel= severity=high message="Perimeter activity — multiple vehicles"
2025-12-24T23:22:25.611-0800 system=security event_type=camera_motion floor=1 zone=perimeter channel= severity=high message="Spotlight activation — exterior"
2025-12-24T23:23:06.763-0800 system=security event_type=perimeter_breach floor=roof zone=north_entrance channel= severity=medium message="Perimeter activity — multiple vehicles"
2025-12-24T23:24:00.644-0800 system=security event_type=perimeter_breach floor=roof zone=perimeter channel= severity=medium message="Movement detected — unidentified"
2025-12-24T23:24:35.850-0800 system=security event_type=camera_motion floor=30 zone=north_entrance channel= severity=high message="Movement detected — unidentified"
2025-12-24T23:26:59.802-0800 system=radio event_type=radio_intercept floor=0 zone=exterior channel=freq_14 severity=high message="FBI FIELD CMD // HELICOPTER ETA 10 MINUTES"
2025-12-24T23:29:23.277-0800 system=security event_type=perimeter_breach floor=30 zone=perimeter channel= severity=medium message="Movement detected — unidentified"
2025-12-24T23:29:36.945-0800 system=security event_type=perimeter_breach floor=30 zone=north_entrance channel= severity=medium message="Window breach — upper floor"
2025-12-24T23:30:00.000-0800 system=security event_type=incident floor=0 zone=building-wide channel=internal severity=critical message="Movement in HVAC ducting — sensor trigger, no ID badge. Just another American who saw too many movies."
2025-12-24T23:30:24.257-0800 system=security event_type=perimeter_breach floor=roof zone=perimeter channel= severity=high message="Helicopter approach — low altitude"
2025-12-24T23:32:33.406-0800 system=security event_type=perimeter_breach floor=1 zone=north_entrance channel= severity=medium message="Spotlight activation — exterior"
2025-12-24T23:35:50.099-0800 system=radio event_type=radio_intercept floor=0 zone=exterior channel=freq_14 severity=high message="FBI FIELD CMD // ALL UNITS HOLD POSITION"
2025-12-24T23:37:44.307-0800 system=security event_type=camera_motion floor=roof zone=north_entrance channel= severity=high message="Spotlight activation — exterior"
2025-12-24T23:39:19.055-0800 system=security event_type=perimeter_breach floor=0 zone=north_entrance channel= severity=medium message="Helicopter approach — low altitude"
2025-12-24T23:41:19.605-0800 system=radio event_type=radio_intercept floor=0 zone=exterior channel=freq_16 severity=high message="LAFD COMMAND // AUTH:3388 // HAZMAT STANDBY"
2025-12-24T23:43:10.273-0800 system=security event_type=perimeter_breach floor=roof zone=exterior channel= severity=high message="Helicopter approach — low altitude"
2025-12-24T23:43:46.317-0800 system=security event_type=perimeter_breach floor=1 zone=north_entrance channel= severity=high message="Perimeter activity — multiple vehicles"
2025-12-24T23:44:36.492-0800 system=security event_type=perimeter_breach floor=roof zone=perimeter channel= severity=high message="Perimeter activity — multiple vehicles"
2025-12-24T23:45:00.000-0800 system=security event_type=incident floor=0 zone=building-wide channel=internal severity=critical message="He's here. Hostile contact on floor 30. All units respond."
2025-12-24T23:45:29.592-0800 system=security event_type=perimeter_breach floor=roof zone=exterior channel= severity=high message="Spotlight activation — exterior"
2025-12-24T23:46:13.996-0800 system=security event_type=perimeter_breach floor=0 zone=north_entrance channel= severity=medium message="Window breach — upper floor"
2025-12-24T23:47:57.472-0800 system=security event_type=perimeter_breach floor=30 zone=perimeter channel= severity=medium message="Spotlight activation — exterior"
2025-12-24T23:49:11.567-0800 system=security event_type=perimeter_breach floor=1 zone=exterior channel= severity=high message="Perimeter activity — multiple vehicles"
2025-12-24T23:51:57.758-0800 system=security event_type=camera_motion floor=roof zone=perimeter channel= severity=medium message="Window breach — upper floor"
2025-12-24T23:52:04.538-0800 system=security event_type=perimeter_breach floor=1 zone=north_entrance channel= severity=high message="Window breach — upper floor"
2025-12-24T23:54:16.417-0800 system=security event_type=perimeter_breach floor=0 zone=exterior channel= severity=medium message="Movement detected — unidentified"
2025-12-24T23:54:32.525-0800 system=security event_type=perimeter_breach floor=roof zone=exterior channel= severity=medium message="Window breach — upper floor"
