2025-12-24T18:00:10.511-0800 badge_id=VIS-8484 name="Chris Adams" department=R&D floor=1 room=Reception action=swipe outcome=allow detail="regular access"
2025-12-24T18:00:31.321-0800 badge_id=JT-0001 name="Joseph Takagi" department=CEO floor=1 room="Main Entrance" action=swipe outcome=allow detail="regular access"
2025-12-24T18:01:03.828-0800 badge_id=VIS-8758 name="Sage Evans" department=Admin floor=B1 room="Vault Terminal" action=swipe outcome=allow detail="regular access"
2025-12-24T18:01:47.766-0800 badge_id=VIS-6119 name="Terry Singh" department=HR floor=15 room="Trading Floor" action=swipe outcome=allow detail="regular access"
2025-12-24T18:01:51.999-0800 badge_id=JT-0001 name="Joseph Takagi" department=CEO floor=15 room="Trading Floor" action=swipe outcome=allow detail="regular access"
2025-12-24T18:02:30.595-0800 badge_id=TMP-6322 name="Noel Clark" department=Finance floor=1 room="Main Entrance" action=swipe outcome=allow detail="regular access"
2025-12-24T18:03:08.244-0800 badge_id=TMP-6322 name="Noel Clark" department=Finance floor=15 room="Conference Room A" action=swipe outcome=allow detail="regular access"
2025-12-24T18:04:02.388-0800 badge_id=NP-6626 name="Terry Jensen" department=R&D floor=5 room="Legal Suite B" action=swipe outcome=allow detail="regular access"
2025-12-24T18:05:07.365-0800 badge_id=TMP-4930 name="Riley Kim" department=Admin floor=1 room="Parking Garage Entry" action=swipe outcome=allow detail="regular access"
2025-12-24T18:05:14.407-0800 badge_id=NP-4439 name="Pat Jensen" department=R&D floor=5 room="Legal Suite B" action=swipe outcome=allow detail="regular access"
2025-12-24T18:05:41.425-0800 badge_id=JT-0001 name="Joseph Takagi" department=CEO floor=3 room="Maintenance Shop" action=swipe outcome=allow detail="regular access"
2025-12-24T18:07:06.131-0800 badge_id=NP-6626 name="Terry Jensen" department=R&D floor=B2 room="Parking Level 2" action=swipe outcome=allow detail="regular access"
2025-12-24T18:07:07.847-0800 badge_id=SE-0012 name="James Marsh" department=Security floor=1 room="Main Entrance" action=swipe outcome=allow detail="regular access"
2025-12-24T18:07:10.856-0800 badge_id=NP-1976 name="Harper Carter" department=Finance floor=3 room="Maintenance Shop" action=swipe outcome=allow detail="regular access"
2025-12-24T18:08:22.003-0800 badge_id=NP-1976 name="Harper Carter" department=Finance floor=3 room=Storage action=swipe outcome=allow detail="regular access"
2025-12-24T18:09:40.134-0800 badge_id=MAINT-007 name="Eduardo Vasquez" department=Facilities floor=10 room="HR Open Floor" action=swipe outcome=allow detail="regular access"
2025-12-24T18:09:42.829-0800 badge_id=NP-9789 name="Jamie Lawson" department=Finance floor=5 room="Legal Suite A" action=swipe outcome=allow detail="regular access"
2025-12-24T18:10:24.760-0800 badge_id=NP-9333 name="Morgan Foster" department=Finance floor=1 room="Main Entrance" action=swipe outcome=allow detail="regular access"
2025-12-24T18:12:11.213-0800 badge_id=VIS-6119 name="Terry Singh" department=HR floor=10 room="HR Open Floor" action=swipe outcome=allow detail="regular access"
2025-12-24T18:12:37.302-0800 badge_id=SE-1053 name="Quinn Ito" department=HR floor=B2 room="Parking Level 2" action=swipe outcome=allow detail="regular access"
2025-12-24T18:12:59.850-0800 badge_id=HP-1015 name="Holly Gennaro" department="International Trade" floor=1 room="Parking Garage Entry" action=swipe outcome=allow detail="regular access"
2025-12-24T18:13:19.357-0800 badge_id=NP-9333 name="Morgan Foster" department=Finance floor=15 room="Conference Room A" action=swipe outcome=allow detail="regular access"
2025-12-24T18:13:25.884-0800 badge_id=VIS-7497 name="Frankie Adams" department=Marketing floor=15 room="Trading Floor" action=swipe outcome=allow detail="regular access"
2025-12-24T18:14:17.035-0800 badge_id=TMP-9344 name="Kendall Dunn" department=HR floor=2 room="Loading Dock" action=swipe outcome=allow detail="regular access"
2025-12-24T18:14:21.094-0800 badge_id=SE-0015 name="Lisa Tanaka" department=Security floor=1 room="Main Entrance" action=swipe outcome=allow detail="regular access"
2025-12-24T18:18:20.929-0800 badge_id=NP-8383 name="Jordan Clark" department=Facilities floor=3 room="Maintenance Shop" action=swipe outcome=allow detail="regular access"
2025-12-24T18:18:39.717-0800 badge_id=NP-9789 name="Jamie Lawson" department=Finance floor=B2 room="Parking Level 2" action=swipe outcome=allow detail="regular access"
2025-12-24T18:19:10.653-0800 badge_id=TMP-4930 name="Riley Kim" department=Admin floor=B1 room="Vault Terminal" action=swipe outcome=allow detail="regular access"
2025-12-24T18:19:30.652-0800 badge_id=SE-0012 name="James Marsh" department=Security floor=1 room="Security Office" action=swipe outcome=allow detail="regular access"
2025-12-24T18:20:00.012-0800 badge_id=HE-3301 name="Harry Ellis" department="International Trade" floor=B1 room="Vault Anteroom" action=swipe outcome=allow detail="regular access"
2025-12-24T18:20:19.835-0800 badge_id=NP-8383 name="Jordan Clark" department=Facilities floor=2 room="Mail Room" action=swipe outcome=allow detail="regular access"
2025-12-24T18:21:48.644-0800 badge_id=SE-0012 name="James Marsh" department=Security floor=1 room=Reception action=swipe outcome=allow detail="regular access"
2025-12-24T18:22:36.519-0800 badge_id=SE-9993 name="Noel Ito" department=Finance floor=2 room="Mail Room" action=swipe outcome=allow detail="regular access"
2025-12-24T18:23:18.241-0800 badge_id=NP-4471 name="Robert Chen" department="IT Operations" floor=1 room=Reception action=swipe outcome=allow detail="regular access"
2025-12-24T18:23:41.116-0800 badge_id=NP-7242 name="Terry Grant" department=Admin floor=3 room=Storage action=swipe outcome=allow detail="regular access"
2025-12-24T18:25:08.611-0800 badge_id=NP-7144 name="Morgan Nguyen" department=IT floor=2 room="Mail Room" action=swipe outcome=allow detail="regular access"
2025-12-24T18:25:44.528-0800 badge_id=TMP-3732 name="Reese Adams" department=HR floor=15 room="Conference Room A" action=swipe outcome=allow detail="regular access"
2025-12-24T18:26:23.197-0800 badge_id=NP-6626 name="Terry Jensen" department=R&D floor=2 room="Loading Dock" action=swipe outcome=allow detail="regular access"
2025-12-24T18:27:10.844-0800 badge_id=NP-4439 name="Pat Jensen" department=R&D floor=3 room="Maintenance Shop" action=swipe outcome=allow detail="regular access"
2025-12-24T18:27:32.112-0800 badge_id=NP-6054 name="Taylor Jensen" department=Sales floor=B1 room="Vault Terminal" action=swipe outcome=allow detail="regular access"
2025-12-24T18:28:04.531-0800 badge_id=AG-0077 name=Argyle department="Building Services" floor=15 room="Trading Floor" action=swipe outcome=allow detail="regular access"
2025-12-24T18:28:18.390-0800 badge_id=NP-7242 name="Terry Grant" department=Admin floor=15 room="Trading Floor" action=swipe outcome=allow detail="regular access"
2025-12-24T18:28:59.120-0800 badge_id=TMP-3732 name="Reese Adams" department=HR floor=5 room="Legal Suite B" action=swipe outcome=allow detail="regular access"
2025-12-24T18:29:47.887-0800 badge_id=NP-4472 name="Naomi Park" department="Vault Operations" floor=B1 room="Vault Anteroom" action=swipe outcome=allow detail="regular access"
2025-12-24T18:29:52.590-0800 badge_id=HE-3301 name="Harry Ellis" department="International Trade" floor=1 room="Main Entrance" action=swipe outcome=allow detail="regular access"
2025-12-24T18:30:58.192-0800 badge_id=CAT-001 name="Maria Santos" department=Catering floor=1 room="Parking Garage Entry" action=swipe outcome=allow detail="regular access"
2025-12-24T18:32:16.268-0800 badge_id=NP-9333 name="Morgan Foster" department=Finance floor=1 room="Main Entrance" action=swipe outcome=allow detail="regular access"
2025-12-24T18:32:32.539-0800 badge_id=NP-9333 name="Morgan Foster" department=Finance floor=2 room="Mail Room" action=swipe outcome=allow detail="regular access"
2025-12-24T18:33:49.211-0800 badge_id=SE-4351 name="Pat Quinn" department=HR floor=2 room="Loading Dock" action=swipe outcome=allow detail="regular access"
2025-12-24T18:34:35.489-0800 badge_id=SE-4351 name="Pat Quinn" department=HR floor=15 room="Conference Room A" action=swipe outcome=allow detail="regular access"
2025-12-24T18:35:19.245-0800 badge_id=TMP-3732 name="Reese Adams" department=HR floor=15 room="Conference Room A" action=swipe outcome=allow detail="regular access"
2025-12-24T18:38:11.749-0800 badge_id=NP-7242 name="Terry Grant" department=Admin floor=15 room="Conference Room A" action=swipe outcome=allow detail="regular access"
2025-12-24T18:40:11.213-0800 badge_id=VIS-3109 name="Riley Jensen" department=R&D floor=1 room=Reception action=swipe outcome=allow detail="regular access"
2025-12-24T18:41:28.944-0800 badge_id=SE-1053 name="Quinn Ito" department=HR floor=B2 room="Parking Level 2" action=swipe outcome=allow detail="regular access"
2025-12-24T18:41:46.772-0800 badge_id=NP-2085 name="Pat Grant" department=HR floor=B1 room="Vault Terminal" action=swipe outcome=allow detail="regular access"
2025-12-24T18:42:06.220-0800 badge_id=NP-4472 name="Naomi Park" department="Vault Operations" floor=2 room="Loading Dock" action=swipe outcome=allow detail="regular access"
2025-12-24T18:42:12.580-0800 badge_id=VIS-6119 name="Terry Singh" department=HR floor=3 room=Storage action=swipe outcome=allow detail="regular access"
2025-12-24T18:42:48.839-0800 badge_id=NP-1976 name="Harper Carter" department=Finance floor=15 room="Trading Floor" action=swipe outcome=allow detail="regular access"
2025-12-24T18:43:15.404-0800 badge_id=CAT-001 name="Maria Santos" department=Catering floor=1 room="Main Entrance" action=swipe outcome=allow detail="regular access"
2025-12-24T18:43:57.336-0800 badge_id=MAINT-007 name="Eduardo Vasquez" department=Facilities floor=1 room="Security Office" action=swipe outcome=allow detail="regular access"
2025-12-24T18:44:52.580-0800 badge_id=NP-4472 name="Naomi Park" department="Vault Operations" floor=15 room="Conference Room A" action=swipe outcome=allow detail="regular access"
2025-12-24T18:45:43.001-0800 badge_id=SE-4351 name="Pat Quinn" department=HR floor=B1 room="Vault Terminal" action=swipe outcome=allow detail="regular access"
2025-12-24T18:46:08.416-0800 badge_id=VIS-9262 name="Jamie Walsh" department=R&D floor=2 room="Mail Room" action=swipe outcome=allow detail="regular access"
2025-12-24T18:48:22.463-0800 badge_id=NP-6626 name="Terry Jensen" department=R&D floor=5 room="Legal Suite B" action=swipe outcome=allow detail="regular access"
2025-12-24T18:50:31.333-0800 badge_id=VIS-8006 name="Kendall Walsh" department=Finance floor=5 room="Legal Suite A" action=swipe outcome=allow detail="regular access"
2025-12-24T18:52:20.951-0800 badge_id=JT-0001 name="Joseph Takagi" department=CEO floor=B2 room="Parking Level 2" action=swipe outcome=allow detail="regular access"
2025-12-24T18:53:40.694-0800 badge_id=NP-6054 name="Taylor Jensen" department=Sales floor=15 room="Conference Room A" action=swipe outcome=allow detail="regular access"
2025-12-24T18:53:45.865-0800 badge_id=VIS-8006 name="Kendall Walsh" department=Finance floor=B1 room="Vault Terminal" action=swipe outcome=allow detail="regular access"
2025-12-24T18:54:18.413-0800 badge_id=TMP-3732 name="Reese Adams" department=HR floor=10 room="HR Open Floor" action=swipe outcome=allow detail="regular access"
2025-12-24T18:54:53.027-0800 badge_id=TMP-9344 name="Kendall Dunn" department=HR floor=15 room="Conference Room A" action=swipe outcome=allow detail="regular access"
2025-12-24T18:54:56.814-0800 badge_id=VIS-8484 name="Chris Adams" department=R&D floor=B2 room="Parking Level 2" action=swipe outcome=allow detail="regular access"
2025-12-24T18:55:24.180-0800 badge_id=VIS-7497 name="Frankie Adams" department=Marketing floor=15 room="Trading Floor" action=swipe outcome=allow detail="regular access"
2025-12-24T18:56:31.960-0800 badge_id=HP-1015 name="Holly Gennaro" department="International Trade" floor=2 room="Loading Dock" action=swipe outcome=allow detail="regular access"
2025-12-24T18:59:09.774-0800 badge_id=NP-7144 name="Morgan Nguyen" department=IT floor=3 room="Maintenance Shop" action=swipe outcome=allow detail="regular access"
2025-12-24T19:01:51.632-0800 badge_id=NP-9789 name="Jamie Lawson" department=Finance floor=10 room="HR Open Floor" action=swipe outcome=allow detail="regular access"
2025-12-24T19:02:03.579-0800 badge_id=HP-1015 name="Holly Gennaro" department="International Trade" floor=5 room="Legal Suite A" action=swipe outcome=allow detail="regular access"
2025-12-24T19:02:49.235-0800 badge_id=NP-9789 name="Jamie Lawson" department=Finance floor=B1 room="Vault Anteroom" action=swipe outcome=allow detail="regular access"
2025-12-24T19:03:37.931-0800 badge_id=TMP-3732 name="Reese Adams" department=HR floor=15 room="Conference Room A" action=swipe outcome=allow detail="regular access"
2025-12-24T19:04:32.626-0800 badge_id=SE-6931 name="Harper Lawson" department= floor=30 room="Conference Room A" action=swipe outcome=allow detail="Christmas party catering delivery confirmed"
2025-12-24T19:04:50.592-0800 badge_id=NP-7242 name="Terry Grant" department=Admin floor=B1 room="Vault Anteroom" action=swipe outcome=allow detail="regular access"
2025-12-24T19:05:07.932-0800 badge_id=SE-0012 name="James Marsh" department=Security floor=2 room="Mail Room" action=swipe outcome=allow detail="regular access"
2025-12-24T19:08:14.095-0800 badge_id=VIS-6119 name="Terry Singh" department=HR floor=10 room="HR Open Floor" action=swipe outcome=allow detail="regular access"
2025-12-24T19:08:29.538-0800 badge_id=NP-4472 name="Naomi Park" department="Vault Operations" floor=15 room="Trading Floor" action=swipe outcome=allow detail="regular access"
2025-12-24T19:09:04.959-0800 badge_id=AG-0077 name=Argyle department="Building Services" floor=B2 room="Parking Level 2" action=swipe outcome=allow detail="regular access"
2025-12-24T19:11:35.938-0800 badge_id=NP-4439 name="Pat Jensen" department=R&D floor=1 room="Parking Garage Entry" action=swipe outcome=allow detail="regular access"
2025-12-24T19:12:54.270-0800 badge_id=SE-0012 name="James Marsh" department=Security floor=B1 room="Vault Anteroom" action=swipe outcome=allow detail="regular access"
2025-12-24T19:13:26.744-0800 badge_id=NP-9854 name="Lee Singh" department=R&D floor=B2 room="Parking Level 2" action=swipe outcome=allow detail="regular access"
2025-12-24T19:13:51.589-0800 badge_id=HE-3301 name="Harry Ellis" department="International Trade" floor=10 room="Interview Room" action=swipe outcome=allow detail="regular access"
2025-12-24T19:14:11.791-0800 badge_id=TMP-9344 name="Kendall Dunn" department=HR floor=5 room="Legal Suite A" action=swipe outcome=allow detail="regular access"
2025-12-24T19:14:25.690-0800 badge_id=SE-4351 name="Pat Quinn" department=HR floor=5 room="Legal Suite A" action=swipe outcome=allow detail="regular access"
2025-12-24T19:14:42.548-0800 badge_id=NP-4472 name="Naomi Park" department="Vault Operations" floor=15 room="Trading Floor" action=swipe outcome=allow detail="regular access"
2025-12-24T19:15:23.043-0800 badge_id=VIS-7497 name="Frankie Adams" department=Marketing floor=3 room="Maintenance Shop" action=swipe outcome=allow detail="regular access"
2025-12-24T19:16:27.611-0800 badge_id=VIS-2516 name="Blake Miller" department=Admin floor=5 room="Legal Suite B" action=swipe outcome=allow detail="regular access"
2025-12-24T19:20:12.354-0800 badge_id=TMP-2240 name="Casey Carter" department=Marketing floor=2 room="Loading Dock" action=swipe outcome=allow detail="regular access"
2025-12-24T19:22:10.397-0800 badge_id=SE-9993 name="Noel Ito" department=Finance floor=10 room="Interview Room" action=swipe outcome=allow detail="regular access"
2025-12-24T19:24:02.748-0800 badge_id=VIS-3009 name="Lane Valdez" department=Marketing floor=15 room="Trading Floor" action=swipe outcome=allow detail="regular access"
2025-12-24T19:24:14.513-0800 badge_id=NP-5880 name="Drew Diaz" department=Marketing floor=1 room="Main Entrance" action=swipe outcome=allow detail="regular access"
2025-12-24T19:24:31.855-0800 badge_id=NP-4439 name="Pat Jensen" department=R&D floor=B2 room="Parking Level 2" action=swipe outcome=allow detail="regular access"
2025-12-24T19:25:30.078-0800 badge_id=NP-6816 name="Kendall Rivera" department=R&D floor=2 room="Loading Dock" action=swipe outcome=allow detail="regular access"
2025-12-24T19:25:40.847-0800 badge_id=NP-5880 name="Drew Diaz" department=Marketing floor=15 room="Trading Floor" action=swipe outcome=allow detail="regular access"
2025-12-24T19:25:54.836-0800 badge_id=NP-7254 name="Emery Rivera" department=Facilities floor=1 room="Main Entrance" action=swipe outcome=allow detail="regular access"
2025-12-24T19:27:14.224-0800 badge_id=TMP-4930 name="Riley Kim" department=Admin floor=10 room="Interview Room" action=swipe outcome=allow detail="regular access"
2025-12-24T19:28:02.185-0800 badge_id=NP-7242 name="Terry Grant" department=Admin floor=5 room="Legal Suite B" action=swipe outcome=allow detail="regular access"
2025-12-24T19:28:16.227-0800 badge_id=MAINT-007 name="Eduardo Vasquez" department=Facilities floor=2 room="Mail Room" action=swipe outcome=allow detail="regular access"
2025-12-24T19:28:18.981-0800 badge_id=SE-9993 name="Noel Ito" department=Finance floor=2 room="Mail Room" action=swipe outcome=allow detail="regular access"
2025-12-24T19:28:32.445-0800 badge_id=TMP-2240 name="Casey Carter" department=Marketing floor=B2 room="Parking Level 2" action=swipe outcome=allow detail="regular access"
2025-12-24T19:30:00.000-0800 badge_id=MAINT-007 name= department= floor=1 room="Security Office" action=swipe outcome=allow detail="routine security check"
2025-12-24T19:30:20.107-0800 badge_id=VIS-9262 name="Jamie Walsh" department=R&D floor=2 room="Loading Dock" action=swipe outcome=allow detail="regular access"
2025-12-24T19:32:21.837-0800 badge_id=HP-1015 name="Holly Gennaro" department="International Trade" floor=3 room="Maintenance Shop" action=swipe outcome=allow detail="regular access"
2025-12-24T19:32:47.850-0800 badge_id=TMP-4930 name="Riley Kim" department=Admin floor=B2 room="Parking Level 2" action=swipe outcome=allow detail="regular access"
2025-12-24T19:34:15.565-0800 badge_id=VIS-8758 name="Sage Evans" department=Admin floor=10 room="Interview Room" action=swipe outcome=allow detail="regular access"
2025-12-24T19:36:06.145-0800 badge_id=SE-1053 name="Quinn Ito" department=HR floor=2 room="Mail Room" action=swipe outcome=allow detail="regular access"
2025-12-24T19:36:41.118-0800 badge_id=TMP-2240 name="Casey Carter" department=Marketing floor=3 room="Maintenance Shop" action=swipe outcome=allow detail="regular access"
2025-12-24T19:39:02.007-0800 badge_id=NP-6816 name="Kendall Rivera" department=R&D floor=15 room="Conference Room A" action=swipe outcome=allow detail="regular access"
2025-12-24T19:40:02.820-0800 badge_id=NP-5771 name="Micah Lawson" department=HR floor=B2 room="Parking Level 2" action=swipe outcome=allow detail="regular access"
2025-12-24T19:41:26.241-0800 badge_id=SE-1053 name="Quinn Ito" department=HR floor=B2 room="Parking Level 2" action=swipe outcome=allow detail="regular access"
2025-12-24T19:42:16.076-0800 badge_id=NP-6626 name="Terry Jensen" department=R&D floor=3 room="Maintenance Shop" action=swipe outcome=allow detail="regular access"
2025-12-24T19:43:02.310-0800 badge_id=VIS-8484 name="Chris Adams" department=R&D floor=5 room="Legal Suite A" action=swipe outcome=allow detail="regular access"
2025-12-24T19:43:43.343-0800 badge_id=NP-9333 name="Morgan Foster" department=Finance floor=B1 room="Vault Terminal" action=swipe outcome=allow detail="regular access"
2025-12-24T19:44:07.267-0800 badge_id=NP-4439 name="Pat Jensen" department=R&D floor=5 room="Legal Suite B" action=swipe outcome=allow detail="regular access"
2025-12-24T19:44:39.978-0800 badge_id=SE-4351 name="Pat Quinn" department=HR floor=B2 room="Parking Level 2" action=swipe outcome=allow detail="regular access"
2025-12-24T19:45:00.000-0800 badge_id=JT-0001 name="Joseph Takagi" department=CEO floor=30 room="Conference Room B" action=swipe outcome=allow detail="exec_calendar: vault maintenance cycle 7439 — rotation scheduled 2025-12-25T02:00"
2025-12-24T19:45:55.805-0800 badge_id=NP-9333 name="Morgan Foster" department=Finance floor=1 room=Reception action=swipe outcome=allow detail="regular access"
2025-12-24T19:46:45.313-0800 badge_id=SE-9993 name="Noel Ito" department=Finance floor=3 room="Maintenance Shop" action=swipe outcome=allow detail="regular access"
2025-12-24T19:46:57.014-0800 badge_id=NP-1976 name="Harper Carter" department=Finance floor=1 room=Reception action=swipe outcome=allow detail="regular access"
2025-12-24T19:47:13.155-0800 badge_id=NP-4472 name="Naomi Park" department="Vault Operations" floor=B1 room="Vault Anteroom" action=swipe outcome=allow detail="regular access"
2025-12-24T19:47:47.961-0800 badge_id=TMP-9344 name="Kendall Dunn" department=HR floor=10 room="HR Open Floor" action=swipe outcome=allow detail="regular access"
2025-12-24T19:48:28.454-0800 badge_id=HE-3301 name="Harry Ellis" department="International Trade" floor=B1 room="Vault Anteroom" action=swipe outcome=allow detail="regular access"
2025-12-24T19:48:32.216-0800 badge_id=NP-6816 name="Kendall Rivera" department=R&D floor=5 room="Legal Suite B" action=swipe outcome=allow detail="regular access"
2025-12-24T19:48:53.025-0800 badge_id=TMP-9344 name="Kendall Dunn" department=HR floor=2 room="Loading Dock" action=swipe outcome=allow detail="regular access"
2025-12-24T19:52:13.222-0800 badge_id=VIS-6119 name="Terry Singh" department=HR floor=B2 room="Parking Level 2" action=swipe outcome=allow detail="regular access"
2025-12-24T19:54:20.549-0800 badge_id=VIS-2516 name="Blake Miller" department=Admin floor=5 room="Legal Suite A" action=swipe outcome=allow detail="regular access"
2025-12-24T19:56:29.908-0800 badge_id=NP-8383 name="Jordan Clark" department=Facilities floor=B2 room="Parking Level 2" action=swipe outcome=allow detail="regular access"
2025-12-24T19:56:34.854-0800 badge_id=NP-9333 name="Morgan Foster" department=Finance floor=3 room="Maintenance Shop" action=swipe outcome=allow detail="regular access"
2025-12-24T19:56:35.870-0800 badge_id=NP-7144 name="Morgan Nguyen" department=IT floor=5 room="Legal Suite B" action=swipe outcome=allow detail="regular access"
2025-12-24T19:57:58.399-0800 badge_id=JT-0001 name="Joseph Takagi" department=CEO floor=5 room="Legal Suite B" action=swipe outcome=allow detail="regular access"
2025-12-24T19:58:34.644-0800 badge_id=JT-0001 name="Joseph Takagi" department=CEO floor=B2 room="Parking Level 2" action=swipe outcome=allow detail="regular access"
2025-12-24T19:58:50.516-0800 badge_id=NP-7144 name="Morgan Nguyen" department=IT floor=15 room="Trading Floor" action=swipe outcome=allow detail="regular access"
2025-12-24T19:59:49.119-0800 badge_id=SE-0012 name="James Marsh" department=Security floor=1 room="Main Entrance" action=swipe outcome=allow detail="regular access"
2025-12-24T20:01:44.933-0800 badge_id=NP-6816 name="Kendall Rivera" department=R&D floor=15 room="Conference Room A" action=swipe outcome=allow detail="regular access"
2025-12-24T20:02:05.170-0800 badge_id=TMP-3732 name="Reese Adams" department=HR floor=1 room="Parking Garage Entry" action=swipe outcome=allow detail="regular access"
2025-12-24T20:02:36.936-0800 badge_id=NP-4472 name="Naomi Park" department="Vault Operations" floor=1 room="Security Office" action=swipe outcome=allow detail="regular access"
2025-12-24T20:03:50.773-0800 badge_id=SE-3599 name="Jordan Lawson" department=Facilities floor=30 room="Conference Room A" action=swipe outcome=allow detail="regular access"
2025-12-24T20:04:20.719-0800 badge_id=NP-9333 name="Morgan Foster" department=Finance floor=15 room="Trading Floor" action=swipe outcome=allow detail="regular access"
2025-12-24T20:04:22.315-0800 badge_id=TMP-6322 name="Noel Clark" department=Finance floor=30 room="Corner Office" action=swipe outcome=allow detail="regular access"
2025-12-24T20:04:58.768-0800 badge_id=NP-6816 name="Kendall Rivera" department=R&D floor=20 room="Finance Suite" action=swipe outcome=allow detail="regular access"
2025-12-24T20:05:09.241-0800 badge_id=NP-6816 name="Kendall Rivera" department=R&D floor=20 room="Finance Suite" action=swipe outcome=allow detail="regular access"
2025-12-24T20:05:38.343-0800 badge_id=NP-9854 name="Lee Singh" department=R&D floor=15 room="Trading Floor" action=swipe outcome=allow detail="regular access"
2025-12-24T20:06:54.481-0800 badge_id=TMP-3732 name="Reese Adams" department=HR floor=20 room="Finance Suite" action=swipe outcome=allow detail="regular access"
2025-12-24T20:07:07.349-0800 badge_id=TMP-4930 name="Riley Kim" department=Admin floor=15 room="Conference Room A" action=swipe outcome=allow detail="regular access"
2025-12-24T20:07:40.362-0800 badge_id=SE-3599 name="Jordan Lawson" department=Facilities floor=30 room="Conference Room B" action=swipe outcome=allow detail="regular access"
2025-12-24T20:07:46.139-0800 badge_id=TMP-4930 name="Riley Kim" department=Admin floor=1 room="Main Entrance" action=swipe outcome=allow detail="regular access"
2025-12-24T20:10:47.288-0800 badge_id=NP-5880 name="Drew Diaz" department=Marketing floor=30 room="Conference Room A" action=swipe outcome=allow detail="regular access"
2025-12-24T20:11:15.802-0800 badge_id=NP-8383 name="Jordan Clark" department=Facilities floor=20 room=Records action=swipe outcome=allow detail="regular access"
2025-12-24T20:13:28.912-0800 badge_id=VIS-3109 name="Riley Jensen" department=R&D floor=1 room="Parking Garage Entry" action=swipe outcome=allow detail="regular access"
2025-12-24T20:14:10.875-0800 badge_id=NP-9789 name="Jamie Lawson" department=Finance floor=20 room="Finance Suite" action=swipe outcome=allow detail="regular access"
2025-12-24T20:14:25.320-0800 badge_id=SE-0015 name="Lisa Tanaka" department=Security floor=15 room="Trading Floor" action=swipe outcome=allow detail="regular access"
2025-12-24T20:14:29.427-0800 badge_id=NP-9854 name="Lee Singh" department=R&D floor=15 room="Conference Room A" action=swipe outcome=allow detail="regular access"
2025-12-24T20:15:11.265-0800 badge_id=AG-0077 name=Argyle department="Building Services" floor=15 room="Trading Floor" action=swipe outcome=allow detail="regular access"
2025-12-24T20:18:13.171-0800 badge_id=VIS-6119 name="Terry Singh" department=HR floor=20 room="Finance Suite" action=swipe outcome=allow detail="regular access"
2025-12-24T20:18:39.594-0800 badge_id=VIS-3009 name="Lane Valdez" department=Marketing floor=1 room="Security Office" action=swipe outcome=allow detail="regular access"
2025-12-24T20:18:43.325-0800 badge_id=VIS-3009 name="Lane Valdez" department=Marketing floor=20 room="Finance Suite" action=swipe outcome=allow detail="regular access"
2025-12-24T20:19:13.683-0800 badge_id=CAT-001 name="Maria Santos" department=Catering floor=20 room="Finance Suite" action=swipe outcome=allow detail="regular access"
2025-12-24T20:19:20.404-0800 badge_id=NP-6626 name="Terry Jensen" department=R&D floor=30 room="Main Hall" action=swipe outcome=allow detail="regular access"
2025-12-24T20:19:31.253-0800 badge_id=HP-1015 name="Holly Gennaro" department="International Trade" floor=1 room=Reception action=swipe outcome=allow detail="regular access"
2025-12-24T20:19:38.879-0800 badge_id=NP-6626 name="Terry Jensen" department=R&D floor=15 room="Trading Floor" action=swipe outcome=allow detail="regular access"
2025-12-24T20:19:54.043-0800 badge_id=NP-1976 name="Harper Carter" department=Finance floor=20 room="Finance Suite" action=swipe outcome=allow detail="regular access"
2025-12-24T20:22:09.254-0800 badge_id=NP-4439 name="Pat Jensen" department=R&D floor=20 room=Records action=swipe outcome=allow detail="regular access"
2025-12-24T20:22:37.159-0800 badge_id=TMP-3732 name="Reese Adams" department=HR floor=20 room="Finance Suite" action=swipe outcome=allow detail="regular access"
2025-12-24T20:22:53.203-0800 badge_id=NP-4471 name="Robert Chen" department="IT Operations" floor=20 room=Records action=swipe outcome=allow detail="regular access"
2025-12-24T20:23:55.504-0800 badge_id=VIS-6119 name="Terry Singh" department=HR floor=30 room="Corner Office" action=swipe outcome=allow detail="regular access"
2025-12-24T20:24:30.132-0800 badge_id=VIS-3009 name="Lane Valdez" department=Marketing floor=15 room="Trading Floor" action=swipe outcome=allow detail="regular access"
2025-12-24T20:24:50.337-0800 badge_id=TMP-6322 name="Noel Clark" department=Finance floor=30 room="Main Hall" action=swipe outcome=allow detail="regular access"
2025-12-24T20:25:01.956-0800 badge_id=NP-8184 name="Lane Brooks" department= floor=35 room="CEO Office" action=swipe outcome=allow detail="Late executive work session — quarterly report review"
2025-12-24T20:25:07.577-0800 badge_id=VIS-3109 name="Riley Jensen" department=R&D floor=1 room="Main Entrance" action=swipe outcome=allow detail="regular access"
2025-12-24T20:25:29.012-0800 badge_id=JT-0001 name="Joseph Takagi" department=CEO floor=30 room="Corner Office" action=swipe outcome=allow detail="regular access"
2025-12-24T20:25:37.184-0800 badge_id=SE-0015 name="Lisa Tanaka" department=Security floor=1 room="Parking Garage Entry" action=swipe outcome=allow detail="regular access"
2025-12-24T20:27:25.692-0800 badge_id=NP-6816 name="Kendall Rivera" department=R&D floor=15 room="Trading Floor" action=swipe outcome=allow detail="regular access"
2025-12-24T20:28:19.010-0800 badge_id=TMP-4930 name="Riley Kim" department=Admin floor=15 room="Trading Floor" action=swipe outcome=allow detail="regular access"
2025-12-24T20:28:20.796-0800 badge_id=TMP-9344 name="Kendall Dunn" department=HR floor=15 room="Conference Room A" action=swipe outcome=allow detail="regular access"
2025-12-24T20:28:35.487-0800 badge_id=JT-0001 name="Joseph Takagi" department=CEO floor=20 room="Finance Suite" action=swipe outcome=allow detail="regular access"
2025-12-24T20:28:40.913-0800 badge_id=SE-9993 name="Noel Ito" department=Finance floor=1 room="Main Entrance" action=swipe outcome=allow detail="regular access"
2025-12-24T20:28:54.358-0800 badge_id=SE-0012 name="James Marsh" department=Security floor=20 room="Finance Suite" action=swipe outcome=allow detail="regular access"
2025-12-24T20:29:10.411-0800 badge_id=VIS-9262 name="Jamie Walsh" department=R&D floor=20 room=Records action=swipe outcome=allow detail="regular access"
2025-12-24T20:31:58.930-0800 badge_id=TMP-9344 name="Kendall Dunn" department=HR floor=30 room="Conference Room B" action=swipe outcome=allow detail="regular access"
2025-12-24T20:32:54.410-0800 badge_id=TMP-3732 name="Reese Adams" department=HR floor=20 room="Finance Suite" action=swipe outcome=allow detail="regular access"
2025-12-24T20:33:59.316-0800 badge_id=NP-7254 name="Emery Rivera" department=Facilities floor=1 room="Main Entrance" action=swipe outcome=allow detail="regular access"
2025-12-24T20:34:09.637-0800 badge_id=TMP-9344 name="Kendall Dunn" department=HR floor=30 room="Main Hall" action=swipe outcome=allow detail="regular access"
2025-12-24T20:35:46.232-0800 badge_id=VIS-9262 name="Jamie Walsh" department=R&D floor=15 room="Trading Floor" action=swipe outcome=allow detail="regular access"
2025-12-24T20:37:11.428-0800 badge_id=AG-0077 name=Argyle department="Building Services" floor=20 room=Records action=swipe outcome=allow detail="regular access"
2025-12-24T20:38:11.436-0800 badge_id=NP-9789 name="Jamie Lawson" department=Finance floor=20 room=Records action=swipe outcome=allow detail="regular access"
2025-12-24T20:38:34.611-0800 badge_id=SE-9993 name="Noel Ito" department=Finance floor=30 room="Main Hall" action=swipe outcome=allow detail="regular access"
2025-12-24T20:39:06.287-0800 badge_id=VIS-2516 name="Blake Miller" department=Admin floor=20 room=Records action=swipe outcome=allow detail="regular access"
2025-12-24T20:39:41.806-0800 badge_id=NP-5771 name="Micah Lawson" department=HR floor=1 room=Reception action=swipe outcome=allow detail="regular access"
2025-12-24T20:41:20.416-0800 badge_id=NP-5880 name="Drew Diaz" department=Marketing floor=15 room="Trading Floor" action=swipe outcome=allow detail="regular access"
2025-12-24T20:41:28.241-0800 badge_id=SE-9993 name="Noel Ito" department=Finance floor=20 room="Finance Suite" action=swipe outcome=allow detail="regular access"
2025-12-24T20:41:55.009-0800 badge_id=NP-7254 name="Emery Rivera" department=Facilities floor=1 room="Security Office" action=swipe outcome=allow detail="regular access"
2025-12-24T20:42:15.755-0800 badge_id=VIS-9262 name="Jamie Walsh" department=R&D floor=1 room="Main Entrance" action=swipe outcome=allow detail="regular access"
2025-12-24T20:42:49.852-0800 badge_id=HE-3301 name="Harry Ellis" department="International Trade" floor=20 room=Records action=swipe outcome=allow detail="regular access"
2025-12-24T20:43:26.883-0800 badge_id=NP-7242 name="Terry Grant" department=Admin floor=15 room="Trading Floor" action=swipe outcome=allow detail="regular access"
2025-12-24T20:43:44.773-0800 badge_id=NP-7254 name="Emery Rivera" department=Facilities floor=1 room="Main Entrance" action=swipe outcome=allow detail="regular access"
2025-12-24T20:43:57.425-0800 badge_id=NP-5880 name="Drew Diaz" department=Marketing floor=1 room="Parking Garage Entry" action=swipe outcome=allow detail="regular access"
2025-12-24T20:44:15.188-0800 badge_id=NP-5771 name="Micah Lawson" department=HR floor=15 room="Trading Floor" action=swipe outcome=allow detail="regular access"
2025-12-24T20:44:26.536-0800 badge_id=TMP-4930 name="Riley Kim" department=Admin floor=30 room="Main Hall" action=swipe outcome=allow detail="regular access"
2025-12-24T20:44:31.162-0800 badge_id=NP-4439 name="Pat Jensen" department=R&D floor=20 room="Finance Suite" action=swipe outcome=allow detail="regular access"
2025-12-24T20:45:00.881-0800 badge_id=VIS-5392 name="Emery Carter" department=R&D floor=15 room="Trading Floor" action=swipe outcome=allow detail="regular access"
2025-12-24T20:45:08.252-0800 badge_id=NP-8383 name="Jordan Clark" department=Facilities floor=20 room="Finance Suite" action=swipe outcome=allow detail="regular access"
2025-12-24T20:46:42.331-0800 badge_id=SE-0015 name="Lisa Tanaka" department=Security floor=20 room=Records action=swipe outcome=allow detail="regular access"
2025-12-24T20:47:11.017-0800 badge_id=VIS-6119 name="Terry Singh" department=HR floor=15 room="Trading Floor" action=swipe outcome=allow detail="regular access"
2025-12-24T20:47:57.685-0800 badge_id=NP-7254 name="Emery Rivera" department=Facilities floor=1 room="Security Office" action=swipe outcome=allow detail="regular access"
2025-12-24T20:48:30.360-0800 badge_id=VIS-5392 name="Emery Carter" department=R&D floor=20 room="Finance Suite" action=swipe outcome=allow detail="regular access"
2025-12-24T20:48:47.259-0800 badge_id=VIS-7497 name="Frankie Adams" department=Marketing floor=15 room="Trading Floor" action=swipe outcome=allow detail="regular access"
2025-12-24T20:49:35.724-0800 badge_id=HE-3301 name="Harry Ellis" department="International Trade" floor=20 room="Finance Suite" action=swipe outcome=allow detail="regular access"
2025-12-24T20:50:48.665-0800 badge_id=VIS-7497 name="Frankie Adams" department=Marketing floor=30 room="Corner Office" action=swipe outcome=allow detail="regular access"
2025-12-24T20:51:33.698-0800 badge_id=VIS-2516 name="Blake Miller" department=Admin floor=15 room="Conference Room A" action=swipe outcome=allow detail="regular access"
2025-12-24T20:52:47.803-0800 badge_id=NP-4471 name="Robert Chen" department="IT Operations" floor=20 room=Records action=swipe outcome=allow detail="regular access"
2025-12-24T20:56:45.636-0800 badge_id=TMP-9344 name="Kendall Dunn" department=HR floor=15 room="Trading Floor" action=swipe outcome=allow detail="regular access"
2025-12-24T20:58:03.120-0800 badge_id=NP-6816 name="Kendall Rivera" department=R&D floor=1 room="Main Entrance" action=swipe outcome=allow detail="regular access"
2025-12-24T20:58:18.095-0800 badge_id=VIS-2516 name="Blake Miller" department=Admin floor=30 room="Conference Room B" action=swipe outcome=allow detail="regular access"
2025-12-24T21:03:01.997-0800 badge_id=VIS-8006 name="Kendall Walsh" department=Finance floor=30 room="Main Hall" action=swipe outcome=allow detail="regular access"
2025-12-24T21:03:39.789-0800 badge_id=VIS-6119 name="Terry Singh" department=HR floor=20 room=Records action=swipe outcome=allow detail="regular access"
2025-12-24T21:03:48.245-0800 badge_id=NP-2085 name="Pat Grant" department=HR floor=30 room="Main Hall" action=swipe outcome=allow detail="regular access"
2025-12-24T21:04:07.824-0800 badge_id=NP-6054 name="Taylor Jensen" department=Sales floor=1 room=Reception action=swipe outcome=allow detail="regular access"
2025-12-24T21:06:13.803-0800 badge_id=NP-9789 name="Jamie Lawson" department=Finance floor=30 room="Corner Office" action=swipe outcome=allow detail="regular access"
2025-12-24T21:07:13.812-0800 badge_id=NP-5523 name="Yuki Clark" department= floor=25 room="R&D Lab" action=swipe outcome=allow detail="vault HVAC inspection — nominal"
2025-12-24T21:07:56.831-0800 badge_id=VIS-3009 name="Lane Valdez" department=Marketing floor=1 room="Parking Garage Entry" action=swipe outcome=allow detail="regular access"
2025-12-24T21:08:00.628-0800 badge_id=NP-1976 name="Harper Carter" department=Finance floor=30 room="Conference Room A" action=swipe outcome=allow detail="regular access"
2025-12-24T21:09:22.260-0800 badge_id=VIS-3109 name="Riley Jensen" department=R&D floor=20 room="Finance Suite" action=swipe outcome=allow detail="regular access"
2025-12-24T21:09:36.514-0800 badge_id=NP-4439 name="Pat Jensen" department=R&D floor=20 room="Finance Suite" action=swipe outcome=allow detail="regular access"
2025-12-24T21:10:36.611-0800 badge_id=NP-7254 name="Emery Rivera" department=Facilities floor=20 room="Finance Suite" action=swipe outcome=allow detail="regular access"
2025-12-24T21:10:52.676-0800 badge_id=NP-8383 name="Jordan Clark" department=Facilities floor=20 room=Records action=swipe outcome=allow detail="regular access"
2025-12-24T21:11:06.228-0800 badge_id=NP-5771 name="Micah Lawson" department=HR floor=1 room=Reception action=swipe outcome=allow detail="regular access"
2025-12-24T21:11:54.285-0800 badge_id=JT-0001 name="Joseph Takagi" department=CEO floor=1 room="Main Entrance" action=swipe outcome=allow detail="regular access"
2025-12-24T21:12:08.654-0800 badge_id=NP-8383 name="Jordan Clark" department=Facilities floor=1 room="Security Office" action=swipe outcome=allow detail="regular access"
2025-12-24T21:12:29.720-0800 badge_id=AG-0077 name=Argyle department="Building Services" floor=1 room="Security Office" action=swipe outcome=allow detail="regular access"
2025-12-24T21:12:40.828-0800 badge_id=NP-4472 name="Naomi Park" department="Vault Operations" floor=1 room="Parking Garage Entry" action=swipe outcome=allow detail="regular access"
2025-12-24T21:14:04.473-0800 badge_id=NP-7144 name="Morgan Nguyen" department=IT floor=1 room="Main Entrance" action=swipe outcome=allow detail="regular access"
2025-12-24T21:14:46.054-0800 badge_id=NP-8383 name="Jordan Clark" department=Facilities floor=1 room="Parking Garage Entry" action=swipe outcome=allow detail="regular access"
2025-12-24T21:14:50.956-0800 badge_id=NP-6626 name="Terry Jensen" department=R&D floor=20 room=Records action=swipe outcome=allow detail="regular access"
2025-12-24T21:15:14.663-0800 badge_id=VIS-8484 name="Chris Adams" department=R&D floor=15 room="Trading Floor" action=swipe outcome=allow detail="regular access"
2025-12-24T21:15:27.449-0800 badge_id=NP-9789 name="Jamie Lawson" department=Finance floor=1 room="Security Office" action=swipe outcome=allow detail="regular access"
2025-12-24T21:16:19.884-0800 badge_id=VIS-5392 name="Emery Carter" department=R&D floor=1 room="Main Entrance" action=swipe outcome=allow detail="regular access"
2025-12-24T21:16:44.664-0800 badge_id=VIS-2516 name="Blake Miller" department=Admin floor=15 room="Trading Floor" action=swipe outcome=allow detail="regular access"
2025-12-24T21:19:38.134-0800 badge_id=TMP-3732 name="Reese Adams" department=HR floor=30 room="Main Hall" action=swipe outcome=allow detail="regular access"
2025-12-24T21:20:58.857-0800 badge_id=NP-8383 name="Jordan Clark" department=Facilities floor=20 room="Finance Suite" action=swipe outcome=allow detail="regular access"
2025-12-24T21:21:40.058-0800 badge_id=VIS-9262 name="Jamie Walsh" department=R&D floor=30 room="Conference Room B" action=swipe outcome=allow detail="regular access"
2025-12-24T21:22:42.300-0800 badge_id=VIS-2516 name="Blake Miller" department=Admin floor=20 room=Records action=swipe outcome=allow detail="regular access"
2025-12-24T21:22:43.284-0800 badge_id=HP-1015 name="Holly Gennaro" department="International Trade" floor=15 room="Trading Floor" action=swipe outcome=allow detail="regular access"
2025-12-24T21:22:53.419-0800 badge_id=NP-5880 name="Drew Diaz" department=Marketing floor=15 room="Trading Floor" action=swipe outcome=allow detail="regular access"
2025-12-24T21:23:01.702-0800 badge_id=VIS-5392 name="Emery Carter" department=R&D floor=1 room="Security Office" action=swipe outcome=allow detail="regular access"
2025-12-24T21:23:03.171-0800 badge_id=NP-6626 name="Terry Jensen" department=R&D floor=15 room="Trading Floor" action=swipe outcome=allow detail="regular access"
2025-12-24T21:23:03.197-0800 badge_id=SE-0012 name="James Marsh" department=Security floor=1 room="Security Office" action=swipe outcome=allow detail="regular access"
2025-12-24T21:24:21.991-0800 badge_id=TMP-2240 name="Casey Carter" department=Marketing floor=15 room="Conference Room A" action=swipe outcome=allow detail="regular access"
2025-12-24T21:25:32.534-0800 badge_id=HE-3301 name="Harry Ellis" department="International Trade" floor=20 room="Finance Suite" action=swipe outcome=allow detail="regular access"
2025-12-24T21:27:32.087-0800 badge_id=TMP-4930 name="Riley Kim" department=Admin floor=30 room="Main Hall" action=swipe outcome=allow detail="regular access"
2025-12-24T21:28:23.391-0800 badge_id=NP-4439 name="Pat Jensen" department=R&D floor=15 room="Conference Room A" action=swipe outcome=allow detail="regular access"
2025-12-24T21:29:12.910-0800 badge_id=SE-9993 name="Noel Ito" department=Finance floor=1 room=Reception action=swipe outcome=allow detail="regular access"
2025-12-24T21:29:24.881-0800 badge_id=NP-5880 name="Drew Diaz" department=Marketing floor=15 room="Trading Floor" action=swipe outcome=allow detail="regular access"
2025-12-24T21:29:32.030-0800 badge_id=NP-4439 name="Pat Jensen" department=R&D floor=20 room=Records action=swipe outcome=allow detail="regular access"
2025-12-24T21:29:49.811-0800 badge_id=NP-7242 name="Terry Grant" department=Admin floor=30 room="Corner Office" action=swipe outcome=allow detail="regular access"
2025-12-24T21:31:21.155-0800 badge_id=TMP-2240 name="Casey Carter" department=Marketing floor=1 room="Main Entrance" action=swipe outcome=allow detail="regular access"
2025-12-24T21:31:27.249-0800 badge_id=NP-6816 name="Kendall Rivera" department=R&D floor=20 room=Records action=swipe outcome=allow detail="regular access"
2025-12-24T21:31:32.403-0800 badge_id=VIS-8758 name="Sage Evans" department=Admin floor=1 room="Security Office" action=swipe outcome=allow detail="regular access"
2025-12-24T21:32:30.899-0800 badge_id=TMP-2240 name="Casey Carter" department=Marketing floor=15 room="Conference Room A" action=swipe outcome=allow detail="regular access"
2025-12-24T21:32:38.238-0800 badge_id=VIS-7497 name="Frankie Adams" department=Marketing floor=15 room="Trading Floor" action=swipe outcome=allow detail="regular access"
2025-12-24T21:32:57.928-0800 badge_id=TMP-2240 name="Casey Carter" department=Marketing floor=30 room="Corner Office" action=swipe outcome=allow detail="regular access"
2025-12-24T21:33:45.521-0800 badge_id=VIS-7497 name="Frankie Adams" department=Marketing floor=15 room="Conference Room A" action=swipe outcome=allow detail="regular access"
2025-12-24T21:34:54.382-0800 badge_id=NP-7242 name="Terry Grant" department=Admin floor=1 room="Main Entrance" action=swipe outcome=allow detail="regular access"
2025-12-24T21:34:54.805-0800 badge_id=HE-3301 name="Harry Ellis" department="International Trade" floor=30 room="Conference Room B" action=swipe outcome=allow detail="regular access"
2025-12-24T21:35:59.502-0800 badge_id=TMP-6322 name="Noel Clark" department=Finance floor=1 room=Reception action=swipe outcome=allow detail="regular access"
2025-12-24T21:36:37.653-0800 badge_id=NP-4439 name="Pat Jensen" department=R&D floor=15 room="Conference Room A" action=swipe outcome=allow detail="regular access"
2025-12-24T21:36:52.193-0800 badge_id=VIS-6119 name="Terry Singh" department=HR floor=20 room="Finance Suite" action=swipe outcome=allow detail="regular access"
2025-12-24T21:39:28.891-0800 badge_id=SE-9993 name="Noel Ito" department=Finance floor=30 room="Conference Room A" action=swipe outcome=allow detail="regular access"
2025-12-24T21:39:43.778-0800 badge_id=VIS-8758 name="Sage Evans" department=Admin floor=15 room="Conference Room A" action=swipe outcome=allow detail="regular access"
2025-12-24T21:40:56.413-0800 badge_id=VIS-3109 name="Riley Jensen" department=R&D floor=30 room="Conference Room B" action=swipe outcome=allow detail="regular access"
2025-12-24T21:41:36.929-0800 badge_id=VIS-8758 name="Sage Evans" department=Admin floor=30 room="Conference Room B" action=swipe outcome=allow detail="regular access"
2025-12-24T21:41:40.578-0800 badge_id=HE-3301 name="Harry Ellis" department="International Trade" floor=1 room="Main Entrance" action=swipe outcome=allow detail="regular access"
2025-12-24T21:43:28.054-0800 badge_id=TMP-9344 name="Kendall Dunn" department=HR floor=1 room=Reception action=swipe outcome=allow detail="regular access"
2025-12-24T21:44:45.507-0800 badge_id=NP-7254 name="Emery Rivera" department=Facilities floor=15 room="Trading Floor" action=swipe outcome=allow detail="regular access"
2025-12-24T21:45:00.000-0800 badge_id=JT-0001 name="Joseph Takagi" department=CEO floor=30 room="Main Hall" action=swipe outcome=allow detail="party attendance"
2025-12-24T21:45:16.839-0800 badge_id=SE-3599 name="Jordan Lawson" department=Facilities floor=1 room=Reception action=swipe outcome=allow detail="regular access"
2025-12-24T21:45:58.231-0800 badge_id=VIS-3109 name="Riley Jensen" department=R&D floor=30 room="Conference Room A" action=swipe outcome=allow detail="regular access"
2025-12-24T21:46:04.169-0800 badge_id=VIS-8484 name="Chris Adams" department=R&D floor=1 room=Reception action=swipe outcome=allow detail="regular access"
2025-12-24T21:47:41.606-0800 badge_id=NP-4471 name="Robert Chen" department="IT Operations" floor=30 room="Conference Room A" action=swipe outcome=allow detail="regular access"
2025-12-24T21:48:15.385-0800 badge_id=NP-8383 name="Jordan Clark" department=Facilities floor=15 room="Conference Room A" action=swipe outcome=allow detail="regular access"
2025-12-24T21:48:38.409-0800 badge_id=HE-3301 name="Harry Ellis" department="International Trade" floor=15 room="Conference Room A" action=swipe outcome=allow detail="regular access"
2025-12-24T21:48:57.711-0800 badge_id=TMP-2240 name="Casey Carter" department=Marketing floor=20 room=Records action=swipe outcome=allow detail="regular access"
2025-12-24T21:49:08.327-0800 badge_id=TMP-2240 name="Casey Carter" department=Marketing floor=15 room="Trading Floor" action=swipe outcome=allow detail="regular access"
2025-12-24T21:50:15.710-0800 badge_id=TMP-9344 name="Kendall Dunn" department=HR floor=15 room="Trading Floor" action=swipe outcome=allow detail="regular access"
2025-12-24T21:50:26.974-0800 badge_id=VIS-5392 name="Emery Carter" department=R&D floor=1 room="Parking Garage Entry" action=swipe outcome=allow detail="regular access"
2025-12-24T21:50:40.228-0800 badge_id=VIS-8006 name="Kendall Walsh" department=Finance floor=15 room="Trading Floor" action=swipe outcome=allow detail="regular access"
2025-12-24T21:52:47.453-0800 badge_id=HP-1015 name="Holly Gennaro" department="International Trade" floor=15 room="Trading Floor" action=swipe outcome=allow detail="regular access"
2025-12-24T21:52:49.988-0800 badge_id=VIS-5392 name="Emery Carter" department=R&D floor=30 room="Conference Room B" action=swipe outcome=allow detail="regular access"
2025-12-24T21:52:50.219-0800 badge_id=VIS-9262 name="Jamie Walsh" department=R&D floor=1 room="Parking Garage Entry" action=swipe outcome=allow detail="regular access"
2025-12-24T21:53:16.251-0800 badge_id=VIS-8006 name="Kendall Walsh" department=Finance floor=20 room=Records action=swipe outcome=allow detail="regular access"
2025-12-24T21:53:59.222-0800 badge_id=NP-4472 name="Naomi Park" department="Vault Operations" floor=1 room=Reception action=swipe outcome=allow detail="regular access"
2025-12-24T21:54:35.930-0800 badge_id=SE-0015 name="Lisa Tanaka" department=Security floor=20 room=Records action=swipe outcome=allow detail="regular access"
2025-12-24T21:54:46.484-0800 badge_id=SE-9993 name="Noel Ito" department=Finance floor=1 room="Main Entrance" action=swipe outcome=allow detail="regular access"
2025-12-24T21:55:00.000-0800 badge_id=HE-3301 name= department= floor=1 room="Parking Garage Entry" action=attempt outcome=deny detail="badge not valid for this entrance after hours"
2025-12-24T21:55:59.561-0800 badge_id=SE-9993 name="Noel Ito" department=Finance floor=20 room=Records action=swipe outcome=allow detail="regular access"
2025-12-24T21:57:12.396-0800 badge_id=NP-6626 name="Terry Jensen" department=R&D floor=1 room="Security Office" action=swipe outcome=allow detail="regular access"
2025-12-24T22:00:09.529-0800 badge_id=TH-0099 name=Theo department="External Contractor" floor=35 room="CEO Office" action=forced outcome=allow detail="post-takeover sweep"
2025-12-24T22:00:37.874-0800 badge_id=TH-0099 name=Theo department="External Contractor" floor=25 room="R&D Lab" action=forced outcome=allow detail="post-takeover sweep"
2025-12-24T22:00:56.889-0800 badge_id=HG-1988 name="Hans Gruber" department="External Contractor" floor=25 room="Server Room" action=forced outcome=allow detail="post-takeover sweep"
2025-12-24T22:01:33.975-0800 badge_id=HG-1988 name="Hans Gruber" department="External Contractor" floor=35 room="Board Room" action=forced outcome=allow detail="post-takeover sweep"
2025-12-24T22:01:44.694-0800 badge_id=HP-1015 name="Holly Gennaro" department="International Trade" floor=1 room="Security Office" action=forced outcome=allow detail="post-takeover sweep"
2025-12-24T22:02:02.099-0800 badge_id=TH-0099 name=Theo department="External Contractor" floor=1 room="Security Office" action=forced outcome=allow detail="post-takeover sweep"
2025-12-24T22:02:10.256-0800 badge_id=HE-3301 name="Harry Ellis" department="International Trade" floor=30 room="Corner Office" action=scan outcome=allow detail="post-takeover sweep"
2025-12-24T22:02:28.075-0800 badge_id=TH-0099 name=Theo department="External Contractor" floor=20 room=Records action=scan outcome=allow detail="post-takeover sweep"
2025-12-24T22:02:39.788-0800 badge_id=HP-1015 name="Holly Gennaro" department="International Trade" floor=28 room="Exec Support" action=scan outcome=allow detail="post-takeover sweep"
2025-12-24T22:02:47.000-0800 badge_id=HG-1988 name="Hans Gruber" department="External Contractor" floor=1 room="Security Office" action=override outcome=success detail="security override engaged, vault protocol initiated, access_code=2512"
2025-12-24T22:03:01.658-0800 badge_id=HE-3301 name="Harry Ellis" department="International Trade" floor=15 room="Conference Room A" action=scan outcome=allow detail="post-takeover sweep"
2025-12-24T22:03:15.055-0800 badge_id=HG-1988 name="Hans Gruber" department="External Contractor" floor=30 room="Corner Office" action=forced outcome=allow detail="post-takeover sweep"
2025-12-24T22:03:25.551-0800 badge_id=HE-3301 name="Harry Ellis" department="International Trade" floor=28 room="Exec Support" action=forced outcome=allow detail="post-takeover sweep"
2025-12-24T22:03:36.886-0800 badge_id=HE-3301 name="Harry Ellis" department="International Trade" floor=20 room=Records action=forced outcome=allow detail="post-takeover sweep"
2025-12-24T22:03:47.726-0800 badge_id=HG-1988 name="Hans Gruber" department="External Contractor" floor=35 room="CEO Office" action=scan outcome=allow detail="post-takeover sweep"
2025-12-24T22:04:27.212-0800 badge_id=HP-1015 name="Holly Gennaro" department="International Trade" floor=35 room="CEO Office" action=forced outcome=allow detail="post-takeover sweep"
2025-12-24T22:04:31.614-0800 badge_id=TH-0099 name=Theo department="External Contractor" floor=28 room="Copy Center" action=forced outcome=allow detail="post-takeover sweep"
2025-12-24T22:05:00.000-0800 badge_id=SE-0012 name= department= floor=1 room="Main Entrance" action=swipe outcome=allow detail="post-takeover badge used by unknown"
2025-12-24T22:05:16.773-0800 badge_id=HP-1015 name="Holly Gennaro" department="International Trade" floor=28 room="Exec Support" action=forced outcome=allow detail="post-takeover sweep"
2025-12-24T22:06:26.167-0800 badge_id=KA-2205 name="Karl Vreski" department="External Contractor" floor=25 room="Server Room" action=scan outcome=allow detail="post-takeover sweep"
2025-12-24T22:06:52.795-0800 badge_id=HE-3301 name="Harry Ellis" department="International Trade" floor=25 room="R&D Lab" action=forced outcome=allow detail="post-takeover sweep"
2025-12-24T22:07:30.590-0800 badge_id=KA-2205 name="Karl Vreski" department="External Contractor" floor=35 room="Board Room" action=scan outcome=allow detail="post-takeover sweep"
2025-12-24T22:07:50.557-0800 badge_id=HP-1015 name="Holly Gennaro" department="International Trade" floor=30 room="Corner Office" action=forced outcome=allow detail="post-takeover sweep"
2025-12-24T22:08:07.371-0800 badge_id=HG-1988 name="Hans Gruber" department="External Contractor" floor=20 room="Finance Suite" action=forced outcome=allow detail="post-takeover sweep"
2025-12-24T22:08:40.889-0800 badge_id=KA-2205 name="Karl Vreski" department="External Contractor" floor=1 room="Main Entrance" action=forced outcome=allow detail="post-takeover sweep"
2025-12-24T22:08:47.541-0800 badge_id=TH-0099 name=Theo department="External Contractor" floor=20 room=Records action=forced outcome=allow detail="post-takeover sweep"
2025-12-24T22:08:53.859-0800 badge_id=KA-2205 name="Karl Vreski" department="External Contractor" floor=1 room=Reception action=forced outcome=allow detail="post-takeover sweep"
2025-12-24T22:08:56.570-0800 badge_id=HP-1015 name="Holly Gennaro" department="International Trade" floor=30 room="Conference Room B" action=forced outcome=allow detail="post-takeover sweep"
2025-12-24T22:08:56.869-0800 badge_id=TH-0099 name=Theo department="External Contractor" floor=25 room="R&D Lab" action=forced outcome=allow detail="post-takeover sweep"
2025-12-24T22:08:57.017-0800 badge_id=TH-0099 name=Theo department="External Contractor" floor=15 room="Trading Floor" action=forced outcome=allow detail="post-takeover sweep"
2025-12-24T22:09:37.279-0800 badge_id=KA-2205 name="Karl Vreski" department="External Contractor" floor=30 room="Conference Room B" action=forced outcome=allow detail="post-takeover sweep"
2025-12-24T22:10:15.762-0800 badge_id=HG-1988 name="Hans Gruber" department="External Contractor" floor=25 room="R&D Lab" action=scan outcome=allow detail="post-takeover sweep"
2025-12-24T22:10:18.042-0800 badge_id=HE-3301 name="Harry Ellis" department="International Trade" floor=25 room="R&D Lab" action=scan outcome=allow detail="post-takeover sweep"
2025-12-24T22:10:26.711-0800 badge_id=KA-2205 name="Karl Vreski" department="External Contractor" floor=35 room="Board Room" action=forced outcome=allow detail="post-takeover sweep"
2025-12-24T22:10:26.832-0800 badge_id=HP-1015 name="Holly Gennaro" department="International Trade" floor=30 room="Main Hall" action=forced outcome=allow detail="post-takeover sweep"
2025-12-24T22:10:30.611-0800 badge_id=HE-3301 name="Harry Ellis" department="International Trade" floor=28 room="Exec Support" action=forced outcome=allow detail="post-takeover sweep"
2025-12-24T22:11:02.376-0800 badge_id=KA-2205 name="Karl Vreski" department="External Contractor" floor=1 room=Reception action=forced outcome=allow detail="post-takeover sweep"
2025-12-24T22:11:18.374-0800 badge_id=TH-0099 name=Theo department="External Contractor" floor=25 room="R&D Lab" action=forced outcome=allow detail="post-takeover sweep"
2025-12-24T22:13:09.912-0800 badge_id=TH-0099 name=Theo department="External Contractor" floor=25 room="R&D Lab" action=forced outcome=allow detail="post-takeover sweep"
2025-12-24T22:13:33.032-0800 badge_id=HP-1015 name="Holly Gennaro" department="International Trade" floor=15 room="Conference Room A" action=forced outcome=allow detail="post-takeover sweep"
2025-12-24T22:13:58.356-0800 badge_id=KA-2205 name="Karl Vreski" department="External Contractor" floor=28 room="Exec Support" action=forced outcome=allow detail="post-takeover sweep"
2025-12-24T22:14:27.794-0800 badge_id=TH-0099 name=Theo department="External Contractor" floor=25 room="Server Room" action=forced outcome=allow detail="post-takeover sweep"
2025-12-24T22:14:43.717-0800 badge_id=HE-3301 name="Harry Ellis" department="International Trade" floor=30 room="Conference Room A" action=forced outcome=allow detail="post-takeover sweep"
2025-12-24T22:14:53.616-0800 badge_id=TH-0099 name=Theo department="External Contractor" floor=15 room="Trading Floor" action=forced outcome=allow detail="post-takeover sweep"
2025-12-24T22:15:12.227-0800 badge_id=TH-0099 name=Theo department="External Contractor" floor=15 room="Conference Room A" action=forced outcome=allow detail="post-takeover sweep"
2025-12-24T22:15:51.720-0800 badge_id=HG-1988 name="Hans Gruber" department="External Contractor" floor=25 room="R&D Lab" action=forced outcome=allow detail="post-takeover sweep"
2025-12-24T22:16:01.210-0800 badge_id=KA-2205 name="Karl Vreski" department="External Contractor" floor=28 room="Copy Center" action=forced outcome=allow detail="post-takeover sweep"
2025-12-24T22:16:42.581-0800 badge_id=HG-1988 name="Hans Gruber" department="External Contractor" floor=20 room="Finance Suite" action=scan outcome=allow detail="post-takeover sweep"
2025-12-24T22:17:10.255-0800 badge_id=KA-2205 name="Karl Vreski" department="External Contractor" floor=30 room="Corner Office" action=forced outcome=allow detail="post-takeover sweep"
2025-12-24T22:17:10.623-0800 badge_id=HG-1988 name="Hans Gruber" department="External Contractor" floor=35 room="CEO Office" action=forced outcome=allow detail="post-takeover sweep"
2025-12-24T22:17:17.924-0800 badge_id=HE-3301 name="Harry Ellis" department="International Trade" floor=20 room=Records action=forced outcome=allow detail="post-takeover sweep"
2025-12-24T22:17:43.535-0800 badge_id=HG-1988 name="Hans Gruber" department="External Contractor" floor=15 room="Trading Floor" action=forced outcome=allow detail="post-takeover sweep"
2025-12-24T22:18:09.623-0800 badge_id=HE-3301 name="Harry Ellis" department="International Trade" floor=30 room="Conference Room B" action=forced outcome=allow detail="post-takeover sweep"
2025-12-24T22:18:26.746-0800 badge_id=HP-1015 name="Holly Gennaro" department="International Trade" floor=25 room="Server Room" action=forced outcome=allow detail="post-takeover sweep"
2025-12-24T22:18:40.354-0800 badge_id=HG-1988 name="Hans Gruber" department="External Contractor" floor=1 room=Reception action=forced outcome=allow detail="post-takeover sweep"
2025-12-24T22:18:43.414-0800 badge_id=KA-2205 name="Karl Vreski" department="External Contractor" floor=25 room="R&D Lab" action=forced outcome=allow detail="post-takeover sweep"
2025-12-24T22:19:25.536-0800 badge_id=KA-2205 name="Karl Vreski" department="External Contractor" floor=28 room="Copy Center" action=forced outcome=allow detail="post-takeover sweep"
2025-12-24T22:19:25.875-0800 badge_id=HG-1988 name="Hans Gruber" department="External Contractor" floor=25 room="R&D Lab" action=forced outcome=allow detail="post-takeover sweep"
2025-12-24T22:19:29.350-0800 badge_id=TH-0099 name=Theo department="External Contractor" floor=28 room="Exec Support" action=forced outcome=allow detail="post-takeover sweep"
2025-12-24T22:19:49.245-0800 badge_id=TH-0099 name=Theo department="External Contractor" floor=15 room="Trading Floor" action=forced outcome=allow detail="post-takeover sweep"
2025-12-24T22:20:22.704-0800 badge_id=TH-0099 name=Theo department="External Contractor" floor=15 room="Trading Floor" action=forced outcome=allow detail="post-takeover sweep"
2025-12-24T22:21:02.236-0800 badge_id=HP-1015 name="Holly Gennaro" department="International Trade" floor=1 room="Security Office" action=forced outcome=allow detail="post-takeover sweep"
2025-12-24T22:21:04.067-0800 badge_id=HP-1015 name="Holly Gennaro" department="International Trade" floor=28 room="Exec Support" action=forced outcome=allow detail="post-takeover sweep"
2025-12-24T22:21:24.494-0800 badge_id=HG-1988 name="Hans Gruber" department="External Contractor" floor=30 room="Conference Room A" action=scan outcome=allow detail="post-takeover sweep"
2025-12-24T22:21:37.758-0800 badge_id=TH-0099 name=Theo department="External Contractor" floor=35 room="CEO Office" action=scan outcome=allow detail="post-takeover sweep"
2025-12-24T22:21:51.310-0800 badge_id=TH-0099 name=Theo department="External Contractor" floor=28 room="Copy Center" action=forced outcome=allow detail="post-takeover sweep"
2025-12-24T22:22:05.485-0800 badge_id=KA-2205 name="Karl Vreski" department="External Contractor" floor=15 room="Trading Floor" action=forced outcome=allow detail="post-takeover sweep"
2025-12-24T22:22:14.335-0800 badge_id=HP-1015 name="Holly Gennaro" department="International Trade" floor=1 room="Parking Garage Entry" action=scan outcome=allow detail="post-takeover sweep"
2025-12-24T22:22:41.228-0800 badge_id=HP-1015 name="Holly Gennaro" department="International Trade" floor=25 room="Server Room" action=scan outcome=allow detail="post-takeover sweep"
2025-12-24T22:22:50.210-0800 badge_id=KA-2205 name="Karl Vreski" department="External Contractor" floor=28 room="Copy Center" action=scan outcome=allow detail="post-takeover sweep"
2025-12-24T22:23:03.978-0800 badge_id=TH-0099 name=Theo department="External Contractor" floor=1 room="Parking Garage Entry" action=forced outcome=allow detail="post-takeover sweep"
2025-12-24T22:23:29.800-0800 badge_id=HG-1988 name="Hans Gruber" department="External Contractor" floor=25 room="Server Room" action=scan outcome=allow detail="post-takeover sweep"
2025-12-24T22:23:53.419-0800 badge_id=HP-1015 name="Holly Gennaro" department="International Trade" floor=30 room="Main Hall" action=scan outcome=allow detail="post-takeover sweep"
2025-12-24T22:24:08.604-0800 badge_id=TH-0099 name=Theo department="External Contractor" floor=15 room="Trading Floor" action=forced outcome=allow detail="post-takeover sweep"
2025-12-24T22:24:37.817-0800 badge_id=HG-1988 name="Hans Gruber" department="External Contractor" floor=1 room=Reception action=forced outcome=allow detail="post-takeover sweep"
2025-12-24T22:25:16.257-0800 badge_id=HE-3301 name="Harry Ellis" department="International Trade" floor=25 room="R&D Lab" action=scan outcome=allow detail="post-takeover sweep"
2025-12-24T22:27:31.563-0800 badge_id=HP-1015 name="Holly Gennaro" department="International Trade" floor=35 room="Board Room" action=forced outcome=allow detail="post-takeover sweep"
2025-12-24T22:27:34.819-0800 badge_id=HP-1015 name="Holly Gennaro" department="International Trade" floor=25 room="Server Room" action=forced outcome=allow detail="post-takeover sweep"
2025-12-24T22:28:03.071-0800 badge_id=TH-0099 name=Theo department="External Contractor" floor=28 room="Exec Support" action=scan outcome=allow detail="post-takeover sweep"
2025-12-24T22:28:08.816-0800 badge_id=HP-1015 name="Holly Gennaro" department="International Trade" floor=1 room=Reception action=forced outcome=allow detail="post-takeover sweep"
2025-12-24T22:29:36.207-0800 badge_id=HG-1988 name="Hans Gruber" department="External Contractor" floor=30 room="Conference Room B" action=scan outcome=allow detail="post-takeover sweep"
2025-12-24T22:29:49.909-0800 badge_id=HP-1015 name="Holly Gennaro" department="International Trade" floor=15 room="Conference Room A" action=forced outcome=allow detail="post-takeover sweep"
2025-12-24T22:30:50.476-0800 badge_id=KA-2205 name="Karl Vreski" department="External Contractor" floor=30 room="Main Hall" action=forced outcome=allow detail="crew movement"
2025-12-24T22:32:07.935-0800 badge_id=TH-0099 name=Theo department="External Contractor" floor=30 room="Corner Office" action=forced outcome=allow detail="crew movement"
2025-12-24T22:33:40.151-0800 badge_id=HG-1988 name="Hans Gruber" department="External Contractor" floor=B1 room="Vault Anteroom" action=forced outcome=allow detail="crew movement"
2025-12-24T22:33:42.921-0800 badge_id=KA-2205 name="Karl Vreski" department="External Contractor" floor=roof room="Helipad Access" action=forced outcome=allow detail="crew movement"
2025-12-24T22:37:59.240-0800 badge_id=HG-1988 name="Hans Gruber" department="External Contractor" floor=1 room="Parking Garage Entry" action=forced outcome=allow detail="crew movement"
2025-12-24T22:38:00.007-0800 badge_id=TH-0099 name=Theo department="External Contractor" floor=B1 room="Vault Terminal" action=forced outcome=allow detail="crew movement"
2025-12-24T22:38:41.966-0800 badge_id=KA-2205 name="Karl Vreski" department="External Contractor" floor=30 room="Corner Office" action=forced outcome=allow detail="crew movement"
2025-12-24T22:39:55.149-0800 badge_id=KA-2205 name="Karl Vreski" department="External Contractor" floor=B1 room="Vault Terminal" action=forced outcome=allow detail="crew movement"
2025-12-24T22:40:16.691-0800 badge_id=HG-1988 name="Hans Gruber" department="External Contractor" floor=1 room="Main Entrance" action=forced outcome=allow detail="crew movement"
2025-12-24T22:41:16.188-0800 badge_id=HG-1988 name="Hans Gruber" department="External Contractor" floor=1 room="Parking Garage Entry" action=forced outcome=allow detail="crew movement"
2025-12-24T22:46:04.708-0800 badge_id=HG-1988 name="Hans Gruber" department="External Contractor" floor=1 room=Reception action=forced outcome=allow detail="crew movement"
2025-12-24T22:46:15.280-0800 badge_id=HG-1988 name="Hans Gruber" department="External Contractor" floor=roof room="Mechanical Room" action=forced outcome=allow detail="crew movement"
2025-12-24T22:49:27.614-0800 badge_id=KA-2205 name="Karl Vreski" department="External Contractor" floor=30 room="Conference Room B" action=forced outcome=allow detail="crew movement"
2025-12-24T22:50:29.622-0800 badge_id=HG-1988 name="Hans Gruber" department="External Contractor" floor=B1 room="Vault Terminal" action=forced outcome=allow detail="crew movement"
2025-12-24T22:50:38.755-0800 badge_id=HG-1988 name="Hans Gruber" department="External Contractor" floor=1 room=Reception action=forced outcome=allow detail="crew movement"
2025-12-24T22:51:48.758-0800 badge_id=TH-0099 name=Theo department="External Contractor" floor=30 room="Corner Office" action=forced outcome=allow detail="crew movement"
2025-12-24T22:51:51.371-0800 badge_id=HG-1988 name="Hans Gruber" department="External Contractor" floor=30 room="Main Hall" action=forced outcome=allow detail="crew movement"
2025-12-24T22:58:37.391-0800 badge_id=KA-2205 name="Karl Vreski" department="External Contractor" floor=roof room="Helipad Access" action=forced outcome=allow detail="crew movement"
2025-12-24T22:59:03.545-0800 badge_id=HG-1988 name="Hans Gruber" department="External Contractor" floor=30 room="Conference Room A" action=forced outcome=allow detail="crew movement"
2025-12-24T22:59:20.397-0800 badge_id=HG-1988 name="Hans Gruber" department="External Contractor" floor=30 room="Conference Room A" action=forced outcome=allow detail="crew movement"
2025-12-24T23:00:44.484-0800 badge_id=KA-2205 name="Karl Vreski" department="External Contractor" floor=B1 room="Vault Terminal" action=forced outcome=allow detail="crew movement"
2025-12-24T23:03:58.087-0800 badge_id=KA-2205 name="Karl Vreski" department="External Contractor" floor=B1 room="Vault Terminal" action=forced outcome=allow detail="crew movement"
2025-12-24T23:06:41.349-0800 badge_id=KA-2205 name="Karl Vreski" department="External Contractor" floor=1 room="Main Entrance" action=forced outcome=allow detail="crew movement"
2025-12-24T23:07:19.341-0800 badge_id=HG-1988 name="Hans Gruber" department="External Contractor" floor=B1 room="Vault Terminal" action=forced outcome=allow detail="crew movement"
2025-12-24T23:07:35.309-0800 badge_id=TH-0099 name=Theo department="External Contractor" floor=B1 room="Vault Anteroom" action=forced outcome=allow detail="crew movement"
2025-12-24T23:07:47.422-0800 badge_id=HG-1988 name="Hans Gruber" department="External Contractor" floor=1 room="Parking Garage Entry" action=forced outcome=allow detail="crew movement"
2025-12-24T23:10:39.725-0800 badge_id=KA-2205 name="Karl Vreski" department="External Contractor" floor=roof room="Mechanical Room" action=forced outcome=allow detail="crew movement"
2025-12-24T23:11:09.451-0800 badge_id=HG-1988 name="Hans Gruber" department="External Contractor" floor=1 room=Reception action=forced outcome=allow detail="crew movement"
2025-12-24T23:12:07.973-0800 badge_id=TH-0099 name=Theo department="External Contractor" floor=roof room="Helipad Access" action=forced outcome=allow detail="crew movement"
2025-12-24T23:12:47.983-0800 badge_id=TH-0099 name=Theo department="External Contractor" floor=1 room="Security Office" action=forced outcome=allow detail="crew movement"
2025-12-24T23:14:50.672-0800 badge_id=TH-0099 name=Theo department="External Contractor" floor=30 room="Main Hall" action=forced outcome=allow detail="crew movement"
2025-12-24T23:21:31.145-0800 badge_id=TH-0099 name=Theo department="External Contractor" floor=roof room="Mechanical Room" action=forced outcome=allow detail="crew movement"
2025-12-24T23:22:24.693-0800 badge_id=TH-0099 name=Theo department="External Contractor" floor=roof room="Helipad Access" action=forced outcome=allow detail="crew movement"
2025-12-24T23:22:58.821-0800 badge_id=HG-1988 name="Hans Gruber" department="External Contractor" floor=roof room="Mechanical Room" action=forced outcome=allow detail="crew movement"
2025-12-24T23:24:42.893-0800 badge_id=HG-1988 name="Hans Gruber" department="External Contractor" floor=roof room="Mechanical Room" action=forced outcome=allow detail="crew movement"
2025-12-24T23:24:44.757-0800 badge_id=HG-1988 name="Hans Gruber" department="External Contractor" floor=1 room="Main Entrance" action=forced outcome=allow detail="crew movement"
2025-12-24T23:27:01.700-0800 badge_id=HG-1988 name="Hans Gruber" department="External Contractor" floor=B1 room="Vault Terminal" action=forced outcome=allow detail="crew movement"
2025-12-24T23:29:18.223-0800 badge_id=HG-1988 name="Hans Gruber" department="External Contractor" floor=30 room="Conference Room A" action=forced outcome=allow detail="crew movement"
2025-12-24T23:32:00.203-0800 badge_id=KA-2205 name="Karl Vreski" department="External Contractor" floor=1 room="Main Entrance" action=forced outcome=allow detail="crew movement"
2025-12-24T23:33:00.334-0800 badge_id=KA-2205 name="Karl Vreski" department="External Contractor" floor=1 room="Parking Garage Entry" action=forced outcome=allow detail="crew movement"
2025-12-24T23:35:30.298-0800 badge_id=KA-2205 name="Karl Vreski" department="External Contractor" floor=B1 room="Vault Terminal" action=forced outcome=allow detail="crew movement"
2025-12-24T23:35:45.512-0800 badge_id=TH-0099 name=Theo department="External Contractor" floor=30 room="Conference Room B" action=forced outcome=allow detail="crew movement"
2025-12-24T23:36:24.435-0800 badge_id=TH-0099 name=Theo department="External Contractor" floor=B1 room="Vault Anteroom" action=forced outcome=allow detail="crew movement"
2025-12-24T23:37:36.172-0800 badge_id=KA-2205 name="Karl Vreski" department="External Contractor" floor=30 room="Main Hall" action=forced outcome=allow detail="crew movement"
2025-12-24T23:37:52.116-0800 badge_id=KA-2205 name="Karl Vreski" department="External Contractor" floor=B1 room="Vault Terminal" action=forced outcome=allow detail="crew movement"
2025-12-24T23:38:42.946-0800 badge_id=TH-0099 name=Theo department="External Contractor" floor=B1 room="Vault Anteroom" action=forced outcome=allow detail="crew movement"
2025-12-24T23:39:16.137-0800 badge_id=TH-0099 name=Theo department="External Contractor" floor=roof room="Helipad Access" action=forced outcome=allow detail="crew movement"
2025-12-24T23:40:50.150-0800 badge_id=KA-2205 name="Karl Vreski" department="External Contractor" floor=30 room="Conference Room A" action=forced outcome=allow detail="crew movement"
2025-12-24T23:46:12.764-0800 badge_id=TH-0099 name=Theo department="External Contractor" floor=1 room="Security Office" action=forced outcome=allow detail="crew movement"
2025-12-24T23:47:01.556-0800 badge_id=TH-0099 name=Theo department="External Contractor" floor=30 room="Corner Office" action=forced outcome=allow detail="crew movement"
2025-12-24T23:47:51.080-0800 badge_id=KA-2205 name="Karl Vreski" department="External Contractor" floor=1 room="Security Office" action=forced outcome=allow detail="crew movement"
2025-12-24T23:48:52.135-0800 badge_id=TH-0099 name=Theo department="External Contractor" floor=roof room="Helipad Access" action=forced outcome=allow detail="crew movement"
2025-12-24T23:52:36.853-0800 badge_id=KA-2205 name="Karl Vreski" department="External Contractor" floor=30 room="Conference Room B" action=forced outcome=allow detail="crew movement"
2025-12-24T23:52:51.481-0800 badge_id=HG-1988 name="Hans Gruber" department="External Contractor" floor=B1 room="Vault Terminal" action=forced outcome=allow detail="crew movement"
2025-12-24T23:53:46.325-0800 badge_id=KA-2205 name="Karl Vreski" department="External Contractor" floor=30 room="Corner Office" action=forced outcome=allow detail="crew movement"
2025-12-24T23:53:51.967-0800 badge_id=KA-2205 name="Karl Vreski" department="External Contractor" floor=1 room=Reception action=forced outcome=allow detail="crew movement"
2025-12-24T23:55:24.238-0800 badge_id=TH-0099 name=Theo department="External Contractor" floor=roof room="Helipad Access" action=forced outcome=allow detail="crew movement"
2025-12-24T23:56:31.129-0800 badge_id=TH-0099 name=Theo department="External Contractor" floor=roof room="Mechanical Room" action=forced outcome=allow detail="crew movement"
2025-12-24T23:58:05.040-0800 badge_id=TH-0099 name=Theo department="External Contractor" floor=roof room="Mechanical Room" action=forced outcome=allow detail="crew movement"
2025-12-24T23:59:37.148-0800 badge_id=HG-1988 name="Hans Gruber" department="External Contractor" floor=30 room="Conference Room B" action=forced outcome=allow detail="crew movement"
